03:05:15.730 [main] DEBUG org.springframework.test.annotation.ProfileValueUtils - Retrieved @ProfileValueSourceConfiguration [null] for test class [com.example.demo.SareetaApplicationTests]
03:05:15.731 [main] DEBUG org.springframework.test.annotation.ProfileValueUtils - Retrieved ProfileValueSource type [class org.springframework.test.annotation.SystemProfileValueSource] for class [com.example.demo.SareetaApplicationTests]
[INFO] Running com.example.demo.controllers.CartControllerTest
03:05:17.023 [main] ERROR com.example.demo.controllers.UserController - Error! Item could not be added due to user being null.
03:05:17.069 [main] INFO com.example.demo.controllers.UserController - Success! Successfully added itemTest to the cart.
03:05:17.076 [main] ERROR com.example.demo.controllers.UserController - Error! Item could not be added due to user being null.
03:05:17.078 [main] INFO com.example.demo.controllers.UserController - Success! Successfully removed itemTest1 from the cart
[INFO] Tests run: 4, Failures: 0, Errors: 0, Skipped: 0, Time elapsed: 1.203 s - in com.example.demo.controllers.CartControllerTest
[INFO] Running com.example.demo.controllers.ItemControllerTest
[INFO] Tests run: 5, Failures: 0, Errors: 0, Skipped: 0, Time elapsed: 0.001 s - in com.example.demo.controllers.ItemControllerTest
[INFO] Running com.example.demo.controllers.OrderControllerTest
03:05:17.271 [main] INFO com.example.demo.controllers.OrderController - Success! Order was submitted for u.
03:05:17.275 [main] ERROR com.example.demo.controllers.OrderController - Error! Could not find negOrder. Order unsuccessful.
03:05:17.279 [main] ERROR com.example.demo.controllers.OrderController - Error! Could not find negUser. Order unsuccessful
[INFO] Tests run: 4, Failures: 0, Errors: 0, Skipped: 0, Time elapsed: 0.065 s - in com.example.demo.controllers.OrderControllerTest
[INFO] Running com.example.demo.controllers.UserControllerTest
03:05:17.359 [main] INFO com.example.demo.controllers.UserController - User name set with 
[INFO] Tests run: 5, Failures: 0, Errors: 0, Skipped: 0, Time elapsed: 0.075 s - in com.example.demo.controllers.UserControllerTest
03:05:17.378 [main] DEBUG org.springframework.test.annotation.ProfileValueUtils - Retrieved @ProfileValueSourceConfiguration [null] for test class [com.example.demo.SareetaApplicationTests]
03:05:17.379 [main] DEBUG org.springframework.test.annotation.ProfileValueUtils - Retrieved ProfileValueSource type [class org.springframework.test.annotation.SystemProfileValueSource] for class [com.example.demo.SareetaApplicationTests]
[INFO] Running com.example.demo.SareetaApplicationTests
03:05:17.380 [main] DEBUG org.springframework.test.annotation.ProfileValueUtils - Retrieved @ProfileValueSourceConfiguration [null] for test class [com.example.demo.SareetaApplicationTests]
03:05:17.383 [main] DEBUG org.springframework.test.annotation.ProfileValueUtils - Retrieved ProfileValueSource type [class org.springframework.test.annotation.SystemProfileValueSource] for class [com.example.demo.SareetaApplicationTests]
03:05:17.384 [main] DEBUG org.springframework.test.annotation.ProfileValueUtils - Retrieved @ProfileValueSourceConfiguration [null] for test class [com.example.demo.SareetaApplicationTests]
03:05:17.384 [main] DEBUG org.springframework.test.annotation.ProfileValueUtils - Retrieved ProfileValueSource type [class org.springframework.test.annotation.SystemProfileValueSource] for class [com.example.demo.SareetaApplicationTests]
03:05:17.396 [main] DEBUG org.springframework.test.context.support.AbstractDirtiesContextTestExecutionListener - Before test class: context [DefaultTestContext@70e0accd testClass = SareetaApplicationTests, testInstance = [null], testMethod = [null], testException = [null], mergedContextConfiguration = [WebMergedContextConfiguration@7957dc72 testClass = SareetaApplicationTests, locations = '{}', classes = '{class com.example.demo.SareetaApplication}', contextInitializerClasses = '[]', activeProfiles = '{}', propertySourceLocations = '{}', propertySourceProperties = '{org.springframework.boot.test.context.SpringBootTestContextBootstrapper=true}', contextCustomizers = set[org.springframework.boot.test.context.filter.ExcludeFilterContextCustomizer@7ff95560, org.springframework.boot.test.json.DuplicateJsonObjectContextCustomizerFactory$DuplicateJsonObjectContextCustomizer@7ea37dbf, org.springframework.boot.test.mock.mockito.MockitoContextCustomizer@0, org.springframework.boot.test.web.client.TestRestTemplateContextCustomizer@75f32542, org.springframework.boot.test.autoconfigure.properties.PropertyMappingContextCustomizer@0, org.springframework.boot.test.autoconfigure.web.servlet.WebDriverContextCustomizerFactory$Customizer@2928854b, org.springframework.boot.test.context.SpringBootTestArgs@1], resourceBasePath = 'src/main/webapp', contextLoader = 'org.springframework.boot.test.context.SpringBootContextLoader', parent = [null]], attributes = map['org.springframework.test.context.web.ServletTestExecutionListener.activateListener' -> true]], class annotated with @DirtiesContext [false] with mode [null].
03:05:17.401 [main] DEBUG org.springframework.test.annotation.ProfileValueUtils - Retrieved @ProfileValueSourceConfiguration [null] for test class [com.example.demo.SareetaApplicationTests]
03:05:17.402 [main] DEBUG org.springframework.test.annotation.ProfileValueUtils - Retrieved ProfileValueSource type [class org.springframework.test.annotation.SystemProfileValueSource] for class [com.example.demo.SareetaApplicationTests]
03:05:17.444 [main] DEBUG org.springframework.test.context.support.TestPropertySourceUtils - Adding inlined properties to environment: {spring.jmx.enabled=false, org.springframework.boot.test.context.SpringBootTestContextBootstrapper=true}

  .   ____          _            __ _ _
 /\\ / ___'_ __ _ _(_)_ __  __ _ \ \ \ \
( ( )\___ | '_ | '_| | '_ \/ _` | \ \ \ \
 \\/  ___)| |_)| | | | | || (_| |  ) ) ) )
  '  |____| .__|_| |_|_| |_\__, | / / / /
 =========|_|==============|___/=/_/_/_/
 :: Spring Boot ::        (v2.3.2.RELEASE)

2021-05-26 03:05:17.948  INFO 1747 --- [           main] c.example.demo.SareetaApplicationTests   : Starting SareetaApplicationTests on ce14d6e17551 with PID 1747 (started by root in /var/jenkins_home/workspace/eCommerce-Application)
2021-05-26 03:05:17.950  INFO 1747 --- [           main] c.example.demo.SareetaApplicationTests   : No active profile set, falling back to default profiles: default
2021-05-26 03:05:19.346  INFO 1747 --- [           main] .s.d.r.c.RepositoryConfigurationDelegate : Bootstrapping Spring Data JPA repositories in DEFAULT mode.
2021-05-26 03:05:19.478  INFO 1747 --- [           main] .s.d.r.c.RepositoryConfigurationDelegate : Finished Spring Data repository scanning in 113ms. Found 4 JPA repository interfaces.
2021-05-26 03:05:21.459  INFO 1747 --- [           main] o.hibernate.jpa.internal.util.LogHelper  : HHH000204: Processing PersistenceUnitInfo [name: default]
2021-05-26 03:05:21.601  INFO 1747 --- [           main] org.hibernate.Version                    : HHH000412: Hibernate ORM core version 5.4.18.Final
2021-05-26 03:05:21.722  INFO 1747 --- [           main] o.hibernate.annotations.common.Version   : HCANN000001: Hibernate Commons Annotations {5.1.0.Final}
2021-05-26 03:05:21.997  INFO 1747 --- [           main] com.zaxxer.hikari.HikariDataSource       : HikariPool-1 - Starting...
2021-05-26 03:05:22.462  INFO 1747 --- [           main] com.zaxxer.hikari.HikariDataSource       : HikariPool-1 - Start completed.
2021-05-26 03:05:22.519  INFO 1747 --- [           main] org.hibernate.dialect.Dialect            : HHH000400: Using dialect: org.hibernate.dialect.H2Dialect
2021-05-26 03:05:23.964  INFO 1747 --- [           main] o.h.e.t.j.p.i.JtaPlatformInitiator       : HHH000490: Using JtaPlatform implementation: [org.hibernate.engine.transaction.jta.platform.internal.NoJtaPlatform]
2021-05-26 03:05:23.979  INFO 1747 --- [           main] j.LocalContainerEntityManagerFactoryBean : Initialized JPA EntityManagerFactory for persistence unit 'default'
2021-05-26 03:05:25.261  WARN 1747 --- [           main] JpaBaseConfiguration$JpaWebConfiguration : spring.jpa.open-in-view is enabled by default. Therefore, database queries may be performed during view rendering. Explicitly configure spring.jpa.open-in-view to disable this warning
2021-05-26 03:05:27.114  INFO 1747 --- [           main] o.s.s.web.DefaultSecurityFilterChain     : Creating filter chain: any request, [org.springframework.security.web.context.request.async.WebAsyncManagerIntegrationFilter@5de335cf, org.springframework.security.web.context.SecurityContextPersistenceFilter@4eac65db, org.springframework.security.web.header.HeaderWriterFilter@459d2ee6, org.springframework.web.filter.CorsFilter@1e029a04, org.springframework.security.web.authentication.logout.LogoutFilter@23d0944b, com.example.demo.security.JWTAuthenticationFilter@50e8ed74, com.example.demo.security.JWTAuthenticationVerficationFilter@74eab077, org.springframework.security.web.savedrequest.RequestCacheAwareFilter@7884f722, org.springframework.security.web.servletapi.SecurityContextHolderAwareRequestFilter@1b28cff, org.springframework.security.web.authentication.AnonymousAuthenticationFilter@3063be68, org.springframework.security.web.session.SessionManagementFilter@60e47aab, org.springframework.security.web.access.ExceptionTranslationFilter@4e9e0c6, org.springframework.security.web.access.intercept.FilterSecurityInterceptor@7c5ac0]
2021-05-26 03:05:27.567  INFO 1747 --- [           main] o.s.s.concurrent.ThreadPoolTaskExecutor  : Initializing ExecutorService 'applicationTaskExecutor'
2021-05-26 03:05:28.199  INFO 1747 --- [           main] c.example.demo.SareetaApplicationTests   : Started SareetaApplicationTests in 10.725 seconds (JVM running for 14.772)
[INFO] Tests run: 1, Failures: 0, Errors: 0, Skipped: 0, Time elapsed: 10.892 s - in com.example.demo.SareetaApplicationTests
2021-05-26 03:05:28.315  INFO 1747 --- [extShutdownHook] o.s.s.concurrent.ThreadPoolTaskExecutor  : Shutting down ExecutorService 'applicationTaskExecutor'
2021-05-26 03:05:28.322  INFO 1747 --- [extShutdownHook] j.LocalContainerEntityManagerFactoryBean : Closing JPA EntityManagerFactory for persistence unit 'default'
2021-05-26 03:05:28.329  INFO 1747 --- [extShutdownHook] com.zaxxer.hikari.HikariDataSource       : HikariPool-1 - Shutdown initiated...
2021-05-26 03:05:28.337  INFO 1747 --- [extShutdownHook] com.zaxxer.hikari.HikariDataSource       : HikariPool-1 - Shutdown completed.
[INFO] 
[INFO] Results:
[INFO] 
[INFO] Tests run: 19, Failures: 0, Errors: 0, Skipped: 0
[INFO] 
[INFO] 
[INFO] --- maven-jar-plugin:3.1.1:jar (default-jar) @ auth-course ---
Downloading from central: https://repo.maven.apache.org/maven2/org/apache/maven/maven-archiver/3.3.0/maven-archiver-3.3.0.pom
Progress (1): 2.7/4.4 kB
Progress (1): 4.4 kB    
                    
Downloaded from central: https://repo.maven.apache.org/maven2/org/apache/maven/maven-archiver/3.3.0/maven-archiver-3.3.0.pom (4.4 kB at 7.6 kB/s)
Downloading from central: https://repo.maven.apache.org/maven2/org/apache/maven/shared/maven-shared-components/33/maven-shared-components-33.pom
Progress (1): 2.7/5.1 kB
Progress (1): 5.1 kB    
                    
Downloaded from central: https://repo.maven.apache.org/maven2/org/apache/maven/shared/maven-shared-components/33/maven-shared-components-33.pom (5.1 kB at 189 kB/s)
Downloading from central: https://repo.maven.apache.org/maven2/org/codehaus/plexus/plexus-archiver/3.6.0/plexus-archiver-3.6.0.pom
Progress (1): 2.7/4.8 kB
Progress (1): 4.8 kB    
                    
Downloaded from central: https://repo.maven.apache.org/maven2/org/codehaus/plexus/plexus-archiver/3.6.0/plexus-archiver-3.6.0.pom (4.8 kB at 241 kB/s)
Downloading from central: https://repo.maven.apache.org/maven2/org/codehaus/plexus/plexus/5.0/plexus-5.0.pom
Progress (1): 2.7/21 kB
Progress (1): 5.5/21 kB
Progress (1): 8.2/21 kB
Progress (1): 11/21 kB 
Progress (1): 14/21 kB
Progress (1): 16/21 kB
Progress (1): 19/21 kB
Progress (1): 21 kB   
                   
Downloaded from central: https://repo.maven.apache.org/maven2/org/codehaus/plexus/plexus/5.0/plexus-5.0.pom (21 kB at 485 kB/s)
Downloading from central: https://repo.maven.apache.org/maven2/org/codehaus/plexus/plexus-io/3.0.1/plexus-io-3.0.1.pom
Progress (1): 2.7/4.5 kB
Progress (1): 4.5 kB    
                    
Downloaded from central: https://repo.maven.apache.org/maven2/org/codehaus/plexus/plexus-io/3.0.1/plexus-io-3.0.1.pom (4.5 kB at 239 kB/s)
Downloading from central: https://repo.maven.apache.org/maven2/commons-io/commons-io/2.6/commons-io-2.6.pom
Progress (1): 2.7/14 kB
Progress (1): 5.5/14 kB
Progress (1): 8.2/14 kB
Progress (1): 11/14 kB 
Progress (1): 14/14 kB
Progress (1): 14 kB   
                   
Downloaded from central: https://repo.maven.apache.org/maven2/commons-io/commons-io/2.6/commons-io-2.6.pom (14 kB at 492 kB/s)
Downloading from central: https://repo.maven.apache.org/maven2/org/apache/commons/commons-parent/42/commons-parent-42.pom
Progress (1): 2.7/68 kB
Progress (1): 5.5/68 kB
Progress (1): 8.2/68 kB
Progress (1): 11/68 kB 
Progress (1): 14/68 kB
Progress (1): 16/68 kB
Progress (1): 19/68 kB
Progress (1): 22/68 kB
Progress (1): 25/68 kB
Progress (1): 27/68 kB
Progress (1): 30/68 kB
Progress (1): 33/68 kB
Progress (1): 36/68 kB
Progress (1): 38/68 kB
Progress (1): 41/68 kB
Progress (1): 44/68 kB
Progress (1): 47/68 kB
Progress (1): 49/68 kB
Progress (1): 52/68 kB
Progress (1): 55/68 kB
Progress (1): 58/68 kB
Progress (1): 60/68 kB
Progress (1): 63/68 kB
Progress (1): 66/68 kB
Progress (1): 68 kB   
                   
Downloaded from central: https://repo.maven.apache.org/maven2/org/apache/commons/commons-parent/42/commons-parent-42.pom (68 kB at 1.1 MB/s)
Downloading from central: https://repo.maven.apache.org/maven2/org/apache/commons/commons-compress/1.16.1/commons-compress-1.16.1.pom
Progress (1): 2.7/16 kB
Progress (1): 5.5/16 kB
Progress (1): 8.2/16 kB
Progress (1): 11/16 kB 
Progress (1): 14/16 kB
Progress (1): 16 kB   
                   
Downloaded from central: https://repo.maven.apache.org/maven2/org/apache/commons/commons-compress/1.16.1/commons-compress-1.16.1.pom (16 kB at 625 kB/s)
Downloading from central: https://repo.maven.apache.org/maven2/org/apache/commons/commons-parent/43/commons-parent-43.pom
Progress (1): 2.7/70 kB
Progress (1): 5.5/70 kB
Progress (1): 8.2/70 kB
Progress (1): 11/70 kB 
Progress (1): 14/70 kB
Progress (1): 16/70 kB
Progress (1): 19/70 kB
Progress (1): 22/70 kB
Progress (1): 25/70 kB
Progress (1): 27/70 kB
Progress (1): 30/70 kB
Progress (1): 33/70 kB
Progress (1): 36/70 kB
Progress (1): 38/70 kB
Progress (1): 41/70 kB
Progress (1): 44/70 kB
Progress (1): 47/70 kB
Progress (1): 49/70 kB
Progress (1): 52/70 kB
Progress (1): 55/70 kB
Progress (1): 58/70 kB
Progress (1): 60/70 kB
Progress (1): 63/70 kB
Progress (1): 66/70 kB
Progress (1): 69/70 kB
Progress (1): 70 kB   
                   
Downloaded from central: https://repo.maven.apache.org/maven2/org/apache/commons/commons-parent/43/commons-parent-43.pom (70 kB at 876 kB/s)
Downloading from central: https://repo.maven.apache.org/maven2/org/iq80/snappy/snappy/0.4/snappy-0.4.pom
Progress (1): 4.1/15 kB
Progress (1): 8.2/15 kB
Progress (1): 12/15 kB 
Progress (1): 15 kB   
                   
Downloaded from central: https://repo.maven.apache.org/maven2/org/iq80/snappy/snappy/0.4/snappy-0.4.pom (15 kB at 661 kB/s)
Downloading from central: https://repo.maven.apache.org/maven2/org/tukaani/xz/1.8/xz-1.8.pom
Progress (1): 1.9 kB
                    
Downloaded from central: https://repo.maven.apache.org/maven2/org/tukaani/xz/1.8/xz-1.8.pom (1.9 kB at 87 kB/s)
Downloading from central: https://repo.maven.apache.org/maven2/org/codehaus/plexus/plexus-interpolation/1.25/plexus-interpolation-1.25.pom
Progress (1): 2.6 kB
                    
Downloaded from central: https://repo.maven.apache.org/maven2/org/codehaus/plexus/plexus-interpolation/1.25/plexus-interpolation-1.25.pom (2.6 kB at 294 kB/s)
Downloading from central: https://repo.maven.apache.org/maven2/org/codehaus/plexus/plexus/5.1/plexus-5.1.pom
Progress (1): 4.1/23 kB
Progress (1): 8.2/23 kB
Progress (1): 12/23 kB 
Progress (1): 16/23 kB
Progress (1): 20/23 kB
Progress (1): 23 kB   
                   
Downloaded from central: https://repo.maven.apache.org/maven2/org/codehaus/plexus/plexus/5.1/plexus-5.1.pom (23 kB at 1.1 MB/s)
Downloading from central: https://repo.maven.apache.org/maven2/org/codehaus/plexus/plexus-archiver/3.7.0/plexus-archiver-3.7.0.pom
Progress (1): 4.1/4.8 kB
Progress (1): 4.8 kB    
                    
Downloaded from central: https://repo.maven.apache.org/maven2/org/codehaus/plexus/plexus-archiver/3.7.0/plexus-archiver-3.7.0.pom (4.8 kB at 372 kB/s)
Downloading from central: https://repo.maven.apache.org/maven2/org/codehaus/plexus/plexus-io/3.1.0/plexus-io-3.1.0.pom
Progress (1): 4.1/4.5 kB
Progress (1): 4.5 kB    
                    
Downloaded from central: https://repo.maven.apache.org/maven2/org/codehaus/plexus/plexus-io/3.1.0/plexus-io-3.1.0.pom (4.5 kB at 455 kB/s)
Downloading from central: https://repo.maven.apache.org/maven2/org/apache/commons/commons-compress/1.18/commons-compress-1.18.pom
Progress (1): 4.1/18 kB
Progress (1): 8.2/18 kB
Progress (1): 12/18 kB 
Progress (1): 16/18 kB
Progress (1): 18 kB   
                   
Downloaded from central: https://repo.maven.apache.org/maven2/org/apache/commons/commons-compress/1.18/commons-compress-1.18.pom (18 kB at 729 kB/s)
Downloading from central: https://repo.maven.apache.org/maven2/org/apache/commons/commons-parent/47/commons-parent-47.pom
Progress (1): 4.1/78 kB
Progress (1): 8.2/78 kB
Progress (1): 12/78 kB 
Progress (1): 16/78 kB
Progress (1): 20/78 kB
Progress (1): 25/78 kB
Progress (1): 29/78 kB
Progress (1): 33/78 kB
Progress (1): 37/78 kB
Progress (1): 41/78 kB
Progress (1): 45/78 kB
Progress (1): 49/78 kB
Progress (1): 53/78 kB
Progress (1): 57/78 kB
Progress (1): 61/78 kB
Progress (1): 66/78 kB
Progress (1): 70/78 kB
Progress (1): 74/78 kB
Progress (1): 78 kB   
                   
Downloaded from central: https://repo.maven.apache.org/maven2/org/apache/commons/commons-parent/47/commons-parent-47.pom (78 kB at 1.7 MB/s)
Downloading from central: https://repo.maven.apache.org/maven2/org/apache/maven/maven-archiver/3.3.0/maven-archiver-3.3.0.jar
Downloading from central: https://repo.maven.apache.org/maven2/org/codehaus/plexus/plexus-archiver/3.7.0/plexus-archiver-3.7.0.jar
Downloading from central: https://repo.maven.apache.org/maven2/org/codehaus/plexus/plexus-io/3.1.0/plexus-io-3.1.0.jar
Downloading from central: https://repo.maven.apache.org/maven2/org/apache/commons/commons-compress/1.18/commons-compress-1.18.jar
Downloading from central: https://repo.maven.apache.org/maven2/org/iq80/snappy/snappy/0.4/snappy-0.4.jar
Progress (1): 4.1/24 kB
Progress (1): 8.2/24 kB
Progress (1): 12/24 kB 
Progress (1): 16/24 kB
Progress (1): 20/24 kB
Progress (1): 24 kB   
                   
Downloaded from central: https://repo.maven.apache.org/maven2/org/apache/maven/maven-archiver/3.3.0/maven-archiver-3.3.0.jar (24 kB at 336 kB/s)
Progress (1): 2.7/75 kB
Progress (1): 5.5/75 kB
Progress (1): 8.2/75 kB
Progress (2): 8.2/75 kB | 2.7/192 kB
Progress (2): 8.2/75 kB | 5.5/192 kB
Progress (2): 8.2/75 kB | 8.2/192 kB
Progress (2): 8.2/75 kB | 11/192 kB 
Progress (3): 8.2/75 kB | 11/192 kB | 2.7/592 kB
                                                
Downloading from central: https://repo.maven.apache.org/maven2/org/tukaani/xz/1.8/xz-1.8.jar
Progress (3): 8.2/75 kB | 11/192 kB | 5.5/592 kB
Progress (3): 8.2/75 kB | 11/192 kB | 8.2/592 kB
Progress (3): 8.2/75 kB | 11/192 kB | 11/592 kB 
Progress (4): 8.2/75 kB | 11/192 kB | 11/592 kB | 2.7/58 kB
Progress (4): 8.2/75 kB | 11/192 kB | 11/592 kB | 5.5/58 kB
Progress (4): 11/75 kB | 11/192 kB | 11/592 kB | 5.5/58 kB 
Progress (4): 14/75 kB | 11/192 kB | 11/592 kB | 5.5/58 kB
Progress (4): 16/75 kB | 11/192 kB | 11/592 kB | 5.5/58 kB
Progress (4): 19/75 kB | 11/192 kB | 11/592 kB | 5.5/58 kB
Progress (4): 22/75 kB | 11/192 kB | 11/592 kB | 5.5/58 kB
Progress (4): 25/75 kB | 11/192 kB | 11/592 kB | 5.5/58 kB
Progress (4): 27/75 kB | 11/192 kB | 11/592 kB | 5.5/58 kB
Progress (4): 27/75 kB | 11/192 kB | 11/592 kB | 8.2/58 kB
Progress (4): 27/75 kB | 11/192 kB | 11/592 kB | 11/58 kB 
Progress (4): 27/75 kB | 11/192 kB | 11/592 kB | 14/58 kB
Progress (5): 27/75 kB | 11/192 kB | 11/592 kB | 14/58 kB | 4.1/109 kB
Progress (5): 27/75 kB | 14/192 kB | 11/592 kB | 14/58 kB | 4.1/109 kB
Progress (5): 27/75 kB | 16/192 kB | 11/592 kB | 14/58 kB | 4.1/109 kB
Progress (5): 27/75 kB | 19/192 kB | 11/592 kB | 14/58 kB | 4.1/109 kB
Progress (5): 27/75 kB | 22/192 kB | 11/592 kB | 14/58 kB | 4.1/109 kB
Progress (5): 27/75 kB | 25/192 kB | 11/592 kB | 14/58 kB | 4.1/109 kB
Progress (5): 30/75 kB | 25/192 kB | 11/592 kB | 14/58 kB | 4.1/109 kB
Progress (5): 30/75 kB | 25/192 kB | 14/592 kB | 14/58 kB | 4.1/109 kB
Progress (5): 30/75 kB | 25/192 kB | 16/592 kB | 14/58 kB | 4.1/109 kB
Progress (5): 30/75 kB | 25/192 kB | 19/592 kB | 14/58 kB | 4.1/109 kB
Progress (5): 30/75 kB | 25/192 kB | 22/592 kB | 14/58 kB | 4.1/109 kB
Progress (5): 30/75 kB | 25/192 kB | 25/592 kB | 14/58 kB | 4.1/109 kB
Progress (5): 30/75 kB | 27/192 kB | 25/592 kB | 14/58 kB | 4.1/109 kB
Progress (5): 30/75 kB | 27/192 kB | 25/592 kB | 16/58 kB | 4.1/109 kB
Progress (5): 30/75 kB | 27/192 kB | 25/592 kB | 16/58 kB | 8.2/109 kB
Progress (5): 30/75 kB | 27/192 kB | 25/592 kB | 16/58 kB | 12/109 kB 
Progress (5): 30/75 kB | 27/192 kB | 25/592 kB | 16/58 kB | 16/109 kB
Progress (5): 30/75 kB | 27/192 kB | 25/592 kB | 19/58 kB | 16/109 kB
Progress (5): 30/75 kB | 27/192 kB | 25/592 kB | 22/58 kB | 16/109 kB
Progress (5): 30/75 kB | 27/192 kB | 25/592 kB | 25/58 kB | 16/109 kB
Progress (5): 33/75 kB | 27/192 kB | 25/592 kB | 25/58 kB | 16/109 kB
Progress (5): 36/75 kB | 27/192 kB | 25/592 kB | 25/58 kB | 16/109 kB
Progress (5): 38/75 kB | 27/192 kB | 25/592 kB | 25/58 kB | 16/109 kB
Progress (5): 41/75 kB | 27/192 kB | 25/592 kB | 25/58 kB | 16/109 kB
Progress (5): 41/75 kB | 27/192 kB | 27/592 kB | 25/58 kB | 16/109 kB
Progress (5): 41/75 kB | 30/192 kB | 27/592 kB | 25/58 kB | 16/109 kB
Progress (5): 41/75 kB | 33/192 kB | 27/592 kB | 25/58 kB | 16/109 kB
Progress (5): 41/75 kB | 36/192 kB | 27/592 kB | 25/58 kB | 16/109 kB
Progress (5): 41/75 kB | 36/192 kB | 27/592 kB | 25/58 kB | 20/109 kB
Progress (5): 41/75 kB | 36/192 kB | 27/592 kB | 25/58 kB | 25/109 kB
Progress (5): 41/75 kB | 36/192 kB | 27/592 kB | 25/58 kB | 29/109 kB
Progress (5): 41/75 kB | 36/192 kB | 27/592 kB | 25/58 kB | 33/109 kB
Progress (5): 41/75 kB | 36/192 kB | 27/592 kB | 25/58 kB | 37/109 kB
Progress (5): 41/75 kB | 36/192 kB | 27/592 kB | 25/58 kB | 41/109 kB
Progress (5): 41/75 kB | 36/192 kB | 27/592 kB | 25/58 kB | 45/109 kB
Progress (5): 41/75 kB | 36/192 kB | 27/592 kB | 25/58 kB | 49/109 kB
Progress (5): 41/75 kB | 36/192 kB | 30/592 kB | 25/58 kB | 49/109 kB
Progress (5): 41/75 kB | 36/192 kB | 33/592 kB | 25/58 kB | 49/109 kB
Progress (5): 41/75 kB | 36/192 kB | 36/592 kB | 25/58 kB | 49/109 kB
Progress (5): 41/75 kB | 36/192 kB | 36/592 kB | 27/58 kB | 49/109 kB
Progress (5): 41/75 kB | 36/192 kB | 36/592 kB | 30/58 kB | 49/109 kB
Progress (5): 41/75 kB | 36/192 kB | 36/592 kB | 33/58 kB | 49/109 kB
Progress (5): 41/75 kB | 36/192 kB | 36/592 kB | 36/58 kB | 49/109 kB
Progress (5): 41/75 kB | 36/192 kB | 36/592 kB | 38/58 kB | 49/109 kB
Progress (5): 41/75 kB | 36/192 kB | 36/592 kB | 41/58 kB | 49/109 kB
Progress (5): 41/75 kB | 36/192 kB | 36/592 kB | 44/58 kB | 49/109 kB
Progress (5): 41/75 kB | 36/192 kB | 36/592 kB | 47/58 kB | 49/109 kB
Progress (5): 44/75 kB | 36/192 kB | 36/592 kB | 47/58 kB | 49/109 kB
Progress (5): 44/75 kB | 38/192 kB | 36/592 kB | 47/58 kB | 49/109 kB
Progress (5): 44/75 kB | 41/192 kB | 36/592 kB | 47/58 kB | 49/109 kB
Progress (5): 44/75 kB | 44/192 kB | 36/592 kB | 47/58 kB | 49/109 kB
Progress (5): 44/75 kB | 47/192 kB | 36/592 kB | 47/58 kB | 49/109 kB
Progress (5): 44/75 kB | 49/192 kB | 36/592 kB | 47/58 kB | 49/109 kB
Progress (5): 47/75 kB | 49/192 kB | 36/592 kB | 47/58 kB | 49/109 kB
Progress (5): 49/75 kB | 49/192 kB | 36/592 kB | 47/58 kB | 49/109 kB
Progress (5): 52/75 kB | 49/192 kB | 36/592 kB | 47/58 kB | 49/109 kB
Progress (5): 52/75 kB | 49/192 kB | 38/592 kB | 47/58 kB | 49/109 kB
Progress (5): 52/75 kB | 49/192 kB | 41/592 kB | 47/58 kB | 49/109 kB
Progress (5): 52/75 kB | 49/192 kB | 44/592 kB | 47/58 kB | 49/109 kB
Progress (5): 52/75 kB | 49/192 kB | 47/592 kB | 47/58 kB | 49/109 kB
Progress (5): 52/75 kB | 52/192 kB | 47/592 kB | 47/58 kB | 49/109 kB
Progress (5): 52/75 kB | 55/192 kB | 47/592 kB | 47/58 kB | 49/109 kB
Progress (5): 52/75 kB | 58/192 kB | 47/592 kB | 47/58 kB | 49/109 kB
Progress (5): 52/75 kB | 58/192 kB | 47/592 kB | 47/58 kB | 53/109 kB
Progress (5): 52/75 kB | 58/192 kB | 47/592 kB | 47/58 kB | 57/109 kB
Progress (5): 52/75 kB | 58/192 kB | 47/592 kB | 47/58 kB | 61/109 kB
Progress (5): 52/75 kB | 58/192 kB | 47/592 kB | 47/58 kB | 66/109 kB
Progress (5): 52/75 kB | 58/192 kB | 47/592 kB | 47/58 kB | 70/109 kB
Progress (5): 52/75 kB | 58/192 kB | 47/592 kB | 47/58 kB | 74/109 kB
Progress (5): 52/75 kB | 58/192 kB | 47/592 kB | 47/58 kB | 78/109 kB
Progress (5): 52/75 kB | 58/192 kB | 47/592 kB | 47/58 kB | 82/109 kB
Progress (5): 52/75 kB | 58/192 kB | 47/592 kB | 49/58 kB | 82/109 kB
Progress (5): 52/75 kB | 58/192 kB | 47/592 kB | 52/58 kB | 82/109 kB
Progress (5): 52/75 kB | 58/192 kB | 47/592 kB | 55/58 kB | 82/109 kB
Progress (5): 52/75 kB | 58/192 kB | 49/592 kB | 55/58 kB | 82/109 kB
Progress (5): 52/75 kB | 58/192 kB | 52/592 kB | 55/58 kB | 82/109 kB
Progress (5): 55/75 kB | 58/192 kB | 52/592 kB | 55/58 kB | 82/109 kB
Progress (5): 58/75 kB | 58/192 kB | 52/592 kB | 55/58 kB | 82/109 kB
Progress (5): 60/75 kB | 58/192 kB | 52/592 kB | 55/58 kB | 82/109 kB
Progress (5): 63/75 kB | 58/192 kB | 52/592 kB | 55/58 kB | 82/109 kB
Progress (5): 66/75 kB | 58/192 kB | 52/592 kB | 55/58 kB | 82/109 kB
Progress (5): 66/75 kB | 60/192 kB | 52/592 kB | 55/58 kB | 82/109 kB
Progress (5): 66/75 kB | 63/192 kB | 52/592 kB | 55/58 kB | 82/109 kB
Progress (5): 66/75 kB | 66/192 kB | 52/592 kB | 55/58 kB | 82/109 kB
Progress (5): 66/75 kB | 69/192 kB | 52/592 kB | 55/58 kB | 82/109 kB
Progress (5): 66/75 kB | 71/192 kB | 52/592 kB | 55/58 kB | 82/109 kB
Progress (5): 66/75 kB | 71/192 kB | 52/592 kB | 58/58 kB | 82/109 kB
Progress (5): 66/75 kB | 71/192 kB | 52/592 kB | 58 kB | 82/109 kB   
Progress (5): 66/75 kB | 71/192 kB | 55/592 kB | 58 kB | 82/109 kB
Progress (5): 66/75 kB | 71/192 kB | 58/592 kB | 58 kB | 82/109 kB
Progress (5): 66/75 kB | 71/192 kB | 60/592 kB | 58 kB | 82/109 kB
Progress (5): 66/75 kB | 71/192 kB | 63/592 kB | 58 kB | 82/109 kB
Progress (5): 66/75 kB | 71/192 kB | 66/592 kB | 58 kB | 82/109 kB
Progress (5): 66/75 kB | 74/192 kB | 66/592 kB | 58 kB | 82/109 kB
Progress (5): 66/75 kB | 77/192 kB | 66/592 kB | 58 kB | 82/109 kB
Progress (5): 66/75 kB | 77/192 kB | 66/592 kB | 58 kB | 86/109 kB
Progress (5): 69/75 kB | 77/192 kB | 66/592 kB | 58 kB | 86/109 kB
Progress (5): 71/75 kB | 77/192 kB | 66/592 kB | 58 kB | 86/109 kB
Progress (5): 74/75 kB | 77/192 kB | 66/592 kB | 58 kB | 86/109 kB
Progress (5): 75 kB | 77/192 kB | 66/592 kB | 58 kB | 86/109 kB   
Progress (5): 75 kB | 77/192 kB | 69/592 kB | 58 kB | 86/109 kB
Progress (5): 75 kB | 77/192 kB | 71/592 kB | 58 kB | 86/109 kB
Progress (5): 75 kB | 77/192 kB | 74/592 kB | 58 kB | 86/109 kB
                                                               
Downloaded from central: https://repo.maven.apache.org/maven2/org/iq80/snappy/snappy/0.4/snappy-0.4.jar (58 kB at 267 kB/s)
Downloaded from central: https://repo.maven.apache.org/maven2/org/codehaus/plexus/plexus-io/3.1.0/plexus-io-3.1.0.jar (75 kB at 339 kB/s)
Progress (3): 80/192 kB | 74/592 kB | 86/109 kB
Progress (3): 80/192 kB | 74/592 kB | 90/109 kB
Progress (3): 80/192 kB | 74/592 kB | 94/109 kB
Progress (3): 80/192 kB | 74/592 kB | 98/109 kB
Progress (3): 82/192 kB | 74/592 kB | 98/109 kB
Progress (3): 85/192 kB | 74/592 kB | 98/109 kB
Progress (3): 88/192 kB | 74/592 kB | 98/109 kB
Progress (3): 88/192 kB | 74/592 kB | 102/109 kB
Progress (3): 88/192 kB | 74/592 kB | 106/109 kB
Progress (3): 88/192 kB | 74/592 kB | 109 kB    
Progress (3): 88/192 kB | 77/592 kB | 109 kB
Progress (3): 88/192 kB | 80/592 kB | 109 kB
Progress (3): 88/192 kB | 82/592 kB | 109 kB
Progress (3): 90/192 kB | 82/592 kB | 109 kB
Progress (3): 93/192 kB | 82/592 kB | 109 kB
                                            
Downloaded from central: https://repo.maven.apache.org/maven2/org/tukaani/xz/1.8/xz-1.8.jar (109 kB at 468 kB/s)
Progress (2): 96/192 kB | 82/592 kB
Progress (2): 99/192 kB | 82/592 kB
Progress (2): 101/192 kB | 82/592 kB
Progress (2): 101/192 kB | 85/592 kB
Progress (2): 101/192 kB | 88/592 kB
Progress (2): 101/192 kB | 90/592 kB
Progress (2): 101/192 kB | 93/592 kB
Progress (2): 101/192 kB | 96/592 kB
Progress (2): 101/192 kB | 99/592 kB
Progress (2): 101/192 kB | 101/592 kB
Progress (2): 101/192 kB | 104/592 kB
Progress (2): 104/192 kB | 104/592 kB
Progress (2): 107/192 kB | 104/592 kB
Progress (2): 110/192 kB | 104/592 kB
Progress (2): 112/192 kB | 104/592 kB
Progress (2): 115/192 kB | 104/592 kB
Progress (2): 118/192 kB | 104/592 kB
Progress (2): 121/192 kB | 104/592 kB
Progress (2): 123/192 kB | 104/592 kB
Progress (2): 123/192 kB | 107/592 kB
Progress (2): 123/192 kB | 110/592 kB
Progress (2): 123/192 kB | 112/592 kB
Progress (2): 123/192 kB | 115/592 kB
Progress (2): 123/192 kB | 118/592 kB
Progress (2): 126/192 kB | 118/592 kB
Progress (2): 129/192 kB | 118/592 kB
Progress (2): 132/192 kB | 118/592 kB
Progress (2): 134/192 kB | 118/592 kB
Progress (2): 137/192 kB | 118/592 kB
Progress (2): 140/192 kB | 118/592 kB
Progress (2): 140/192 kB | 121/592 kB
Progress (2): 140/192 kB | 123/592 kB
Progress (2): 140/192 kB | 126/592 kB
Progress (2): 140/192 kB | 129/592 kB
Progress (2): 140/192 kB | 132/592 kB
Progress (2): 140/192 kB | 134/592 kB
Progress (2): 143/192 kB | 134/592 kB
Progress (2): 145/192 kB | 134/592 kB
Progress (2): 148/192 kB | 134/592 kB
Progress (2): 151/192 kB | 134/592 kB
Progress (2): 154/192 kB | 134/592 kB
Progress (2): 156/192 kB | 134/592 kB
Progress (2): 156/192 kB | 137/592 kB
Progress (2): 156/192 kB | 140/592 kB
Progress (2): 156/192 kB | 143/592 kB
Progress (2): 156/192 kB | 145/592 kB
Progress (2): 159/192 kB | 145/592 kB
Progress (2): 162/192 kB | 145/592 kB
Progress (2): 165/192 kB | 145/592 kB
Progress (2): 165/192 kB | 148/592 kB
Progress (2): 165/192 kB | 151/592 kB
Progress (2): 165/192 kB | 154/592 kB
Progress (2): 167/192 kB | 154/592 kB
Progress (2): 170/192 kB | 154/592 kB
Progress (2): 173/192 kB | 154/592 kB
Progress (2): 173/192 kB | 156/592 kB
Progress (2): 173/192 kB | 159/592 kB
Progress (2): 173/192 kB | 162/592 kB
Progress (2): 173/192 kB | 165/592 kB
Progress (2): 173/192 kB | 167/592 kB
Progress (2): 175/192 kB | 167/592 kB
Progress (2): 178/192 kB | 167/592 kB
Progress (2): 181/192 kB | 167/592 kB
Progress (2): 184/192 kB | 167/592 kB
Progress (2): 186/192 kB | 167/592 kB
Progress (2): 186/192 kB | 170/592 kB
Progress (2): 186/192 kB | 173/592 kB
Progress (2): 186/192 kB | 175/592 kB
Progress (2): 186/192 kB | 178/592 kB
Progress (2): 186/192 kB | 181/592 kB
Progress (2): 189/192 kB | 181/592 kB
Progress (2): 192 kB | 181/592 kB    
Progress (2): 192 kB | 184/592 kB
Progress (2): 192 kB | 186/592 kB
Progress (2): 192 kB | 189/592 kB
Progress (2): 192 kB | 192/592 kB
                                 
Downloaded from central: https://repo.maven.apache.org/maven2/org/codehaus/plexus/plexus-archiver/3.7.0/plexus-archiver-3.7.0.jar (192 kB at 549 kB/s)
Progress (1): 195/592 kB
Progress (1): 197/592 kB
Progress (1): 200/592 kB
Progress (1): 203/592 kB
Progress (1): 206/592 kB
Progress (1): 208/592 kB
Progress (1): 211/592 kB
Progress (1): 214/592 kB
Progress (1): 217/592 kB
Progress (1): 219/592 kB
Progress (1): 222/592 kB
Progress (1): 225/592 kB
Progress (1): 228/592 kB
Progress (1): 230/592 kB
Progress (1): 233/592 kB
Progress (1): 236/592 kB
Progress (1): 239/592 kB
Progress (1): 241/592 kB
Progress (1): 244/592 kB
Progress (1): 247/592 kB
Progress (1): 250/592 kB
Progress (1): 252/592 kB
Progress (1): 255/592 kB
Progress (1): 258/592 kB
Progress (1): 260/592 kB
Progress (1): 263/592 kB
Progress (1): 266/592 kB
Progress (1): 269/592 kB
Progress (1): 271/592 kB
Progress (1): 274/592 kB
Progress (1): 277/592 kB
Progress (1): 280/592 kB
Progress (1): 282/592 kB
Progress (1): 285/592 kB
Progress (1): 288/592 kB
Progress (1): 291/592 kB
Progress (1): 293/592 kB
Progress (1): 296/592 kB
Progress (1): 299/592 kB
Progress (1): 302/592 kB
Progress (1): 304/592 kB
Progress (1): 307/592 kB
Progress (1): 310/592 kB
Progress (1): 313/592 kB
Progress (1): 315/592 kB
Progress (1): 318/592 kB
Progress (1): 321/592 kB
Progress (1): 324/592 kB
Progress (1): 326/592 kB
Progress (1): 329/592 kB
Progress (1): 332/592 kB
Progress (1): 335/592 kB
Progress (1): 337/592 kB
Progress (1): 340/592 kB
Progress (1): 343/592 kB
Progress (1): 345/592 kB
Progress (1): 348/592 kB
Progress (1): 351/592 kB
Progress (1): 354/592 kB
Progress (1): 356/592 kB
Progress (1): 359/592 kB
Progress (1): 362/592 kB
Progress (1): 365/592 kB
Progress (1): 367/592 kB
Progress (1): 370/592 kB
Progress (1): 373/592 kB
Progress (1): 376/592 kB
Progress (1): 378/592 kB
Progress (1): 381/592 kB
Progress (1): 384/592 kB
Progress (1): 387/592 kB
Progress (1): 389/592 kB
Progress (1): 392/592 kB
Progress (1): 395/592 kB
Progress (1): 398/592 kB
Progress (1): 400/592 kB
Progress (1): 403/592 kB
Progress (1): 406/592 kB
Progress (1): 409/592 kB
Progress (1): 411/592 kB
Progress (1): 414/592 kB
Progress (1): 417/592 kB
Progress (1): 420/592 kB
Progress (1): 422/592 kB
Progress (1): 425/592 kB
Progress (1): 428/592 kB
Progress (1): 430/592 kB
Progress (1): 433/592 kB
Progress (1): 436/592 kB
Progress (1): 439/592 kB
Progress (1): 441/592 kB
Progress (1): 444/592 kB
Progress (1): 447/592 kB
Progress (1): 450/592 kB
Progress (1): 452/592 kB
Progress (1): 455/592 kB
Progress (1): 458/592 kB
Progress (1): 461/592 kB
Progress (1): 463/592 kB
Progress (1): 466/592 kB
Progress (1): 469/592 kB
Progress (1): 472/592 kB
Progress (1): 474/592 kB
Progress (1): 477/592 kB
Progress (1): 480/592 kB
Progress (1): 483/592 kB
Progress (1): 485/592 kB
Progress (1): 488/592 kB
Progress (1): 491/592 kB
Progress (1): 494/592 kB
Progress (1): 496/592 kB
Progress (1): 499/592 kB
Progress (1): 502/592 kB
Progress (1): 505/592 kB
Progress (1): 507/592 kB
Progress (1): 510/592 kB
Progress (1): 513/592 kB
Progress (1): 515/592 kB
Progress (1): 518/592 kB
Progress (1): 521/592 kB
Progress (1): 524/592 kB
Progress (1): 526/592 kB
Progress (1): 529/592 kB
Progress (1): 532/592 kB
Progress (1): 535/592 kB
Progress (1): 537/592 kB
Progress (1): 540/592 kB
Progress (1): 543/592 kB
Progress (1): 546/592 kB
Progress (1): 548/592 kB
Progress (1): 551/592 kB
Progress (1): 554/592 kB
Progress (1): 557/592 kB
Progress (1): 559/592 kB
Progress (1): 562/592 kB
Progress (1): 565/592 kB
Progress (1): 568/592 kB
Progress (1): 570/592 kB
Progress (1): 573/592 kB
Progress (1): 576/592 kB
Progress (1): 579/592 kB
Progress (1): 581/592 kB
Progress (1): 584/592 kB
Progress (1): 587/592 kB
Progress (1): 590/592 kB
Progress (1): 592 kB    
                    
Downloaded from central: https://repo.maven.apache.org/maven2/org/apache/commons/commons-compress/1.18/commons-compress-1.18.jar (592 kB at 1.2 MB/s)
[INFO] Building jar: /var/jenkins_home/workspace/eCommerce-Application/target/auth-course-0.0.1-SNAPSHOT.jar
[INFO] 
[INFO] --- spring-boot-maven-plugin:2.3.2.RELEASE:repackage (repackage) @ auth-course ---
Downloading from central: https://repo.maven.apache.org/maven2/org/springframework/boot/spring-boot-buildpack-platform/2.3.2.RELEASE/spring-boot-buildpack-platform-2.3.2.RELEASE.pom
Progress (1): 3.1 kB
                    
Downloaded from central: https://repo.maven.apache.org/maven2/org/springframework/boot/spring-boot-buildpack-platform/2.3.2.RELEASE/spring-boot-buildpack-platform-2.3.2.RELEASE.pom (3.1 kB at 279 kB/s)
Downloading from central: https://repo.maven.apache.org/maven2/net/java/dev/jna/jna-platform/5.5.0/jna-platform-5.5.0.pom
Progress (1): 1.8 kB
                    
Downloaded from central: https://repo.maven.apache.org/maven2/net/java/dev/jna/jna-platform/5.5.0/jna-platform-5.5.0.pom (1.8 kB at 257 kB/s)
Downloading from central: https://repo.maven.apache.org/maven2/net/java/dev/jna/jna/5.5.0/jna-5.5.0.pom
Progress (1): 1.6 kB
                    
Downloaded from central: https://repo.maven.apache.org/maven2/net/java/dev/jna/jna/5.5.0/jna-5.5.0.pom (1.6 kB at 144 kB/s)
Downloading from central: https://repo.maven.apache.org/maven2/org/apache/commons/commons-compress/1.19/commons-compress-1.19.pom
Progress (1): 4.1/18 kB
Progress (1): 8.2/18 kB
Progress (1): 12/18 kB 
Progress (1): 16/18 kB
Progress (1): 18 kB   
                   
Downloaded from central: https://repo.maven.apache.org/maven2/org/apache/commons/commons-compress/1.19/commons-compress-1.19.pom (18 kB at 1.2 MB/s)
Downloading from central: https://repo.maven.apache.org/maven2/org/apache/commons/commons-parent/48/commons-parent-48.pom
Progress (1): 4.1/72 kB
Progress (1): 8.2/72 kB
Progress (1): 12/72 kB 
Progress (1): 16/72 kB
Progress (1): 20/72 kB
Progress (1): 25/72 kB
Progress (1): 29/72 kB
Progress (1): 33/72 kB
Progress (1): 37/72 kB
Progress (1): 41/72 kB
Progress (1): 45/72 kB
Progress (1): 49/72 kB
Progress (1): 53/72 kB
Progress (1): 57/72 kB
Progress (1): 61/72 kB
Progress (1): 66/72 kB
Progress (1): 70/72 kB
Progress (1): 72 kB   
                   
Downloaded from central: https://repo.maven.apache.org/maven2/org/apache/commons/commons-parent/48/commons-parent-48.pom (72 kB at 3.1 MB/s)
Downloading from central: https://repo.maven.apache.org/maven2/org/apache/httpcomponents/httpclient/4.5.12/httpclient-4.5.12.pom
Progress (1): 4.1/6.6 kB
Progress (1): 6.6 kB    
                    
Downloaded from central: https://repo.maven.apache.org/maven2/org/apache/httpcomponents/httpclient/4.5.12/httpclient-4.5.12.pom (6.6 kB at 508 kB/s)
Downloading from central: https://repo.maven.apache.org/maven2/org/apache/httpcomponents/httpcomponents-client/4.5.12/httpcomponents-client-4.5.12.pom
Progress (1): 4.1/16 kB
Progress (1): 8.2/16 kB
Progress (1): 12/16 kB 
Progress (1): 16 kB   
                   
Downloaded from central: https://repo.maven.apache.org/maven2/org/apache/httpcomponents/httpcomponents-client/4.5.12/httpcomponents-client-4.5.12.pom (16 kB at 780 kB/s)
Downloading from central: https://repo.maven.apache.org/maven2/org/apache/httpcomponents/httpcomponents-parent/11/httpcomponents-parent-11.pom
Progress (1): 4.1/35 kB
Progress (1): 8.2/35 kB
Progress (1): 12/35 kB 
Progress (1): 16/35 kB
Progress (1): 20/35 kB
Progress (1): 25/35 kB
Progress (1): 29/35 kB
Progress (1): 33/35 kB
Progress (1): 35 kB   
                   
Downloaded from central: https://repo.maven.apache.org/maven2/org/apache/httpcomponents/httpcomponents-parent/11/httpcomponents-parent-11.pom (35 kB at 1.6 MB/s)
Downloading from central: https://repo.maven.apache.org/maven2/org/apache/httpcomponents/httpcore/4.4.13/httpcore-4.4.13.pom
Progress (1): 4.1/5.0 kB
Progress (1): 5.0 kB    
                    
Downloaded from central: https://repo.maven.apache.org/maven2/org/apache/httpcomponents/httpcore/4.4.13/httpcore-4.4.13.pom (5.0 kB at 355 kB/s)
Downloading from central: https://repo.maven.apache.org/maven2/org/apache/httpcomponents/httpcomponents-core/4.4.13/httpcomponents-core-4.4.13.pom
Progress (1): 4.1/13 kB
Progress (1): 8.2/13 kB
Progress (1): 12/13 kB 
Progress (1): 13 kB   
                   
Downloaded from central: https://repo.maven.apache.org/maven2/org/apache/httpcomponents/httpcomponents-core/4.4.13/httpcomponents-core-4.4.13.pom (13 kB at 1.1 MB/s)
Downloading from central: https://repo.maven.apache.org/maven2/commons-logging/commons-logging/1.2/commons-logging-1.2.pom
Progress (1): 4.1/19 kB
Progress (1): 8.2/19 kB
Progress (1): 12/19 kB 
Progress (1): 16/19 kB
Progress (1): 19 kB   
                   
Downloaded from central: https://repo.maven.apache.org/maven2/commons-logging/commons-logging/1.2/commons-logging-1.2.pom (19 kB at 1.6 MB/s)
Downloading from central: https://repo.maven.apache.org/maven2/org/apache/commons/commons-parent/34/commons-parent-34.pom
Progress (1): 4.1/56 kB
Progress (1): 8.2/56 kB
Progress (1): 12/56 kB 
Progress (1): 16/56 kB
Progress (1): 20/56 kB
Progress (1): 25/56 kB
Progress (1): 29/56 kB
Progress (1): 33/56 kB
Progress (1): 37/56 kB
Progress (1): 41/56 kB
Progress (1): 45/56 kB
Progress (1): 49/56 kB
Progress (1): 53/56 kB
Progress (1): 56 kB   
                   
Downloaded from central: https://repo.maven.apache.org/maven2/org/apache/commons/commons-parent/34/commons-parent-34.pom (56 kB at 3.1 MB/s)
Downloading from central: https://repo.maven.apache.org/maven2/commons-codec/commons-codec/1.11/commons-codec-1.11.pom
Progress (1): 4.1/14 kB
Progress (1): 8.2/14 kB
Progress (1): 12/14 kB 
Progress (1): 14 kB   
                   
Downloaded from central: https://repo.maven.apache.org/maven2/commons-codec/commons-codec/1.11/commons-codec-1.11.pom (14 kB at 1.7 MB/s)
Downloading from central: https://repo.maven.apache.org/maven2/org/springframework/boot/spring-boot-loader-tools/2.3.2.RELEASE/spring-boot-loader-tools-2.3.2.RELEASE.pom
Progress (1): 2.3 kB
                    
Downloaded from central: https://repo.maven.apache.org/maven2/org/springframework/boot/spring-boot-loader-tools/2.3.2.RELEASE/spring-boot-loader-tools-2.3.2.RELEASE.pom (2.3 kB at 284 kB/s)
Downloading from central: https://repo.maven.apache.org/maven2/org/apache/maven/shared/maven-common-artifact-filters/3.1.0/maven-common-artifact-filters-3.1.0.pom
Progress (1): 4.1/5.3 kB
Progress (1): 5.3 kB    
                    
Downloaded from central: https://repo.maven.apache.org/maven2/org/apache/maven/shared/maven-common-artifact-filters/3.1.0/maven-common-artifact-filters-3.1.0.pom (5.3 kB at 529 kB/s)
Downloading from central: https://repo.maven.apache.org/maven2/org/codehaus/plexus/plexus-component-annotations/1.5.5/plexus-component-annotations-1.5.5.pom
Progress (1): 815 B
                   
Downloaded from central: https://repo.maven.apache.org/maven2/org/codehaus/plexus/plexus-component-annotations/1.5.5/plexus-component-annotations-1.5.5.pom (815 B at 25 kB/s)
Downloading from central: https://repo.maven.apache.org/maven2/org/codehaus/plexus/plexus-containers/1.5.5/plexus-containers-1.5.5.pom
Progress (1): 4.1/4.2 kB
Progress (1): 4.2 kB    
                    
Downloaded from central: https://repo.maven.apache.org/maven2/org/codehaus/plexus/plexus-containers/1.5.5/plexus-containers-1.5.5.pom (4.2 kB at 283 kB/s)
Downloading from central: https://repo.maven.apache.org/maven2/org/codehaus/plexus/plexus-component-annotations/1.5.4/plexus-component-annotations-1.5.4.pom
Progress (1): 815 B
                   
Downloaded from central: https://repo.maven.apache.org/maven2/org/codehaus/plexus/plexus-component-annotations/1.5.4/plexus-component-annotations-1.5.4.pom (815 B at 51 kB/s)
Downloading from central: https://repo.maven.apache.org/maven2/org/codehaus/plexus/plexus-containers/1.5.4/plexus-containers-1.5.4.pom
Progress (1): 4.1/4.2 kB
Progress (1): 4.2 kB    
                    
Downloaded from central: https://repo.maven.apache.org/maven2/org/codehaus/plexus/plexus-containers/1.5.4/plexus-containers-1.5.4.pom (4.2 kB at 283 kB/s)
Downloading from central: https://repo.maven.apache.org/maven2/org/codehaus/plexus/plexus/2.0.5/plexus-2.0.5.pom
Progress (1): 4.1/17 kB
Progress (1): 8.2/17 kB
Progress (1): 12/17 kB 
Progress (1): 16/17 kB
Progress (1): 17 kB   
                   
Downloaded from central: https://repo.maven.apache.org/maven2/org/codehaus/plexus/plexus/2.0.5/plexus-2.0.5.pom (17 kB at 964 kB/s)
Downloading from central: https://repo.maven.apache.org/maven2/org/apache/maven/shared/maven-shared-utils/3.1.0/maven-shared-utils-3.1.0.pom
Progress (1): 4.1/5.0 kB
Progress (1): 5.0 kB    
                    
Downloaded from central: https://repo.maven.apache.org/maven2/org/apache/maven/shared/maven-shared-utils/3.1.0/maven-shared-utils-3.1.0.pom (5.0 kB at 311 kB/s)
Downloading from central: https://repo.maven.apache.org/maven2/org/apache/maven/maven-plugin-api/3.6.3/maven-plugin-api-3.6.3.pom
Progress (1): 3.0 kB
                    
Downloaded from central: https://repo.maven.apache.org/maven2/org/apache/maven/maven-plugin-api/3.6.3/maven-plugin-api-3.6.3.pom (3.0 kB at 234 kB/s)
Downloading from central: https://repo.maven.apache.org/maven2/org/apache/maven/maven/3.6.3/maven-3.6.3.pom
Progress (1): 4.1/26 kB
Progress (1): 8.2/26 kB
Progress (1): 12/26 kB 
Progress (1): 16/26 kB
Progress (1): 20/26 kB
Progress (1): 25/26 kB
Progress (1): 26 kB   
                   
Downloaded from central: https://repo.maven.apache.org/maven2/org/apache/maven/maven/3.6.3/maven-3.6.3.pom (26 kB at 2.2 MB/s)
Downloading from central: https://repo.maven.apache.org/maven2/org/apache/maven/maven-model/3.6.3/maven-model-3.6.3.pom
Progress (1): 4.1 kB
                    
Downloaded from central: https://repo.maven.apache.org/maven2/org/apache/maven/maven-model/3.6.3/maven-model-3.6.3.pom (4.1 kB at 454 kB/s)
Downloading from central: https://repo.maven.apache.org/maven2/org/codehaus/plexus/plexus-utils/3.2.1/plexus-utils-3.2.1.pom
Progress (1): 4.1/5.3 kB
Progress (1): 5.3 kB    
                    
Downloaded from central: https://repo.maven.apache.org/maven2/org/codehaus/plexus/plexus-utils/3.2.1/plexus-utils-3.2.1.pom (5.3 kB at 382 kB/s)
Downloading from central: https://repo.maven.apache.org/maven2/org/apache/maven/maven-artifact/3.6.3/maven-artifact-3.6.3.pom
Progress (1): 2.4 kB
                    
Downloaded from central: https://repo.maven.apache.org/maven2/org/apache/maven/maven-artifact/3.6.3/maven-artifact-3.6.3.pom (2.4 kB at 299 kB/s)
Downloading from central: https://repo.maven.apache.org/maven2/org/apache/commons/commons-lang3/3.8.1/commons-lang3-3.8.1.pom
Progress (1): 4.1/28 kB
Progress (1): 8.2/28 kB
Progress (1): 12/28 kB 
Progress (1): 16/28 kB
Progress (1): 20/28 kB
Progress (1): 25/28 kB
Progress (1): 28 kB   
                   
Downloaded from central: https://repo.maven.apache.org/maven2/org/apache/commons/commons-lang3/3.8.1/commons-lang3-3.8.1.pom (28 kB at 1.7 MB/s)
Downloading from central: https://repo.maven.apache.org/maven2/org/eclipse/sisu/org.eclipse.sisu.plexus/0.3.4/org.eclipse.sisu.plexus-0.3.4.pom
Progress (1): 4.1/4.2 kB
Progress (1): 4.2 kB    
                    
Downloaded from central: https://repo.maven.apache.org/maven2/org/eclipse/sisu/org.eclipse.sisu.plexus/0.3.4/org.eclipse.sisu.plexus-0.3.4.pom (4.2 kB at 278 kB/s)
Downloading from central: https://repo.maven.apache.org/maven2/org/eclipse/sisu/sisu-plexus/0.3.4/sisu-plexus-0.3.4.pom
Progress (1): 4.1/14 kB
Progress (1): 8.2/14 kB
Progress (1): 12/14 kB 
Progress (1): 14 kB   
                   
Downloaded from central: https://repo.maven.apache.org/maven2/org/eclipse/sisu/sisu-plexus/0.3.4/sisu-plexus-0.3.4.pom (14 kB at 980 kB/s)
Downloading from central: https://repo.maven.apache.org/maven2/javax/enterprise/cdi-api/1.0/cdi-api-1.0.pom
Progress (1): 1.4 kB
                    
Downloaded from central: https://repo.maven.apache.org/maven2/javax/enterprise/cdi-api/1.0/cdi-api-1.0.pom (1.4 kB at 179 kB/s)
Downloading from central: https://repo.maven.apache.org/maven2/org/jboss/weld/weld-api-parent/1.0/weld-api-parent-1.0.pom
Progress (1): 2.4 kB
                    
Downloaded from central: https://repo.maven.apache.org/maven2/org/jboss/weld/weld-api-parent/1.0/weld-api-parent-1.0.pom (2.4 kB at 294 kB/s)
Downloading from central: https://repo.maven.apache.org/maven2/org/jboss/weld/weld-api-bom/1.0/weld-api-bom-1.0.pom
Progress (1): 4.1/7.9 kB
Progress (1): 7.9 kB    
                    
Downloaded from central: https://repo.maven.apache.org/maven2/org/jboss/weld/weld-api-bom/1.0/weld-api-bom-1.0.pom (7.9 kB at 282 kB/s)
Downloading from central: https://repo.maven.apache.org/maven2/org/jboss/weld/weld-parent/6/weld-parent-6.pom
Progress (1): 4.1/21 kB
Progress (1): 8.2/21 kB
Progress (1): 12/21 kB 
Progress (1): 16/21 kB
Progress (1): 20/21 kB
Progress (1): 21 kB   
                   
Downloaded from central: https://repo.maven.apache.org/maven2/org/jboss/weld/weld-parent/6/weld-parent-6.pom (21 kB at 1.3 MB/s)
Downloading from central: https://repo.maven.apache.org/maven2/javax/annotation/jsr250-api/1.0/jsr250-api-1.0.pom
Progress (1): 1.0 kB
                    
Downloaded from central: https://repo.maven.apache.org/maven2/javax/annotation/jsr250-api/1.0/jsr250-api-1.0.pom (1.0 kB at 85 kB/s)
Downloading from central: https://repo.maven.apache.org/maven2/javax/inject/javax.inject/1/javax.inject-1.pom
Progress (1): 612 B
                   
Downloaded from central: https://repo.maven.apache.org/maven2/javax/inject/javax.inject/1/javax.inject-1.pom (612 B at 47 kB/s)
Downloading from central: https://repo.maven.apache.org/maven2/org/eclipse/sisu/org.eclipse.sisu.inject/0.3.4/org.eclipse.sisu.inject-0.3.4.pom
Progress (1): 2.6 kB
                    
Downloaded from central: https://repo.maven.apache.org/maven2/org/eclipse/sisu/org.eclipse.sisu.inject/0.3.4/org.eclipse.sisu.inject-0.3.4.pom (2.6 kB at 375 kB/s)
Downloading from central: https://repo.maven.apache.org/maven2/org/eclipse/sisu/sisu-inject/0.3.4/sisu-inject-0.3.4.pom
Progress (1): 4.1/14 kB
Progress (1): 8.2/14 kB
Progress (1): 12/14 kB 
Progress (1): 14 kB   
                   
Downloaded from central: https://repo.maven.apache.org/maven2/org/eclipse/sisu/sisu-inject/0.3.4/sisu-inject-0.3.4.pom (14 kB at 1.3 MB/s)
Downloading from central: https://repo.maven.apache.org/maven2/org/codehaus/plexus/plexus-classworlds/2.5.2/plexus-classworlds-2.5.2.pom
Progress (1): 4.1/7.3 kB
Progress (1): 7.3 kB    
                    
Downloaded from central: https://repo.maven.apache.org/maven2/org/codehaus/plexus/plexus-classworlds/2.5.2/plexus-classworlds-2.5.2.pom (7.3 kB at 812 kB/s)
Downloading from central: https://repo.maven.apache.org/maven2/org/codehaus/plexus/plexus-utils/3.0.17/plexus-utils-3.0.17.pom
Progress (1): 3.4 kB
                    
Downloaded from central: https://repo.maven.apache.org/maven2/org/codehaus/plexus/plexus-utils/3.0.17/plexus-utils-3.0.17.pom (3.4 kB at 340 kB/s)
Downloading from central: https://repo.maven.apache.org/maven2/org/codehaus/plexus/plexus-classworlds/2.6.0/plexus-classworlds-2.6.0.pom
Progress (1): 4.1/7.9 kB
Progress (1): 7.9 kB    
                    
Downloaded from central: https://repo.maven.apache.org/maven2/org/codehaus/plexus/plexus-classworlds/2.6.0/plexus-classworlds-2.6.0.pom (7.9 kB at 659 kB/s)
Downloading from central: https://repo.maven.apache.org/maven2/org/springframework/boot/spring-boot-buildpack-platform/2.3.2.RELEASE/spring-boot-buildpack-platform-2.3.2.RELEASE.jar
Downloading from central: https://repo.maven.apache.org/maven2/net/java/dev/jna/jna-platform/5.5.0/jna-platform-5.5.0.jar
Downloading from central: https://repo.maven.apache.org/maven2/net/java/dev/jna/jna/5.5.0/jna-5.5.0.jar
Downloading from central: https://repo.maven.apache.org/maven2/org/apache/commons/commons-compress/1.19/commons-compress-1.19.jar
Progress (1): 2.7/182 kB
Progress (1): 5.5/182 kB
Progress (1): 8.2/182 kB
Progress (1): 11/182 kB 
Progress (1): 14/182 kB
Progress (2): 14/182 kB | 0/2.7 MB
Progress (3): 14/182 kB | 0/2.7 MB | 0/1.5 MB
Progress (3): 14/182 kB | 0/2.7 MB | 0/1.5 MB
Progress (3): 14/182 kB | 0/2.7 MB | 0/1.5 MB
Progress (4): 14/182 kB | 0/2.7 MB | 0/1.5 MB | 4.1/615 kB
Progress (4): 14/182 kB | 0/2.7 MB | 0/1.5 MB | 8.2/615 kB
Progress (4): 14/182 kB | 0/2.7 MB | 0/1.5 MB | 12/615 kB 
Progress (4): 14/182 kB | 0/2.7 MB | 0/1.5 MB | 16/615 kB
Progress (4): 14/182 kB | 0/2.7 MB | 0/1.5 MB | 16/615 kB
Progress (4): 14/182 kB | 0/2.7 MB | 0/1.5 MB | 16/615 kB
Progress (4): 14/182 kB | 0/2.7 MB | 0/1.5 MB | 16/615 kB
Progress (4): 14/182 kB | 0/2.7 MB | 0/1.5 MB | 16/615 kB
Progress (4): 14/182 kB | 0/2.7 MB | 0/1.5 MB | 16/615 kB
Progress (4): 16/182 kB | 0/2.7 MB | 0/1.5 MB | 16/615 kB
                                                         
Downloading from central: https://repo.maven.apache.org/maven2/org/apache/httpcomponents/httpclient/4.5.12/httpclient-4.5.12.jar
Progress (4): 19/182 kB | 0/2.7 MB | 0/1.5 MB | 16/615 kB
Progress (4): 22/182 kB | 0/2.7 MB | 0/1.5 MB | 16/615 kB
Progress (4): 25/182 kB | 0/2.7 MB | 0/1.5 MB | 16/615 kB
Progress (4): 27/182 kB | 0/2.7 MB | 0/1.5 MB | 16/615 kB
Progress (4): 30/182 kB | 0/2.7 MB | 0/1.5 MB | 16/615 kB
Progress (4): 33/182 kB | 0/2.7 MB | 0/1.5 MB | 16/615 kB
Progress (4): 36/182 kB | 0/2.7 MB | 0/1.5 MB | 16/615 kB
Progress (4): 38/182 kB | 0/2.7 MB | 0/1.5 MB | 16/615 kB
Progress (4): 41/182 kB | 0/2.7 MB | 0/1.5 MB | 16/615 kB
Progress (4): 44/182 kB | 0/2.7 MB | 0/1.5 MB | 16/615 kB
Progress (4): 47/182 kB | 0/2.7 MB | 0/1.5 MB | 16/615 kB
Progress (4): 49/182 kB | 0/2.7 MB | 0/1.5 MB | 16/615 kB
Progress (4): 52/182 kB | 0/2.7 MB | 0/1.5 MB | 16/615 kB
Progress (4): 55/182 kB | 0/2.7 MB | 0/1.5 MB | 16/615 kB
Progress (4): 55/182 kB | 0.1/2.7 MB | 0/1.5 MB | 16/615 kB
Progress (5): 55/182 kB | 0.1/2.7 MB | 0/1.5 MB | 16/615 kB | 2.7/778 kB
Progress (5): 55/182 kB | 0.1/2.7 MB | 0/1.5 MB | 16/615 kB | 5.5/778 kB
Progress (5): 55/182 kB | 0.1/2.7 MB | 0/1.5 MB | 16/615 kB | 8.2/778 kB
Progress (5): 55/182 kB | 0.1/2.7 MB | 0/1.5 MB | 16/615 kB | 11/778 kB 
Progress (5): 55/182 kB | 0.1/2.7 MB | 0/1.5 MB | 16/615 kB | 14/778 kB
Progress (5): 55/182 kB | 0.1/2.7 MB | 0/1.5 MB | 16/615 kB | 16/778 kB
Progress (5): 55/182 kB | 0.1/2.7 MB | 0/1.5 MB | 20/615 kB | 16/778 kB
Progress (5): 55/182 kB | 0.1/2.7 MB | 0/1.5 MB | 25/615 kB | 16/778 kB
Progress (5): 55/182 kB | 0.1/2.7 MB | 0/1.5 MB | 29/615 kB | 16/778 kB
Progress (5): 55/182 kB | 0.1/2.7 MB | 0/1.5 MB | 33/615 kB | 16/778 kB
Progress (5): 55/182 kB | 0.1/2.7 MB | 0/1.5 MB | 37/615 kB | 16/778 kB
Progress (5): 55/182 kB | 0.1/2.7 MB | 0/1.5 MB | 41/615 kB | 16/778 kB
Progress (5): 55/182 kB | 0.1/2.7 MB | 0/1.5 MB | 45/615 kB | 16/778 kB
Progress (5): 55/182 kB | 0.1/2.7 MB | 0/1.5 MB | 45/615 kB | 16/778 kB
Progress (5): 55/182 kB | 0.1/2.7 MB | 0.1/1.5 MB | 45/615 kB | 16/778 kB
Progress (5): 55/182 kB | 0.1/2.7 MB | 0.1/1.5 MB | 45/615 kB | 16/778 kB
Progress (5): 55/182 kB | 0.1/2.7 MB | 0.1/1.5 MB | 45/615 kB | 16/778 kB
Progress (5): 55/182 kB | 0.1/2.7 MB | 0.1/1.5 MB | 45/615 kB | 16/778 kB
Progress (5): 55/182 kB | 0.1/2.7 MB | 0.1/1.5 MB | 45/615 kB | 16/778 kB
Progress (5): 58/182 kB | 0.1/2.7 MB | 0.1/1.5 MB | 45/615 kB | 16/778 kB
Progress (5): 60/182 kB | 0.1/2.7 MB | 0.1/1.5 MB | 45/615 kB | 16/778 kB
Progress (5): 63/182 kB | 0.1/2.7 MB | 0.1/1.5 MB | 45/615 kB | 16/778 kB
Progress (5): 66/182 kB | 0.1/2.7 MB | 0.1/1.5 MB | 45/615 kB | 16/778 kB
Progress (5): 69/182 kB | 0.1/2.7 MB | 0.1/1.5 MB | 45/615 kB | 16/778 kB
Progress (5): 69/182 kB | 0.1/2.7 MB | 0.1/1.5 MB | 45/615 kB | 19/778 kB
Progress (5): 69/182 kB | 0.1/2.7 MB | 0.1/1.5 MB | 45/615 kB | 22/778 kB
Progress (5): 69/182 kB | 0.1/2.7 MB | 0.1/1.5 MB | 45/615 kB | 25/778 kB
Progress (5): 69/182 kB | 0.1/2.7 MB | 0.1/1.5 MB | 45/615 kB | 27/778 kB
Progress (5): 69/182 kB | 0.1/2.7 MB | 0.1/1.5 MB | 45/615 kB | 30/778 kB
Progress (5): 69/182 kB | 0.1/2.7 MB | 0.1/1.5 MB | 45/615 kB | 33/778 kB
Progress (5): 69/182 kB | 0.1/2.7 MB | 0.1/1.5 MB | 45/615 kB | 36/778 kB
Progress (5): 69/182 kB | 0.1/2.7 MB | 0.1/1.5 MB | 45/615 kB | 38/778 kB
Progress (5): 69/182 kB | 0.1/2.7 MB | 0.1/1.5 MB | 45/615 kB | 41/778 kB
Progress (5): 69/182 kB | 0.1/2.7 MB | 0.1/1.5 MB | 45/615 kB | 44/778 kB
Progress (5): 69/182 kB | 0.1/2.7 MB | 0.1/1.5 MB | 45/615 kB | 47/778 kB
Progress (5): 69/182 kB | 0.1/2.7 MB | 0.1/1.5 MB | 45/615 kB | 49/778 kB
Progress (5): 69/182 kB | 0.1/2.7 MB | 0.1/1.5 MB | 45/615 kB | 52/778 kB
Progress (5): 69/182 kB | 0.1/2.7 MB | 0.1/1.5 MB | 45/615 kB | 55/778 kB
Progress (5): 69/182 kB | 0.1/2.7 MB | 0.1/1.5 MB | 45/615 kB | 55/778 kB
Progress (5): 69/182 kB | 0.1/2.7 MB | 0.1/1.5 MB | 45/615 kB | 55/778 kB
Progress (5): 69/182 kB | 0.1/2.7 MB | 0.1/1.5 MB | 45/615 kB | 55/778 kB
Progress (5): 69/182 kB | 0.1/2.7 MB | 0.1/1.5 MB | 45/615 kB | 55/778 kB
Progress (5): 69/182 kB | 0.1/2.7 MB | 0.1/1.5 MB | 45/615 kB | 55/778 kB
Progress (5): 69/182 kB | 0.1/2.7 MB | 0.1/1.5 MB | 49/615 kB | 55/778 kB
Progress (5): 69/182 kB | 0.1/2.7 MB | 0.1/1.5 MB | 53/615 kB | 55/778 kB
Progress (5): 69/182 kB | 0.1/2.7 MB | 0.1/1.5 MB | 57/615 kB | 55/778 kB
Progress (5): 69/182 kB | 0.1/2.7 MB | 0.1/1.5 MB | 61/615 kB | 55/778 kB
Progress (5): 69/182 kB | 0.1/2.7 MB | 0.1/1.5 MB | 66/615 kB | 55/778 kB
Progress (5): 69/182 kB | 0.1/2.7 MB | 0.1/1.5 MB | 70/615 kB | 55/778 kB
Progress (5): 69/182 kB | 0.1/2.7 MB | 0.1/1.5 MB | 74/615 kB | 55/778 kB
Progress (5): 69/182 kB | 0.1/2.7 MB | 0.1/1.5 MB | 78/615 kB | 55/778 kB
Progress (5): 69/182 kB | 0.1/2.7 MB | 0.1/1.5 MB | 82/615 kB | 55/778 kB
Progress (5): 69/182 kB | 0.1/2.7 MB | 0.1/1.5 MB | 86/615 kB | 55/778 kB
Progress (5): 69/182 kB | 0.1/2.7 MB | 0.1/1.5 MB | 90/615 kB | 55/778 kB
Progress (5): 69/182 kB | 0.1/2.7 MB | 0.1/1.5 MB | 94/615 kB | 55/778 kB
Progress (5): 69/182 kB | 0.1/2.7 MB | 0.1/1.5 MB | 98/615 kB | 55/778 kB
Progress (5): 69/182 kB | 0.1/2.7 MB | 0.1/1.5 MB | 102/615 kB | 55/778 kB
Progress (5): 69/182 kB | 0.1/2.7 MB | 0.1/1.5 MB | 106/615 kB | 55/778 kB
Progress (5): 69/182 kB | 0.1/2.7 MB | 0.1/1.5 MB | 111/615 kB | 55/778 kB
Progress (5): 69/182 kB | 0.1/2.7 MB | 0.1/1.5 MB | 111/615 kB | 58/778 kB
Progress (5): 69/182 kB | 0.1/2.7 MB | 0.1/1.5 MB | 111/615 kB | 60/778 kB
Progress (5): 69/182 kB | 0.2/2.7 MB | 0.1/1.5 MB | 111/615 kB | 60/778 kB
Progress (5): 71/182 kB | 0.2/2.7 MB | 0.1/1.5 MB | 111/615 kB | 60/778 kB
Progress (5): 74/182 kB | 0.2/2.7 MB | 0.1/1.5 MB | 111/615 kB | 60/778 kB
Progress (5): 77/182 kB | 0.2/2.7 MB | 0.1/1.5 MB | 111/615 kB | 60/778 kB
Progress (5): 80/182 kB | 0.2/2.7 MB | 0.1/1.5 MB | 111/615 kB | 60/778 kB
Progress (5): 82/182 kB | 0.2/2.7 MB | 0.1/1.5 MB | 111/615 kB | 60/778 kB
Progress (5): 85/182 kB | 0.2/2.7 MB | 0.1/1.5 MB | 111/615 kB | 60/778 kB
Progress (5): 88/182 kB | 0.2/2.7 MB | 0.1/1.5 MB | 111/615 kB | 60/778 kB
Progress (5): 90/182 kB | 0.2/2.7 MB | 0.1/1.5 MB | 111/615 kB | 60/778 kB
Progress (5): 93/182 kB | 0.2/2.7 MB | 0.1/1.5 MB | 111/615 kB | 60/778 kB
Progress (5): 96/182 kB | 0.2/2.7 MB | 0.1/1.5 MB | 111/615 kB | 60/778 kB
Progress (5): 99/182 kB | 0.2/2.7 MB | 0.1/1.5 MB | 111/615 kB | 60/778 kB
Progress (5): 101/182 kB | 0.2/2.7 MB | 0.1/1.5 MB | 111/615 kB | 60/778 kB
Progress (5): 104/182 kB | 0.2/2.7 MB | 0.1/1.5 MB | 111/615 kB | 60/778 kB
Progress (5): 107/182 kB | 0.2/2.7 MB | 0.1/1.5 MB | 111/615 kB | 60/778 kB
Progress (5): 110/182 kB | 0.2/2.7 MB | 0.1/1.5 MB | 111/615 kB | 60/778 kB
Progress (5): 112/182 kB | 0.2/2.7 MB | 0.1/1.5 MB | 111/615 kB | 60/778 kB
Progress (5): 112/182 kB | 0.2/2.7 MB | 0.1/1.5 MB | 111/615 kB | 60/778 kB
Progress (5): 112/182 kB | 0.2/2.7 MB | 0.1/1.5 MB | 111/615 kB | 60/778 kB
Progress (5): 112/182 kB | 0.2/2.7 MB | 0.1/1.5 MB | 111/615 kB | 60/778 kB
Progress (5): 112/182 kB | 0.2/2.7 MB | 0.1/1.5 MB | 111/615 kB | 60/778 kB
Progress (5): 112/182 kB | 0.2/2.7 MB | 0.1/1.5 MB | 111/615 kB | 60/778 kB
Progress (5): 112/182 kB | 0.2/2.7 MB | 0.1/1.5 MB | 111/615 kB | 60/778 kB
Progress (5): 112/182 kB | 0.2/2.7 MB | 0.1/1.5 MB | 111/615 kB | 60/778 kB
Progress (5): 112/182 kB | 0.2/2.7 MB | 0.1/1.5 MB | 111/615 kB | 60/778 kB
Progress (5): 112/182 kB | 0.2/2.7 MB | 0.1/1.5 MB | 111/615 kB | 60/778 kB
Progress (5): 112/182 kB | 0.2/2.7 MB | 0.1/1.5 MB | 111/615 kB | 60/778 kB
Progress (5): 112/182 kB | 0.2/2.7 MB | 0.1/1.5 MB | 111/615 kB | 60/778 kB
Progress (5): 112/182 kB | 0.2/2.7 MB | 0.1/1.5 MB | 115/615 kB | 60/778 kB
Progress (5): 112/182 kB | 0.2/2.7 MB | 0.1/1.5 MB | 119/615 kB | 60/778 kB
Progress (5): 112/182 kB | 0.2/2.7 MB | 0.1/1.5 MB | 123/615 kB | 60/778 kB
Progress (5): 112/182 kB | 0.2/2.7 MB | 0.1/1.5 MB | 127/615 kB | 60/778 kB
Progress (5): 112/182 kB | 0.2/2.7 MB | 0.1/1.5 MB | 131/615 kB | 60/778 kB
Progress (5): 112/182 kB | 0.2/2.7 MB | 0.1/1.5 MB | 135/615 kB | 60/778 kB
Progress (5): 112/182 kB | 0.2/2.7 MB | 0.1/1.5 MB | 139/615 kB | 60/778 kB
Progress (5): 112/182 kB | 0.2/2.7 MB | 0.1/1.5 MB | 143/615 kB | 60/778 kB
Progress (5): 112/182 kB | 0.2/2.7 MB | 0.1/1.5 MB | 147/615 kB | 60/778 kB
Progress (5): 112/182 kB | 0.2/2.7 MB | 0.1/1.5 MB | 152/615 kB | 60/778 kB
Progress (5): 112/182 kB | 0.2/2.7 MB | 0.1/1.5 MB | 152/615 kB | 63/778 kB
Progress (5): 112/182 kB | 0.2/2.7 MB | 0.1/1.5 MB | 152/615 kB | 66/778 kB
Progress (5): 112/182 kB | 0.2/2.7 MB | 0.1/1.5 MB | 152/615 kB | 69/778 kB
Progress (5): 112/182 kB | 0.2/2.7 MB | 0.1/1.5 MB | 152/615 kB | 71/778 kB
Progress (5): 112/182 kB | 0.2/2.7 MB | 0.1/1.5 MB | 152/615 kB | 74/778 kB
Progress (5): 112/182 kB | 0.2/2.7 MB | 0.1/1.5 MB | 152/615 kB | 77/778 kB
Progress (5): 112/182 kB | 0.2/2.7 MB | 0.1/1.5 MB | 152/615 kB | 80/778 kB
Progress (5): 112/182 kB | 0.2/2.7 MB | 0.1/1.5 MB | 152/615 kB | 82/778 kB
Progress (5): 112/182 kB | 0.2/2.7 MB | 0.1/1.5 MB | 152/615 kB | 85/778 kB
Progress (5): 112/182 kB | 0.2/2.7 MB | 0.1/1.5 MB | 152/615 kB | 88/778 kB
Progress (5): 112/182 kB | 0.2/2.7 MB | 0.1/1.5 MB | 152/615 kB | 90/778 kB
Progress (5): 112/182 kB | 0.2/2.7 MB | 0.1/1.5 MB | 152/615 kB | 93/778 kB
Progress (5): 112/182 kB | 0.2/2.7 MB | 0.1/1.5 MB | 152/615 kB | 96/778 kB
Progress (5): 112/182 kB | 0.2/2.7 MB | 0.2/1.5 MB | 152/615 kB | 96/778 kB
Progress (5): 112/182 kB | 0.2/2.7 MB | 0.2/1.5 MB | 152/615 kB | 96/778 kB
Progress (5): 112/182 kB | 0.2/2.7 MB | 0.2/1.5 MB | 152/615 kB | 96/778 kB
Progress (5): 112/182 kB | 0.2/2.7 MB | 0.2/1.5 MB | 152/615 kB | 96/778 kB
Progress (5): 115/182 kB | 0.2/2.7 MB | 0.2/1.5 MB | 152/615 kB | 96/778 kB
Progress (5): 118/182 kB | 0.2/2.7 MB | 0.2/1.5 MB | 152/615 kB | 96/778 kB
Progress (5): 121/182 kB | 0.2/2.7 MB | 0.2/1.5 MB | 152/615 kB | 96/778 kB
Progress (5): 123/182 kB | 0.2/2.7 MB | 0.2/1.5 MB | 152/615 kB | 96/778 kB
Progress (5): 126/182 kB | 0.2/2.7 MB | 0.2/1.5 MB | 152/615 kB | 96/778 kB
Progress (5): 129/182 kB | 0.2/2.7 MB | 0.2/1.5 MB | 152/615 kB | 96/778 kB
Progress (5): 132/182 kB | 0.2/2.7 MB | 0.2/1.5 MB | 152/615 kB | 96/778 kB
Progress (5): 134/182 kB | 0.2/2.7 MB | 0.2/1.5 MB | 152/615 kB | 96/778 kB
Progress (5): 134/182 kB | 0.2/2.7 MB | 0.2/1.5 MB | 152/615 kB | 96/778 kB
Progress (5): 134/182 kB | 0.2/2.7 MB | 0.2/1.5 MB | 152/615 kB | 96/778 kB
Progress (5): 134/182 kB | 0.2/2.7 MB | 0.2/1.5 MB | 152/615 kB | 96/778 kB
Progress (5): 134/182 kB | 0.3/2.7 MB | 0.2/1.5 MB | 152/615 kB | 96/778 kB
Progress (5): 134/182 kB | 0.3/2.7 MB | 0.2/1.5 MB | 152/615 kB | 96/778 kB
Progress (5): 137/182 kB | 0.3/2.7 MB | 0.2/1.5 MB | 152/615 kB | 96/778 kB
Progress (5): 140/182 kB | 0.3/2.7 MB | 0.2/1.5 MB | 152/615 kB | 96/778 kB
Progress (5): 143/182 kB | 0.3/2.7 MB | 0.2/1.5 MB | 152/615 kB | 96/778 kB
Progress (5): 145/182 kB | 0.3/2.7 MB | 0.2/1.5 MB | 152/615 kB | 96/778 kB
Progress (5): 148/182 kB | 0.3/2.7 MB | 0.2/1.5 MB | 152/615 kB | 96/778 kB
Progress (5): 148/182 kB | 0.3/2.7 MB | 0.2/1.5 MB | 156/615 kB | 96/778 kB
Progress (5): 148/182 kB | 0.3/2.7 MB | 0.2/1.5 MB | 160/615 kB | 96/778 kB
Progress (5): 148/182 kB | 0.3/2.7 MB | 0.2/1.5 MB | 164/615 kB | 96/778 kB
Progress (5): 148/182 kB | 0.3/2.7 MB | 0.2/1.5 MB | 168/615 kB | 96/778 kB
Progress (5): 148/182 kB | 0.3/2.7 MB | 0.2/1.5 MB | 168/615 kB | 96/778 kB
Progress (5): 148/182 kB | 0.3/2.7 MB | 0.2/1.5 MB | 168/615 kB | 96/778 kB
Progress (5): 148/182 kB | 0.3/2.7 MB | 0.2/1.5 MB | 168/615 kB | 96/778 kB
Progress (5): 148/182 kB | 0.3/2.7 MB | 0.2/1.5 MB | 168/615 kB | 96/778 kB
Progress (5): 148/182 kB | 0.3/2.7 MB | 0.2/1.5 MB | 168/615 kB | 96/778 kB
Progress (5): 151/182 kB | 0.3/2.7 MB | 0.2/1.5 MB | 168/615 kB | 96/778 kB
Progress (5): 154/182 kB | 0.3/2.7 MB | 0.2/1.5 MB | 168/615 kB | 96/778 kB
Progress (5): 156/182 kB | 0.3/2.7 MB | 0.2/1.5 MB | 168/615 kB | 96/778 kB
Progress (5): 159/182 kB | 0.3/2.7 MB | 0.2/1.5 MB | 168/615 kB | 96/778 kB
Progress (5): 162/182 kB | 0.3/2.7 MB | 0.2/1.5 MB | 168/615 kB | 96/778 kB
Progress (5): 162/182 kB | 0.3/2.7 MB | 0.2/1.5 MB | 168/615 kB | 96/778 kB
Progress (5): 162/182 kB | 0.3/2.7 MB | 0.2/1.5 MB | 168/615 kB | 99/778 kB
Progress (5): 162/182 kB | 0.3/2.7 MB | 0.2/1.5 MB | 168/615 kB | 101/778 kB
Progress (5): 162/182 kB | 0.3/2.7 MB | 0.2/1.5 MB | 168/615 kB | 104/778 kB
Progress (5): 162/182 kB | 0.3/2.7 MB | 0.2/1.5 MB | 168/615 kB | 107/778 kB
Progress (5): 162/182 kB | 0.3/2.7 MB | 0.2/1.5 MB | 168/615 kB | 110/778 kB
Progress (5): 162/182 kB | 0.3/2.7 MB | 0.2/1.5 MB | 168/615 kB | 112/778 kB
Progress (5): 162/182 kB | 0.3/2.7 MB | 0.2/1.5 MB | 168/615 kB | 115/778 kB
Progress (5): 162/182 kB | 0.3/2.7 MB | 0.2/1.5 MB | 168/615 kB | 118/778 kB
Progress (5): 162/182 kB | 0.3/2.7 MB | 0.2/1.5 MB | 168/615 kB | 118/778 kB
Progress (5): 162/182 kB | 0.3/2.7 MB | 0.2/1.5 MB | 172/615 kB | 118/778 kB
Progress (5): 162/182 kB | 0.3/2.7 MB | 0.2/1.5 MB | 176/615 kB | 118/778 kB
Progress (5): 162/182 kB | 0.3/2.7 MB | 0.2/1.5 MB | 180/615 kB | 118/778 kB
Progress (5): 162/182 kB | 0.3/2.7 MB | 0.2/1.5 MB | 184/615 kB | 118/778 kB
Progress (5): 162/182 kB | 0.3/2.7 MB | 0.2/1.5 MB | 188/615 kB | 118/778 kB
Progress (5): 162/182 kB | 0.3/2.7 MB | 0.2/1.5 MB | 193/615 kB | 118/778 kB
Progress (5): 162/182 kB | 0.3/2.7 MB | 0.2/1.5 MB | 197/615 kB | 118/778 kB
Progress (5): 162/182 kB | 0.3/2.7 MB | 0.2/1.5 MB | 201/615 kB | 118/778 kB
Progress (5): 162/182 kB | 0.3/2.7 MB | 0.2/1.5 MB | 201/615 kB | 121/778 kB
Progress (5): 162/182 kB | 0.3/2.7 MB | 0.2/1.5 MB | 201/615 kB | 123/778 kB
Progress (5): 162/182 kB | 0.3/2.7 MB | 0.2/1.5 MB | 201/615 kB | 126/778 kB
Progress (5): 162/182 kB | 0.3/2.7 MB | 0.2/1.5 MB | 201/615 kB | 129/778 kB
Progress (5): 162/182 kB | 0.3/2.7 MB | 0.2/1.5 MB | 201/615 kB | 132/778 kB
Progress (5): 162/182 kB | 0.3/2.7 MB | 0.2/1.5 MB | 201/615 kB | 134/778 kB
Progress (5): 162/182 kB | 0.3/2.7 MB | 0.2/1.5 MB | 201/615 kB | 137/778 kB
Progress (5): 162/182 kB | 0.3/2.7 MB | 0.2/1.5 MB | 201/615 kB | 140/778 kB
Progress (5): 165/182 kB | 0.3/2.7 MB | 0.2/1.5 MB | 201/615 kB | 140/778 kB
Progress (5): 167/182 kB | 0.3/2.7 MB | 0.2/1.5 MB | 201/615 kB | 140/778 kB
Progress (5): 170/182 kB | 0.3/2.7 MB | 0.2/1.5 MB | 201/615 kB | 140/778 kB
Progress (5): 173/182 kB | 0.3/2.7 MB | 0.2/1.5 MB | 201/615 kB | 140/778 kB
Progress (5): 175/182 kB | 0.3/2.7 MB | 0.2/1.5 MB | 201/615 kB | 140/778 kB
Progress (5): 178/182 kB | 0.3/2.7 MB | 0.2/1.5 MB | 201/615 kB | 140/778 kB
Progress (5): 181/182 kB | 0.3/2.7 MB | 0.2/1.5 MB | 201/615 kB | 140/778 kB
Progress (5): 182 kB | 0.3/2.7 MB | 0.2/1.5 MB | 201/615 kB | 140/778 kB    
Progress (5): 182 kB | 0.3/2.7 MB | 0.2/1.5 MB | 201/615 kB | 140/778 kB
Progress (5): 182 kB | 0.3/2.7 MB | 0.2/1.5 MB | 201/615 kB | 140/778 kB
Progress (5): 182 kB | 0.3/2.7 MB | 0.2/1.5 MB | 201/615 kB | 140/778 kB
Progress (5): 182 kB | 0.4/2.7 MB | 0.2/1.5 MB | 201/615 kB | 140/778 kB
Progress (5): 182 kB | 0.4/2.7 MB | 0.2/1.5 MB | 201/615 kB | 140/778 kB
Progress (5): 182 kB | 0.4/2.7 MB | 0.2/1.5 MB | 201/615 kB | 140/778 kB
Progress (5): 182 kB | 0.4/2.7 MB | 0.2/1.5 MB | 201/615 kB | 140/778 kB
Progress (5): 182 kB | 0.4/2.7 MB | 0.2/1.5 MB | 205/615 kB | 140/778 kB
Progress (5): 182 kB | 0.4/2.7 MB | 0.2/1.5 MB | 209/615 kB | 140/778 kB
Progress (5): 182 kB | 0.4/2.7 MB | 0.2/1.5 MB | 213/615 kB | 140/778 kB
Progress (5): 182 kB | 0.4/2.7 MB | 0.2/1.5 MB | 217/615 kB | 140/778 kB
Progress (5): 182 kB | 0.4/2.7 MB | 0.2/1.5 MB | 221/615 kB | 140/778 kB
Progress (5): 182 kB | 0.4/2.7 MB | 0.2/1.5 MB | 221/615 kB | 140/778 kB
Progress (5): 182 kB | 0.4/2.7 MB | 0.2/1.5 MB | 221/615 kB | 140/778 kB
Progress (5): 182 kB | 0.4/2.7 MB | 0.3/1.5 MB | 221/615 kB | 140/778 kB
Progress (5): 182 kB | 0.4/2.7 MB | 0.3/1.5 MB | 221/615 kB | 140/778 kB
Progress (5): 182 kB | 0.4/2.7 MB | 0.3/1.5 MB | 221/615 kB | 140/778 kB
Progress (5): 182 kB | 0.4/2.7 MB | 0.3/1.5 MB | 225/615 kB | 140/778 kB
Progress (5): 182 kB | 0.4/2.7 MB | 0.3/1.5 MB | 229/615 kB | 140/778 kB
Progress (5): 182 kB | 0.4/2.7 MB | 0.3/1.5 MB | 229/615 kB | 143/778 kB
Progress (5): 182 kB | 0.4/2.7 MB | 0.3/1.5 MB | 229/615 kB | 145/778 kB
Progress (5): 182 kB | 0.4/2.7 MB | 0.3/1.5 MB | 229/615 kB | 148/778 kB
Progress (5): 182 kB | 0.4/2.7 MB | 0.3/1.5 MB | 229/615 kB | 151/778 kB
Progress (5): 182 kB | 0.4/2.7 MB | 0.3/1.5 MB | 229/615 kB | 154/778 kB
Progress (5): 182 kB | 0.4/2.7 MB | 0.3/1.5 MB | 229/615 kB | 156/778 kB
Progress (5): 182 kB | 0.4/2.7 MB | 0.3/1.5 MB | 229/615 kB | 159/778 kB
Progress (5): 182 kB | 0.4/2.7 MB | 0.3/1.5 MB | 229/615 kB | 162/778 kB
Progress (5): 182 kB | 0.4/2.7 MB | 0.3/1.5 MB | 229/615 kB | 162/778 kB
Progress (5): 182 kB | 0.4/2.7 MB | 0.3/1.5 MB | 229/615 kB | 162/778 kB
Progress (5): 182 kB | 0.4/2.7 MB | 0.3/1.5 MB | 229/615 kB | 162/778 kB
                                                                        
Downloaded from central: https://repo.maven.apache.org/maven2/org/springframework/boot/spring-boot-buildpack-platform/2.3.2.RELEASE/spring-boot-buildpack-platform-2.3.2.RELEASE.jar (182 kB at 951 kB/s)
Downloading from central: https://repo.maven.apache.org/maven2/org/apache/httpcomponents/httpcore/4.4.13/httpcore-4.4.13.jar
Progress (4): 0.4/2.7 MB | 0.3/1.5 MB | 229/615 kB | 165/778 kB
Progress (4): 0.4/2.7 MB | 0.3/1.5 MB | 229/615 kB | 167/778 kB
Progress (4): 0.4/2.7 MB | 0.3/1.5 MB | 229/615 kB | 170/778 kB
Progress (4): 0.4/2.7 MB | 0.3/1.5 MB | 229/615 kB | 173/778 kB
Progress (4): 0.4/2.7 MB | 0.3/1.5 MB | 229/615 kB | 173/778 kB
Progress (4): 0.4/2.7 MB | 0.3/1.5 MB | 229/615 kB | 173/778 kB
Progress (4): 0.4/2.7 MB | 0.3/1.5 MB | 233/615 kB | 173/778 kB
Progress (4): 0.4/2.7 MB | 0.3/1.5 MB | 238/615 kB | 173/778 kB
Progress (4): 0.4/2.7 MB | 0.3/1.5 MB | 242/615 kB | 173/778 kB
Progress (4): 0.4/2.7 MB | 0.3/1.5 MB | 246/615 kB | 173/778 kB
Progress (4): 0.4/2.7 MB | 0.3/1.5 MB | 250/615 kB | 173/778 kB
Progress (4): 0.4/2.7 MB | 0.3/1.5 MB | 254/615 kB | 173/778 kB
Progress (4): 0.4/2.7 MB | 0.3/1.5 MB | 258/615 kB | 173/778 kB
Progress (4): 0.4/2.7 MB | 0.3/1.5 MB | 262/615 kB | 173/778 kB
Progress (4): 0.4/2.7 MB | 0.3/1.5 MB | 266/615 kB | 173/778 kB
Progress (4): 0.4/2.7 MB | 0.3/1.5 MB | 270/615 kB | 173/778 kB
Progress (4): 0.4/2.7 MB | 0.3/1.5 MB | 274/615 kB | 173/778 kB
Progress (4): 0.4/2.7 MB | 0.3/1.5 MB | 279/615 kB | 173/778 kB
Progress (4): 0.4/2.7 MB | 0.3/1.5 MB | 283/615 kB | 173/778 kB
Progress (4): 0.4/2.7 MB | 0.3/1.5 MB | 287/615 kB | 173/778 kB
Progress (4): 0.4/2.7 MB | 0.3/1.5 MB | 291/615 kB | 173/778 kB
Progress (4): 0.4/2.7 MB | 0.3/1.5 MB | 295/615 kB | 173/778 kB
Progress (4): 0.4/2.7 MB | 0.3/1.5 MB | 295/615 kB | 173/778 kB
Progress (4): 0.4/2.7 MB | 0.3/1.5 MB | 295/615 kB | 173/778 kB
Progress (5): 0.4/2.7 MB | 0.3/1.5 MB | 295/615 kB | 173/778 kB | 4.1/329 kB
Progress (5): 0.4/2.7 MB | 0.3/1.5 MB | 295/615 kB | 173/778 kB | 8.2/329 kB
Progress (5): 0.4/2.7 MB | 0.3/1.5 MB | 295/615 kB | 173/778 kB | 12/329 kB 
Progress (5): 0.4/2.7 MB | 0.3/1.5 MB | 295/615 kB | 173/778 kB | 16/329 kB
Progress (5): 0.4/2.7 MB | 0.3/1.5 MB | 295/615 kB | 173/778 kB | 20/329 kB
Progress (5): 0.4/2.7 MB | 0.3/1.5 MB | 295/615 kB | 173/778 kB | 25/329 kB
Progress (5): 0.4/2.7 MB | 0.3/1.5 MB | 295/615 kB | 173/778 kB | 29/329 kB
Progress (5): 0.4/2.7 MB | 0.3/1.5 MB | 295/615 kB | 173/778 kB | 33/329 kB
Progress (5): 0.4/2.7 MB | 0.3/1.5 MB | 295/615 kB | 173/778 kB | 33/329 kB
Progress (5): 0.4/2.7 MB | 0.3/1.5 MB | 295/615 kB | 173/778 kB | 33/329 kB
Progress (5): 0.4/2.7 MB | 0.3/1.5 MB | 295/615 kB | 175/778 kB | 33/329 kB
Progress (5): 0.4/2.7 MB | 0.3/1.5 MB | 295/615 kB | 178/778 kB | 33/329 kB
Progress (5): 0.4/2.7 MB | 0.3/1.5 MB | 295/615 kB | 181/778 kB | 33/329 kB
Progress (5): 0.4/2.7 MB | 0.3/1.5 MB | 295/615 kB | 184/778 kB | 33/329 kB
Progress (5): 0.4/2.7 MB | 0.3/1.5 MB | 295/615 kB | 186/778 kB | 33/329 kB
Progress (5): 0.4/2.7 MB | 0.3/1.5 MB | 295/615 kB | 189/778 kB | 33/329 kB
Progress (5): 0.4/2.7 MB | 0.3/1.5 MB | 295/615 kB | 192/778 kB | 33/329 kB
Progress (5): 0.4/2.7 MB | 0.3/1.5 MB | 295/615 kB | 195/778 kB | 33/329 kB
Progress (5): 0.4/2.7 MB | 0.3/1.5 MB | 299/615 kB | 195/778 kB | 33/329 kB
Progress (5): 0.4/2.7 MB | 0.3/1.5 MB | 303/615 kB | 195/778 kB | 33/329 kB
Progress (5): 0.4/2.7 MB | 0.3/1.5 MB | 307/615 kB | 195/778 kB | 33/329 kB
Progress (5): 0.4/2.7 MB | 0.3/1.5 MB | 311/615 kB | 195/778 kB | 33/329 kB
Progress (5): 0.4/2.7 MB | 0.3/1.5 MB | 315/615 kB | 195/778 kB | 33/329 kB
Progress (5): 0.4/2.7 MB | 0.3/1.5 MB | 319/615 kB | 195/778 kB | 33/329 kB
Progress (5): 0.4/2.7 MB | 0.3/1.5 MB | 324/615 kB | 195/778 kB | 33/329 kB
Progress (5): 0.4/2.7 MB | 0.3/1.5 MB | 328/615 kB | 195/778 kB | 33/329 kB
Progress (5): 0.4/2.7 MB | 0.3/1.5 MB | 332/615 kB | 195/778 kB | 33/329 kB
Progress (5): 0.4/2.7 MB | 0.3/1.5 MB | 336/615 kB | 195/778 kB | 33/329 kB
Progress (5): 0.4/2.7 MB | 0.3/1.5 MB | 340/615 kB | 195/778 kB | 33/329 kB
Progress (5): 0.4/2.7 MB | 0.3/1.5 MB | 344/615 kB | 195/778 kB | 33/329 kB
Progress (5): 0.4/2.7 MB | 0.3/1.5 MB | 344/615 kB | 195/778 kB | 37/329 kB
Progress (5): 0.4/2.7 MB | 0.3/1.5 MB | 344/615 kB | 195/778 kB | 41/329 kB
Progress (5): 0.4/2.7 MB | 0.3/1.5 MB | 344/615 kB | 195/778 kB | 45/329 kB
Progress (5): 0.4/2.7 MB | 0.3/1.5 MB | 344/615 kB | 195/778 kB | 49/329 kB
Progress (5): 0.4/2.7 MB | 0.3/1.5 MB | 344/615 kB | 195/778 kB | 53/329 kB
Progress (5): 0.4/2.7 MB | 0.3/1.5 MB | 344/615 kB | 195/778 kB | 57/329 kB
Progress (5): 0.4/2.7 MB | 0.3/1.5 MB | 344/615 kB | 195/778 kB | 61/329 kB
Progress (5): 0.4/2.7 MB | 0.3/1.5 MB | 344/615 kB | 195/778 kB | 66/329 kB
Progress (5): 0.5/2.7 MB | 0.3/1.5 MB | 344/615 kB | 195/778 kB | 66/329 kB
Progress (5): 0.5/2.7 MB | 0.3/1.5 MB | 344/615 kB | 195/778 kB | 66/329 kB
Progress (5): 0.5/2.7 MB | 0.3/1.5 MB | 344/615 kB | 195/778 kB | 66/329 kB
Progress (5): 0.5/2.7 MB | 0.3/1.5 MB | 344/615 kB | 195/778 kB | 66/329 kB
Progress (5): 0.5/2.7 MB | 0.3/1.5 MB | 344/615 kB | 195/778 kB | 66/329 kB
Progress (5): 0.5/2.7 MB | 0.3/1.5 MB | 344/615 kB | 195/778 kB | 66/329 kB
Progress (5): 0.5/2.7 MB | 0.3/1.5 MB | 344/615 kB | 195/778 kB | 66/329 kB
Progress (5): 0.5/2.7 MB | 0.3/1.5 MB | 344/615 kB | 195/778 kB | 66/329 kB
Progress (5): 0.5/2.7 MB | 0.3/1.5 MB | 344/615 kB | 195/778 kB | 66/329 kB
Progress (5): 0.5/2.7 MB | 0.3/1.5 MB | 344/615 kB | 195/778 kB | 66/329 kB
Progress (5): 0.5/2.7 MB | 0.3/1.5 MB | 344/615 kB | 195/778 kB | 66/329 kB
Progress (5): 0.5/2.7 MB | 0.3/1.5 MB | 344/615 kB | 195/778 kB | 66/329 kB
Progress (5): 0.5/2.7 MB | 0.3/1.5 MB | 344/615 kB | 195/778 kB | 66/329 kB
Progress (5): 0.5/2.7 MB | 0.3/1.5 MB | 344/615 kB | 195/778 kB | 66/329 kB
Progress (5): 0.6/2.7 MB | 0.3/1.5 MB | 344/615 kB | 195/778 kB | 66/329 kB
Progress (5): 0.6/2.7 MB | 0.3/1.5 MB | 348/615 kB | 195/778 kB | 66/329 kB
Progress (5): 0.6/2.7 MB | 0.3/1.5 MB | 348/615 kB | 195/778 kB | 70/329 kB
Progress (5): 0.6/2.7 MB | 0.3/1.5 MB | 348/615 kB | 195/778 kB | 74/329 kB
Progress (5): 0.6/2.7 MB | 0.3/1.5 MB | 348/615 kB | 195/778 kB | 78/329 kB
Progress (5): 0.6/2.7 MB | 0.3/1.5 MB | 348/615 kB | 195/778 kB | 82/329 kB
Progress (5): 0.6/2.7 MB | 0.3/1.5 MB | 348/615 kB | 195/778 kB | 86/329 kB
Progress (5): 0.6/2.7 MB | 0.3/1.5 MB | 348/615 kB | 195/778 kB | 90/329 kB
Progress (5): 0.6/2.7 MB | 0.3/1.5 MB | 348/615 kB | 195/778 kB | 94/329 kB
Progress (5): 0.6/2.7 MB | 0.3/1.5 MB | 348/615 kB | 195/778 kB | 98/329 kB
Progress (5): 0.6/2.7 MB | 0.3/1.5 MB | 348/615 kB | 195/778 kB | 102/329 kB
Progress (5): 0.6/2.7 MB | 0.3/1.5 MB | 348/615 kB | 195/778 kB | 106/329 kB
Progress (5): 0.6/2.7 MB | 0.3/1.5 MB | 348/615 kB | 197/778 kB | 106/329 kB
Progress (5): 0.6/2.7 MB | 0.3/1.5 MB | 348/615 kB | 200/778 kB | 106/329 kB
Progress (5): 0.6/2.7 MB | 0.3/1.5 MB | 348/615 kB | 203/778 kB | 106/329 kB
Progress (5): 0.6/2.7 MB | 0.3/1.5 MB | 348/615 kB | 206/778 kB | 106/329 kB
Progress (5): 0.6/2.7 MB | 0.3/1.5 MB | 348/615 kB | 208/778 kB | 106/329 kB
Progress (5): 0.6/2.7 MB | 0.3/1.5 MB | 348/615 kB | 211/778 kB | 106/329 kB
Progress (5): 0.6/2.7 MB | 0.3/1.5 MB | 348/615 kB | 214/778 kB | 106/329 kB
Progress (5): 0.6/2.7 MB | 0.3/1.5 MB | 352/615 kB | 214/778 kB | 106/329 kB
Progress (5): 0.6/2.7 MB | 0.3/1.5 MB | 356/615 kB | 214/778 kB | 106/329 kB
Progress (5): 0.6/2.7 MB | 0.3/1.5 MB | 360/615 kB | 214/778 kB | 106/329 kB
Progress (5): 0.6/2.7 MB | 0.3/1.5 MB | 365/615 kB | 214/778 kB | 106/329 kB
Progress (5): 0.6/2.7 MB | 0.4/1.5 MB | 365/615 kB | 214/778 kB | 106/329 kB
Progress (5): 0.6/2.7 MB | 0.4/1.5 MB | 365/615 kB | 214/778 kB | 106/329 kB
Progress (5): 0.6/2.7 MB | 0.4/1.5 MB | 365/615 kB | 214/778 kB | 106/329 kB
Progress (5): 0.6/2.7 MB | 0.4/1.5 MB | 365/615 kB | 214/778 kB | 106/329 kB
Progress (5): 0.6/2.7 MB | 0.4/1.5 MB | 365/615 kB | 214/778 kB | 106/329 kB
Progress (5): 0.6/2.7 MB | 0.4/1.5 MB | 365/615 kB | 214/778 kB | 106/329 kB
Progress (5): 0.6/2.7 MB | 0.4/1.5 MB | 365/615 kB | 214/778 kB | 106/329 kB
Progress (5): 0.6/2.7 MB | 0.4/1.5 MB | 365/615 kB | 214/778 kB | 106/329 kB
Progress (5): 0.6/2.7 MB | 0.4/1.5 MB | 365/615 kB | 214/778 kB | 111/329 kB
Progress (5): 0.6/2.7 MB | 0.4/1.5 MB | 365/615 kB | 214/778 kB | 115/329 kB
Progress (5): 0.6/2.7 MB | 0.4/1.5 MB | 365/615 kB | 214/778 kB | 119/329 kB
Progress (5): 0.6/2.7 MB | 0.4/1.5 MB | 365/615 kB | 214/778 kB | 123/329 kB
Progress (5): 0.6/2.7 MB | 0.4/1.5 MB | 365/615 kB | 214/778 kB | 123/329 kB
Progress (5): 0.6/2.7 MB | 0.4/1.5 MB | 365/615 kB | 217/778 kB | 123/329 kB
Progress (5): 0.6/2.7 MB | 0.4/1.5 MB | 365/615 kB | 219/778 kB | 123/329 kB
Progress (5): 0.6/2.7 MB | 0.4/1.5 MB | 365/615 kB | 222/778 kB | 123/329 kB
Progress (5): 0.6/2.7 MB | 0.4/1.5 MB | 365/615 kB | 225/778 kB | 123/329 kB
Progress (5): 0.6/2.7 MB | 0.4/1.5 MB | 365/615 kB | 228/778 kB | 123/329 kB
Progress (5): 0.6/2.7 MB | 0.4/1.5 MB | 365/615 kB | 230/778 kB | 123/329 kB
Progress (5): 0.6/2.7 MB | 0.4/1.5 MB | 365/615 kB | 233/778 kB | 123/329 kB
Progress (5): 0.6/2.7 MB | 0.4/1.5 MB | 365/615 kB | 236/778 kB | 123/329 kB
Progress (5): 0.6/2.7 MB | 0.4/1.5 MB | 365/615 kB | 239/778 kB | 123/329 kB
Progress (5): 0.6/2.7 MB | 0.4/1.5 MB | 365/615 kB | 241/778 kB | 123/329 kB
Progress (5): 0.6/2.7 MB | 0.4/1.5 MB | 365/615 kB | 244/778 kB | 123/329 kB
Progress (5): 0.6/2.7 MB | 0.4/1.5 MB | 365/615 kB | 247/778 kB | 123/329 kB
Progress (5): 0.6/2.7 MB | 0.4/1.5 MB | 365/615 kB | 250/778 kB | 123/329 kB
Progress (5): 0.6/2.7 MB | 0.4/1.5 MB | 365/615 kB | 252/778 kB | 123/329 kB
Progress (5): 0.6/2.7 MB | 0.4/1.5 MB | 369/615 kB | 252/778 kB | 123/329 kB
Progress (5): 0.6/2.7 MB | 0.4/1.5 MB | 373/615 kB | 252/778 kB | 123/329 kB
Progress (5): 0.6/2.7 MB | 0.4/1.5 MB | 377/615 kB | 252/778 kB | 123/329 kB
Progress (5): 0.6/2.7 MB | 0.4/1.5 MB | 381/615 kB | 252/778 kB | 123/329 kB
Progress (5): 0.6/2.7 MB | 0.4/1.5 MB | 385/615 kB | 252/778 kB | 123/329 kB
Progress (5): 0.6/2.7 MB | 0.4/1.5 MB | 389/615 kB | 252/778 kB | 123/329 kB
Progress (5): 0.6/2.7 MB | 0.4/1.5 MB | 393/615 kB | 252/778 kB | 123/329 kB
Progress (5): 0.6/2.7 MB | 0.4/1.5 MB | 397/615 kB | 252/778 kB | 123/329 kB
Progress (5): 0.6/2.7 MB | 0.4/1.5 MB | 401/615 kB | 252/778 kB | 123/329 kB
Progress (5): 0.6/2.7 MB | 0.4/1.5 MB | 406/615 kB | 252/778 kB | 123/329 kB
Progress (5): 0.6/2.7 MB | 0.4/1.5 MB | 410/615 kB | 252/778 kB | 123/329 kB
Progress (5): 0.6/2.7 MB | 0.4/1.5 MB | 414/615 kB | 252/778 kB | 123/329 kB
Progress (5): 0.6/2.7 MB | 0.4/1.5 MB | 418/615 kB | 252/778 kB | 123/329 kB
Progress (5): 0.6/2.7 MB | 0.4/1.5 MB | 422/615 kB | 252/778 kB | 123/329 kB
Progress (5): 0.6/2.7 MB | 0.4/1.5 MB | 426/615 kB | 252/778 kB | 123/329 kB
Progress (5): 0.6/2.7 MB | 0.4/1.5 MB | 426/615 kB | 252/778 kB | 123/329 kB
Progress (5): 0.6/2.7 MB | 0.4/1.5 MB | 426/615 kB | 252/778 kB | 123/329 kB
Progress (5): 0.6/2.7 MB | 0.4/1.5 MB | 426/615 kB | 252/778 kB | 123/329 kB
Progress (5): 0.6/2.7 MB | 0.4/1.5 MB | 426/615 kB | 252/778 kB | 127/329 kB
Progress (5): 0.6/2.7 MB | 0.4/1.5 MB | 426/615 kB | 252/778 kB | 131/329 kB
Progress (5): 0.6/2.7 MB | 0.4/1.5 MB | 426/615 kB | 252/778 kB | 135/329 kB
Progress (5): 0.6/2.7 MB | 0.4/1.5 MB | 426/615 kB | 252/778 kB | 139/329 kB
Progress (5): 0.6/2.7 MB | 0.4/1.5 MB | 426/615 kB | 252/778 kB | 143/329 kB
Progress (5): 0.6/2.7 MB | 0.4/1.5 MB | 426/615 kB | 252/778 kB | 147/329 kB
Progress (5): 0.6/2.7 MB | 0.4/1.5 MB | 426/615 kB | 252/778 kB | 152/329 kB
Progress (5): 0.6/2.7 MB | 0.4/1.5 MB | 426/615 kB | 252/778 kB | 156/329 kB
Progress (5): 0.6/2.7 MB | 0.4/1.5 MB | 426/615 kB | 252/778 kB | 160/329 kB
Progress (5): 0.6/2.7 MB | 0.4/1.5 MB | 426/615 kB | 255/778 kB | 160/329 kB
Progress (5): 0.6/2.7 MB | 0.4/1.5 MB | 426/615 kB | 259/778 kB | 160/329 kB
Progress (5): 0.6/2.7 MB | 0.4/1.5 MB | 426/615 kB | 263/778 kB | 160/329 kB
Progress (5): 0.6/2.7 MB | 0.4/1.5 MB | 426/615 kB | 267/778 kB | 160/329 kB
Progress (5): 0.6/2.7 MB | 0.4/1.5 MB | 426/615 kB | 271/778 kB | 160/329 kB
Progress (5): 0.6/2.7 MB | 0.4/1.5 MB | 426/615 kB | 275/778 kB | 160/329 kB
Progress (5): 0.6/2.7 MB | 0.4/1.5 MB | 426/615 kB | 280/778 kB | 160/329 kB
Progress (5): 0.6/2.7 MB | 0.4/1.5 MB | 426/615 kB | 284/778 kB | 160/329 kB
Progress (5): 0.6/2.7 MB | 0.4/1.5 MB | 426/615 kB | 288/778 kB | 160/329 kB
Progress (5): 0.6/2.7 MB | 0.4/1.5 MB | 426/615 kB | 288/778 kB | 160/329 kB
Progress (5): 0.6/2.7 MB | 0.4/1.5 MB | 426/615 kB | 288/778 kB | 160/329 kB
Progress (5): 0.6/2.7 MB | 0.4/1.5 MB | 426/615 kB | 288/778 kB | 160/329 kB
Progress (5): 0.6/2.7 MB | 0.4/1.5 MB | 426/615 kB | 288/778 kB | 160/329 kB
Progress (5): 0.6/2.7 MB | 0.4/1.5 MB | 426/615 kB | 288/778 kB | 160/329 kB
Progress (5): 0.6/2.7 MB | 0.4/1.5 MB | 426/615 kB | 288/778 kB | 160/329 kB
Progress (5): 0.6/2.7 MB | 0.5/1.5 MB | 426/615 kB | 288/778 kB | 160/329 kB
Progress (5): 0.6/2.7 MB | 0.5/1.5 MB | 426/615 kB | 288/778 kB | 160/329 kB
Progress (5): 0.6/2.7 MB | 0.5/1.5 MB | 426/615 kB | 288/778 kB | 164/329 kB
Progress (5): 0.6/2.7 MB | 0.5/1.5 MB | 426/615 kB | 288/778 kB | 168/329 kB
Progress (5): 0.6/2.7 MB | 0.5/1.5 MB | 430/615 kB | 288/778 kB | 168/329 kB
Progress (5): 0.6/2.7 MB | 0.5/1.5 MB | 434/615 kB | 288/778 kB | 168/329 kB
Progress (5): 0.6/2.7 MB | 0.5/1.5 MB | 438/615 kB | 288/778 kB | 168/329 kB
Progress (5): 0.6/2.7 MB | 0.5/1.5 MB | 442/615 kB | 288/778 kB | 168/329 kB
Progress (5): 0.6/2.7 MB | 0.5/1.5 MB | 446/615 kB | 288/778 kB | 168/329 kB
Progress (5): 0.6/2.7 MB | 0.5/1.5 MB | 451/615 kB | 288/778 kB | 168/329 kB
Progress (5): 0.6/2.7 MB | 0.5/1.5 MB | 455/615 kB | 288/778 kB | 168/329 kB
Progress (5): 0.6/2.7 MB | 0.5/1.5 MB | 459/615 kB | 288/778 kB | 168/329 kB
Progress (5): 0.6/2.7 MB | 0.5/1.5 MB | 463/615 kB | 288/778 kB | 168/329 kB
Progress (5): 0.6/2.7 MB | 0.5/1.5 MB | 467/615 kB | 288/778 kB | 168/329 kB
Progress (5): 0.6/2.7 MB | 0.5/1.5 MB | 471/615 kB | 288/778 kB | 168/329 kB
Progress (5): 0.6/2.7 MB | 0.5/1.5 MB | 475/615 kB | 288/778 kB | 168/329 kB
Progress (5): 0.6/2.7 MB | 0.5/1.5 MB | 479/615 kB | 288/778 kB | 168/329 kB
Progress (5): 0.6/2.7 MB | 0.5/1.5 MB | 483/615 kB | 288/778 kB | 168/329 kB
Progress (5): 0.6/2.7 MB | 0.5/1.5 MB | 487/615 kB | 288/778 kB | 168/329 kB
Progress (5): 0.6/2.7 MB | 0.5/1.5 MB | 487/615 kB | 288/778 kB | 168/329 kB
Progress (5): 0.7/2.7 MB | 0.5/1.5 MB | 487/615 kB | 288/778 kB | 168/329 kB
Progress (5): 0.7/2.7 MB | 0.5/1.5 MB | 487/615 kB | 288/778 kB | 168/329 kB
Progress (5): 0.7/2.7 MB | 0.5/1.5 MB | 487/615 kB | 288/778 kB | 168/329 kB
Progress (5): 0.7/2.7 MB | 0.5/1.5 MB | 487/615 kB | 288/778 kB | 168/329 kB
Progress (5): 0.7/2.7 MB | 0.5/1.5 MB | 487/615 kB | 288/778 kB | 168/329 kB
Progress (5): 0.7/2.7 MB | 0.5/1.5 MB | 487/615 kB | 292/778 kB | 168/329 kB
Progress (5): 0.7/2.7 MB | 0.5/1.5 MB | 487/615 kB | 296/778 kB | 168/329 kB
Progress (5): 0.7/2.7 MB | 0.5/1.5 MB | 487/615 kB | 300/778 kB | 168/329 kB
Progress (5): 0.7/2.7 MB | 0.5/1.5 MB | 487/615 kB | 304/778 kB | 168/329 kB
Progress (5): 0.7/2.7 MB | 0.5/1.5 MB | 487/615 kB | 308/778 kB | 168/329 kB
Progress (5): 0.7/2.7 MB | 0.5/1.5 MB | 487/615 kB | 308/778 kB | 172/329 kB
Progress (5): 0.7/2.7 MB | 0.5/1.5 MB | 487/615 kB | 308/778 kB | 176/329 kB
Progress (5): 0.7/2.7 MB | 0.5/1.5 MB | 487/615 kB | 308/778 kB | 180/329 kB
Progress (5): 0.7/2.7 MB | 0.5/1.5 MB | 487/615 kB | 308/778 kB | 184/329 kB
Progress (5): 0.7/2.7 MB | 0.5/1.5 MB | 487/615 kB | 308/778 kB | 188/329 kB
Progress (5): 0.7/2.7 MB | 0.5/1.5 MB | 487/615 kB | 308/778 kB | 193/329 kB
Progress (5): 0.7/2.7 MB | 0.5/1.5 MB | 487/615 kB | 308/778 kB | 197/329 kB
Progress (5): 0.7/2.7 MB | 0.5/1.5 MB | 487/615 kB | 308/778 kB | 201/329 kB
Progress (5): 0.7/2.7 MB | 0.5/1.5 MB | 487/615 kB | 308/778 kB | 205/329 kB
Progress (5): 0.7/2.7 MB | 0.5/1.5 MB | 487/615 kB | 308/778 kB | 209/329 kB
Progress (5): 0.7/2.7 MB | 0.5/1.5 MB | 487/615 kB | 308/778 kB | 213/329 kB
Progress (5): 0.7/2.7 MB | 0.5/1.5 MB | 487/615 kB | 308/778 kB | 217/329 kB
Progress (5): 0.7/2.7 MB | 0.5/1.5 MB | 487/615 kB | 308/778 kB | 221/329 kB
Progress (5): 0.7/2.7 MB | 0.5/1.5 MB | 487/615 kB | 308/778 kB | 225/329 kB
Progress (5): 0.7/2.7 MB | 0.5/1.5 MB | 487/615 kB | 308/778 kB | 225/329 kB
Progress (5): 0.7/2.7 MB | 0.5/1.5 MB | 487/615 kB | 308/778 kB | 225/329 kB
Progress (5): 0.7/2.7 MB | 0.5/1.5 MB | 487/615 kB | 308/778 kB | 225/329 kB
Progress (5): 0.7/2.7 MB | 0.5/1.5 MB | 487/615 kB | 308/778 kB | 225/329 kB
Progress (5): 0.7/2.7 MB | 0.5/1.5 MB | 487/615 kB | 308/778 kB | 225/329 kB
Progress (5): 0.7/2.7 MB | 0.5/1.5 MB | 487/615 kB | 308/778 kB | 225/329 kB
Progress (5): 0.7/2.7 MB | 0.5/1.5 MB | 487/615 kB | 308/778 kB | 225/329 kB
Progress (5): 0.7/2.7 MB | 0.5/1.5 MB | 492/615 kB | 308/778 kB | 225/329 kB
Progress (5): 0.7/2.7 MB | 0.5/1.5 MB | 496/615 kB | 308/778 kB | 225/329 kB
Progress (5): 0.7/2.7 MB | 0.5/1.5 MB | 500/615 kB | 308/778 kB | 225/329 kB
Progress (5): 0.7/2.7 MB | 0.5/1.5 MB | 504/615 kB | 308/778 kB | 225/329 kB
Progress (5): 0.7/2.7 MB | 0.5/1.5 MB | 508/615 kB | 308/778 kB | 225/329 kB
Progress (5): 0.7/2.7 MB | 0.5/1.5 MB | 512/615 kB | 308/778 kB | 225/329 kB
Progress (5): 0.7/2.7 MB | 0.5/1.5 MB | 516/615 kB | 308/778 kB | 225/329 kB
Progress (5): 0.7/2.7 MB | 0.5/1.5 MB | 520/615 kB | 308/778 kB | 225/329 kB
Progress (5): 0.7/2.7 MB | 0.5/1.5 MB | 524/615 kB | 308/778 kB | 225/329 kB
Progress (5): 0.7/2.7 MB | 0.5/1.5 MB | 528/615 kB | 308/778 kB | 225/329 kB
Progress (5): 0.7/2.7 MB | 0.5/1.5 MB | 532/615 kB | 308/778 kB | 225/329 kB
Progress (5): 0.7/2.7 MB | 0.5/1.5 MB | 537/615 kB | 308/778 kB | 225/329 kB
Progress (5): 0.7/2.7 MB | 0.5/1.5 MB | 541/615 kB | 308/778 kB | 225/329 kB
Progress (5): 0.7/2.7 MB | 0.5/1.5 MB | 541/615 kB | 312/778 kB | 225/329 kB
Progress (5): 0.7/2.7 MB | 0.5/1.5 MB | 541/615 kB | 316/778 kB | 225/329 kB
Progress (5): 0.7/2.7 MB | 0.5/1.5 MB | 541/615 kB | 321/778 kB | 225/329 kB
Progress (5): 0.7/2.7 MB | 0.5/1.5 MB | 541/615 kB | 325/778 kB | 225/329 kB
Progress (5): 0.7/2.7 MB | 0.5/1.5 MB | 541/615 kB | 329/778 kB | 225/329 kB
Progress (5): 0.7/2.7 MB | 0.5/1.5 MB | 541/615 kB | 333/778 kB | 225/329 kB
Progress (5): 0.7/2.7 MB | 0.5/1.5 MB | 541/615 kB | 337/778 kB | 225/329 kB
Progress (5): 0.7/2.7 MB | 0.5/1.5 MB | 541/615 kB | 341/778 kB | 225/329 kB
Progress (5): 0.7/2.7 MB | 0.5/1.5 MB | 541/615 kB | 345/778 kB | 225/329 kB
Progress (5): 0.7/2.7 MB | 0.5/1.5 MB | 541/615 kB | 349/778 kB | 225/329 kB
Progress (5): 0.7/2.7 MB | 0.5/1.5 MB | 541/615 kB | 353/778 kB | 225/329 kB
Progress (5): 0.7/2.7 MB | 0.5/1.5 MB | 541/615 kB | 357/778 kB | 225/329 kB
Progress (5): 0.7/2.7 MB | 0.5/1.5 MB | 541/615 kB | 362/778 kB | 225/329 kB
Progress (5): 0.7/2.7 MB | 0.5/1.5 MB | 541/615 kB | 366/778 kB | 225/329 kB
Progress (5): 0.7/2.7 MB | 0.5/1.5 MB | 541/615 kB | 370/778 kB | 225/329 kB
Progress (5): 0.7/2.7 MB | 0.5/1.5 MB | 541/615 kB | 370/778 kB | 229/329 kB
Progress (5): 0.7/2.7 MB | 0.5/1.5 MB | 541/615 kB | 370/778 kB | 233/329 kB
Progress (5): 0.7/2.7 MB | 0.5/1.5 MB | 541/615 kB | 370/778 kB | 238/329 kB
Progress (5): 0.7/2.7 MB | 0.5/1.5 MB | 541/615 kB | 370/778 kB | 242/329 kB
Progress (5): 0.7/2.7 MB | 0.5/1.5 MB | 541/615 kB | 370/778 kB | 246/329 kB
Progress (5): 0.7/2.7 MB | 0.5/1.5 MB | 541/615 kB | 370/778 kB | 246/329 kB
Progress (5): 0.7/2.7 MB | 0.5/1.5 MB | 541/615 kB | 370/778 kB | 246/329 kB
Progress (5): 0.7/2.7 MB | 0.5/1.5 MB | 541/615 kB | 370/778 kB | 246/329 kB
Progress (5): 0.7/2.7 MB | 0.5/1.5 MB | 541/615 kB | 370/778 kB | 246/329 kB
Progress (5): 0.7/2.7 MB | 0.5/1.5 MB | 541/615 kB | 370/778 kB | 246/329 kB
Progress (5): 0.7/2.7 MB | 0.5/1.5 MB | 541/615 kB | 370/778 kB | 246/329 kB
Progress (5): 0.7/2.7 MB | 0.5/1.5 MB | 541/615 kB | 374/778 kB | 246/329 kB
Progress (5): 0.7/2.7 MB | 0.5/1.5 MB | 541/615 kB | 378/778 kB | 246/329 kB
Progress (5): 0.8/2.7 MB | 0.5/1.5 MB | 541/615 kB | 378/778 kB | 246/329 kB
Progress (5): 0.8/2.7 MB | 0.5/1.5 MB | 541/615 kB | 378/778 kB | 246/329 kB
Progress (5): 0.8/2.7 MB | 0.5/1.5 MB | 541/615 kB | 378/778 kB | 246/329 kB
Progress (5): 0.8/2.7 MB | 0.5/1.5 MB | 545/615 kB | 378/778 kB | 246/329 kB
Progress (5): 0.8/2.7 MB | 0.5/1.5 MB | 549/615 kB | 378/778 kB | 246/329 kB
Progress (5): 0.8/2.7 MB | 0.5/1.5 MB | 553/615 kB | 378/778 kB | 246/329 kB
Progress (5): 0.8/2.7 MB | 0.5/1.5 MB | 557/615 kB | 378/778 kB | 246/329 kB
Progress (5): 0.8/2.7 MB | 0.5/1.5 MB | 557/615 kB | 378/778 kB | 250/329 kB
Progress (5): 0.8/2.7 MB | 0.5/1.5 MB | 557/615 kB | 378/778 kB | 254/329 kB
Progress (5): 0.8/2.7 MB | 0.5/1.5 MB | 557/615 kB | 378/778 kB | 258/329 kB
Progress (5): 0.8/2.7 MB | 0.5/1.5 MB | 557/615 kB | 378/778 kB | 262/329 kB
Progress (5): 0.8/2.7 MB | 0.5/1.5 MB | 557/615 kB | 378/778 kB | 266/329 kB
Progress (5): 0.8/2.7 MB | 0.5/1.5 MB | 557/615 kB | 378/778 kB | 270/329 kB
Progress (5): 0.8/2.7 MB | 0.5/1.5 MB | 557/615 kB | 378/778 kB | 274/329 kB
Progress (5): 0.8/2.7 MB | 0.5/1.5 MB | 557/615 kB | 378/778 kB | 279/329 kB
Progress (5): 0.8/2.7 MB | 0.5/1.5 MB | 557/615 kB | 378/778 kB | 283/329 kB
Progress (5): 0.8/2.7 MB | 0.5/1.5 MB | 557/615 kB | 378/778 kB | 287/329 kB
Progress (5): 0.8/2.7 MB | 0.5/1.5 MB | 557/615 kB | 382/778 kB | 287/329 kB
Progress (5): 0.8/2.7 MB | 0.5/1.5 MB | 557/615 kB | 386/778 kB | 287/329 kB
Progress (5): 0.8/2.7 MB | 0.5/1.5 MB | 557/615 kB | 390/778 kB | 287/329 kB
Progress (5): 0.8/2.7 MB | 0.5/1.5 MB | 557/615 kB | 394/778 kB | 287/329 kB
Progress (5): 0.8/2.7 MB | 0.5/1.5 MB | 557/615 kB | 398/778 kB | 287/329 kB
Progress (5): 0.8/2.7 MB | 0.5/1.5 MB | 557/615 kB | 402/778 kB | 287/329 kB
Progress (5): 0.8/2.7 MB | 0.5/1.5 MB | 557/615 kB | 407/778 kB | 287/329 kB
Progress (5): 0.8/2.7 MB | 0.5/1.5 MB | 557/615 kB | 407/778 kB | 287/329 kB
Progress (5): 0.8/2.7 MB | 0.6/1.5 MB | 557/615 kB | 407/778 kB | 287/329 kB
Progress (5): 0.8/2.7 MB | 0.6/1.5 MB | 557/615 kB | 407/778 kB | 287/329 kB
Progress (5): 0.8/2.7 MB | 0.6/1.5 MB | 557/615 kB | 407/778 kB | 287/329 kB
Progress (5): 0.8/2.7 MB | 0.6/1.5 MB | 557/615 kB | 407/778 kB | 287/329 kB
Progress (5): 0.8/2.7 MB | 0.6/1.5 MB | 557/615 kB | 407/778 kB | 287/329 kB
Progress (5): 0.8/2.7 MB | 0.6/1.5 MB | 557/615 kB | 407/778 kB | 287/329 kB
Progress (5): 0.8/2.7 MB | 0.6/1.5 MB | 557/615 kB | 407/778 kB | 287/329 kB
Progress (5): 0.8/2.7 MB | 0.6/1.5 MB | 557/615 kB | 407/778 kB | 287/329 kB
Progress (5): 0.8/2.7 MB | 0.6/1.5 MB | 557/615 kB | 407/778 kB | 287/329 kB
Progress (5): 0.8/2.7 MB | 0.6/1.5 MB | 561/615 kB | 407/778 kB | 287/329 kB
Progress (5): 0.8/2.7 MB | 0.6/1.5 MB | 565/615 kB | 407/778 kB | 287/329 kB
Progress (5): 0.8/2.7 MB | 0.6/1.5 MB | 569/615 kB | 407/778 kB | 287/329 kB
Progress (5): 0.8/2.7 MB | 0.6/1.5 MB | 573/615 kB | 407/778 kB | 287/329 kB
Progress (5): 0.8/2.7 MB | 0.6/1.5 MB | 578/615 kB | 407/778 kB | 287/329 kB
Progress (5): 0.8/2.7 MB | 0.6/1.5 MB | 582/615 kB | 407/778 kB | 287/329 kB
Progress (5): 0.8/2.7 MB | 0.6/1.5 MB | 586/615 kB | 407/778 kB | 287/329 kB
Progress (5): 0.8/2.7 MB | 0.6/1.5 MB | 590/615 kB | 407/778 kB | 287/329 kB
Progress (5): 0.8/2.7 MB | 0.6/1.5 MB | 594/615 kB | 407/778 kB | 287/329 kB
Progress (5): 0.8/2.7 MB | 0.6/1.5 MB | 594/615 kB | 407/778 kB | 291/329 kB
Progress (5): 0.8/2.7 MB | 0.6/1.5 MB | 594/615 kB | 407/778 kB | 295/329 kB
Progress (5): 0.8/2.7 MB | 0.6/1.5 MB | 594/615 kB | 407/778 kB | 299/329 kB
Progress (5): 0.8/2.7 MB | 0.6/1.5 MB | 594/615 kB | 407/778 kB | 303/329 kB
Progress (5): 0.8/2.7 MB | 0.6/1.5 MB | 594/615 kB | 407/778 kB | 307/329 kB
Progress (5): 0.8/2.7 MB | 0.6/1.5 MB | 594/615 kB | 407/778 kB | 311/329 kB
Progress (5): 0.8/2.7 MB | 0.6/1.5 MB | 594/615 kB | 407/778 kB | 315/329 kB
Progress (5): 0.8/2.7 MB | 0.6/1.5 MB | 594/615 kB | 407/778 kB | 319/329 kB
Progress (5): 0.8/2.7 MB | 0.6/1.5 MB | 594/615 kB | 407/778 kB | 324/329 kB
Progress (5): 0.8/2.7 MB | 0.6/1.5 MB | 594/615 kB | 407/778 kB | 328/329 kB
Progress (5): 0.8/2.7 MB | 0.6/1.5 MB | 594/615 kB | 407/778 kB | 329 kB    
Progress (5): 0.8/2.7 MB | 0.6/1.5 MB | 598/615 kB | 407/778 kB | 329 kB
Progress (5): 0.8/2.7 MB | 0.6/1.5 MB | 602/615 kB | 407/778 kB | 329 kB
Progress (5): 0.8/2.7 MB | 0.6/1.5 MB | 606/615 kB | 407/778 kB | 329 kB
Progress (5): 0.8/2.7 MB | 0.6/1.5 MB | 610/615 kB | 407/778 kB | 329 kB
Progress (5): 0.8/2.7 MB | 0.6/1.5 MB | 610/615 kB | 411/778 kB | 329 kB
Progress (5): 0.8/2.7 MB | 0.6/1.5 MB | 610/615 kB | 415/778 kB | 329 kB
Progress (5): 0.8/2.7 MB | 0.6/1.5 MB | 610/615 kB | 419/778 kB | 329 kB
Progress (5): 0.8/2.7 MB | 0.6/1.5 MB | 610/615 kB | 423/778 kB | 329 kB
Progress (5): 0.8/2.7 MB | 0.6/1.5 MB | 610/615 kB | 427/778 kB | 329 kB
Progress (5): 0.8/2.7 MB | 0.6/1.5 MB | 610/615 kB | 431/778 kB | 329 kB
Progress (5): 0.8/2.7 MB | 0.6/1.5 MB | 610/615 kB | 435/778 kB | 329 kB
Progress (5): 0.8/2.7 MB | 0.6/1.5 MB | 610/615 kB | 439/778 kB | 329 kB
Progress (5): 0.8/2.7 MB | 0.6/1.5 MB | 610/615 kB | 443/778 kB | 329 kB
Progress (5): 0.8/2.7 MB | 0.6/1.5 MB | 610/615 kB | 448/778 kB | 329 kB
Progress (5): 0.8/2.7 MB | 0.6/1.5 MB | 610/615 kB | 452/778 kB | 329 kB
Progress (5): 0.8/2.7 MB | 0.6/1.5 MB | 610/615 kB | 452/778 kB | 329 kB
Progress (5): 0.9/2.7 MB | 0.6/1.5 MB | 610/615 kB | 452/778 kB | 329 kB
Progress (5): 0.9/2.7 MB | 0.6/1.5 MB | 610/615 kB | 452/778 kB | 329 kB
Progress (5): 0.9/2.7 MB | 0.6/1.5 MB | 610/615 kB | 452/778 kB | 329 kB
Progress (5): 0.9/2.7 MB | 0.6/1.5 MB | 610/615 kB | 452/778 kB | 329 kB
Progress (5): 0.9/2.7 MB | 0.6/1.5 MB | 610/615 kB | 452/778 kB | 329 kB
Progress (5): 0.9/2.7 MB | 0.6/1.5 MB | 610/615 kB | 452/778 kB | 329 kB
Progress (5): 0.9/2.7 MB | 0.6/1.5 MB | 610/615 kB | 452/778 kB | 329 kB
Progress (5): 0.9/2.7 MB | 0.6/1.5 MB | 610/615 kB | 452/778 kB | 329 kB
                                                                        
Downloaded from central: https://repo.maven.apache.org/maven2/org/apache/httpcomponents/httpcore/4.4.13/httpcore-4.4.13.jar (329 kB at 851 kB/s)
Progress (4): 0.9/2.7 MB | 0.6/1.5 MB | 614/615 kB | 452/778 kB
Progress (4): 0.9/2.7 MB | 0.6/1.5 MB | 615 kB | 452/778 kB    
Progress (4): 0.9/2.7 MB | 0.6/1.5 MB | 615 kB | 456/778 kB
Progress (4): 0.9/2.7 MB | 0.6/1.5 MB | 615 kB | 460/778 kB
Progress (4): 0.9/2.7 MB | 0.6/1.5 MB | 615 kB | 464/778 kB
Progress (4): 0.9/2.7 MB | 0.6/1.5 MB | 615 kB | 468/778 kB
                                                           
Downloaded from central: https://repo.maven.apache.org/maven2/org/apache/commons/commons-compress/1.19/commons-compress-1.19.jar (615 kB at 1.5 MB/s)
Downloading from central: https://repo.maven.apache.org/maven2/commons-codec/commons-codec/1.11/commons-codec-1.11.jar
Progress (3): 0.9/2.7 MB | 0.6/1.5 MB | 468/778 kB
                                                  
Downloading from central: https://repo.maven.apache.org/maven2/commons-logging/commons-logging/1.2/commons-logging-1.2.jar
Progress (3): 0.9/2.7 MB | 0.6/1.5 MB | 468/778 kB
Progress (3): 0.9/2.7 MB | 0.6/1.5 MB | 468/778 kB
Progress (3): 0.9/2.7 MB | 0.6/1.5 MB | 468/778 kB
Progress (3): 0.9/2.7 MB | 0.6/1.5 MB | 468/778 kB
Progress (4): 0.9/2.7 MB | 0.6/1.5 MB | 468/778 kB | 4.1/335 kB
Progress (5): 0.9/2.7 MB | 0.6/1.5 MB | 468/778 kB | 4.1/335 kB | 4.1/62 kB
Progress (5): 0.9/2.7 MB | 0.6/1.5 MB | 468/778 kB | 4.1/335 kB | 8.2/62 kB
Progress (5): 0.9/2.7 MB | 0.6/1.5 MB | 468/778 kB | 4.1/335 kB | 12/62 kB 
Progress (5): 0.9/2.7 MB | 0.6/1.5 MB | 468/778 kB | 4.1/335 kB | 16/62 kB
Progress (5): 0.9/2.7 MB | 0.6/1.5 MB | 468/778 kB | 4.1/335 kB | 20/62 kB
Progress (5): 0.9/2.7 MB | 0.6/1.5 MB | 468/778 kB | 4.1/335 kB | 25/62 kB
Progress (5): 0.9/2.7 MB | 0.6/1.5 MB | 468/778 kB | 4.1/335 kB | 29/62 kB
Progress (5): 0.9/2.7 MB | 0.6/1.5 MB | 472/778 kB | 4.1/335 kB | 29/62 kB
Progress (5): 0.9/2.7 MB | 0.6/1.5 MB | 475/778 kB | 4.1/335 kB | 29/62 kB
Progress (5): 0.9/2.7 MB | 0.6/1.5 MB | 479/778 kB | 4.1/335 kB | 29/62 kB
Progress (5): 0.9/2.7 MB | 0.6/1.5 MB | 483/778 kB | 4.1/335 kB | 29/62 kB
Progress (5): 0.9/2.7 MB | 0.6/1.5 MB | 487/778 kB | 4.1/335 kB | 29/62 kB
Progress (5): 0.9/2.7 MB | 0.6/1.5 MB | 491/778 kB | 4.1/335 kB | 29/62 kB
Progress (5): 0.9/2.7 MB | 0.6/1.5 MB | 495/778 kB | 4.1/335 kB | 29/62 kB
Progress (5): 0.9/2.7 MB | 0.6/1.5 MB | 499/778 kB | 4.1/335 kB | 29/62 kB
Progress (5): 0.9/2.7 MB | 0.6/1.5 MB | 503/778 kB | 4.1/335 kB | 29/62 kB
Progress (5): 0.9/2.7 MB | 0.6/1.5 MB | 507/778 kB | 4.1/335 kB | 29/62 kB
Progress (5): 0.9/2.7 MB | 0.6/1.5 MB | 511/778 kB | 4.1/335 kB | 29/62 kB
Progress (5): 0.9/2.7 MB | 0.6/1.5 MB | 515/778 kB | 4.1/335 kB | 29/62 kB
Progress (5): 0.9/2.7 MB | 0.6/1.5 MB | 515/778 kB | 8.2/335 kB | 29/62 kB
Progress (5): 0.9/2.7 MB | 0.6/1.5 MB | 515/778 kB | 12/335 kB | 29/62 kB 
Progress (5): 0.9/2.7 MB | 0.6/1.5 MB | 515/778 kB | 16/335 kB | 29/62 kB
Progress (5): 0.9/2.7 MB | 0.6/1.5 MB | 515/778 kB | 20/335 kB | 29/62 kB
Progress (5): 0.9/2.7 MB | 0.6/1.5 MB | 515/778 kB | 25/335 kB | 29/62 kB
Progress (5): 0.9/2.7 MB | 0.6/1.5 MB | 515/778 kB | 29/335 kB | 29/62 kB
Progress (5): 0.9/2.7 MB | 0.6/1.5 MB | 515/778 kB | 33/335 kB | 29/62 kB
Progress (5): 0.9/2.7 MB | 0.6/1.5 MB | 515/778 kB | 37/335 kB | 29/62 kB
Progress (5): 0.9/2.7 MB | 0.6/1.5 MB | 515/778 kB | 41/335 kB | 29/62 kB
Progress (5): 0.9/2.7 MB | 0.6/1.5 MB | 515/778 kB | 45/335 kB | 29/62 kB
Progress (5): 0.9/2.7 MB | 0.6/1.5 MB | 515/778 kB | 49/335 kB | 29/62 kB
Progress (5): 0.9/2.7 MB | 0.6/1.5 MB | 515/778 kB | 53/335 kB | 29/62 kB
Progress (5): 0.9/2.7 MB | 0.6/1.5 MB | 515/778 kB | 57/335 kB | 29/62 kB
Progress (5): 0.9/2.7 MB | 0.6/1.5 MB | 515/778 kB | 61/335 kB | 29/62 kB
Progress (5): 0.9/2.7 MB | 0.6/1.5 MB | 515/778 kB | 66/335 kB | 29/62 kB
Progress (5): 0.9/2.7 MB | 0.6/1.5 MB | 515/778 kB | 66/335 kB | 29/62 kB
Progress (5): 1.0/2.7 MB | 0.6/1.5 MB | 515/778 kB | 66/335 kB | 29/62 kB
Progress (5): 1.0/2.7 MB | 0.6/1.5 MB | 515/778 kB | 66/335 kB | 29/62 kB
Progress (5): 1.0/2.7 MB | 0.6/1.5 MB | 515/778 kB | 66/335 kB | 29/62 kB
Progress (5): 1.0/2.7 MB | 0.6/1.5 MB | 515/778 kB | 66/335 kB | 29/62 kB
Progress (5): 1.0/2.7 MB | 0.7/1.5 MB | 515/778 kB | 66/335 kB | 29/62 kB
Progress (5): 1.0/2.7 MB | 0.7/1.5 MB | 515/778 kB | 66/335 kB | 29/62 kB
Progress (5): 1.0/2.7 MB | 0.7/1.5 MB | 515/778 kB | 66/335 kB | 29/62 kB
Progress (5): 1.0/2.7 MB | 0.7/1.5 MB | 515/778 kB | 66/335 kB | 29/62 kB
Progress (5): 1.0/2.7 MB | 0.7/1.5 MB | 515/778 kB | 66/335 kB | 33/62 kB
Progress (5): 1.0/2.7 MB | 0.7/1.5 MB | 515/778 kB | 66/335 kB | 37/62 kB
Progress (5): 1.0/2.7 MB | 0.7/1.5 MB | 515/778 kB | 66/335 kB | 41/62 kB
Progress (5): 1.0/2.7 MB | 0.7/1.5 MB | 515/778 kB | 66/335 kB | 45/62 kB
Progress (5): 1.0/2.7 MB | 0.7/1.5 MB | 515/778 kB | 66/335 kB | 49/62 kB
Progress (5): 1.0/2.7 MB | 0.7/1.5 MB | 515/778 kB | 66/335 kB | 53/62 kB
Progress (5): 1.0/2.7 MB | 0.7/1.5 MB | 515/778 kB | 66/335 kB | 57/62 kB
Progress (5): 1.0/2.7 MB | 0.7/1.5 MB | 515/778 kB | 66/335 kB | 61/62 kB
Progress (5): 1.0/2.7 MB | 0.7/1.5 MB | 515/778 kB | 66/335 kB | 62 kB   
Progress (5): 1.0/2.7 MB | 0.7/1.5 MB | 515/778 kB | 66/335 kB | 62 kB
Progress (5): 1.0/2.7 MB | 0.7/1.5 MB | 515/778 kB | 66/335 kB | 62 kB
Progress (5): 1.0/2.7 MB | 0.7/1.5 MB | 520/778 kB | 66/335 kB | 62 kB
Progress (5): 1.0/2.7 MB | 0.7/1.5 MB | 524/778 kB | 66/335 kB | 62 kB
Progress (5): 1.0/2.7 MB | 0.7/1.5 MB | 528/778 kB | 66/335 kB | 62 kB
Progress (5): 1.0/2.7 MB | 0.7/1.5 MB | 532/778 kB | 66/335 kB | 62 kB
Progress (5): 1.0/2.7 MB | 0.7/1.5 MB | 536/778 kB | 66/335 kB | 62 kB
Progress (5): 1.0/2.7 MB | 0.7/1.5 MB | 540/778 kB | 66/335 kB | 62 kB
Progress (5): 1.0/2.7 MB | 0.7/1.5 MB | 544/778 kB | 66/335 kB | 62 kB
Progress (5): 1.0/2.7 MB | 0.7/1.5 MB | 548/778 kB | 66/335 kB | 62 kB
Progress (5): 1.0/2.7 MB | 0.7/1.5 MB | 552/778 kB | 66/335 kB | 62 kB
Progress (5): 1.0/2.7 MB | 0.7/1.5 MB | 556/778 kB | 66/335 kB | 62 kB
                                                                      
Downloaded from central: https://repo.maven.apache.org/maven2/commons-logging/commons-logging/1.2/commons-logging-1.2.jar (62 kB at 137 kB/s)
Progress (4): 1.0/2.7 MB | 0.7/1.5 MB | 556/778 kB | 66/335 kB
Progress (4): 1.0/2.7 MB | 0.7/1.5 MB | 556/778 kB | 66/335 kB
Progress (4): 1.0/2.7 MB | 0.7/1.5 MB | 556/778 kB | 66/335 kB
Progress (4): 1.0/2.7 MB | 0.7/1.5 MB | 556/778 kB | 66/335 kB
Progress (4): 1.0/2.7 MB | 0.7/1.5 MB | 556/778 kB | 66/335 kB
Progress (4): 1.0/2.7 MB | 0.7/1.5 MB | 556/778 kB | 66/335 kB
Progress (4): 1.0/2.7 MB | 0.7/1.5 MB | 556/778 kB | 66/335 kB
Progress (4): 1.0/2.7 MB | 0.7/1.5 MB | 556/778 kB | 66/335 kB
Progress (4): 1.0/2.7 MB | 0.7/1.5 MB | 556/778 kB | 66/335 kB
Progress (4): 1.0/2.7 MB | 0.7/1.5 MB | 556/778 kB | 70/335 kB
Progress (4): 1.0/2.7 MB | 0.7/1.5 MB | 556/778 kB | 74/335 kB
Progress (4): 1.0/2.7 MB | 0.7/1.5 MB | 556/778 kB | 78/335 kB
Progress (4): 1.0/2.7 MB | 0.7/1.5 MB | 556/778 kB | 82/335 kB
Progress (4): 1.0/2.7 MB | 0.7/1.5 MB | 556/778 kB | 86/335 kB
Progress (4): 1.0/2.7 MB | 0.7/1.5 MB | 556/778 kB | 90/335 kB
Progress (4): 1.0/2.7 MB | 0.7/1.5 MB | 556/778 kB | 94/335 kB
Progress (4): 1.0/2.7 MB | 0.7/1.5 MB | 556/778 kB | 98/335 kB
Progress (4): 1.0/2.7 MB | 0.7/1.5 MB | 556/778 kB | 102/335 kB
Progress (4): 1.0/2.7 MB | 0.7/1.5 MB | 556/778 kB | 106/335 kB
Progress (4): 1.0/2.7 MB | 0.7/1.5 MB | 556/778 kB | 111/335 kB
Progress (4): 1.0/2.7 MB | 0.7/1.5 MB | 556/778 kB | 115/335 kB
                                                               
Downloading from central: https://repo.maven.apache.org/maven2/org/springframework/boot/spring-boot-loader-tools/2.3.2.RELEASE/spring-boot-loader-tools-2.3.2.RELEASE.jar
Progress (4): 1.0/2.7 MB | 0.7/1.5 MB | 561/778 kB | 115/335 kB
Progress (4): 1.0/2.7 MB | 0.7/1.5 MB | 565/778 kB | 115/335 kB
Progress (4): 1.0/2.7 MB | 0.7/1.5 MB | 569/778 kB | 115/335 kB
Progress (4): 1.0/2.7 MB | 0.7/1.5 MB | 573/778 kB | 115/335 kB
Progress (5): 1.0/2.7 MB | 0.7/1.5 MB | 573/778 kB | 115/335 kB | 4.1/240 kB
Progress (5): 1.1/2.7 MB | 0.7/1.5 MB | 573/778 kB | 115/335 kB | 4.1/240 kB
Progress (5): 1.1/2.7 MB | 0.7/1.5 MB | 573/778 kB | 115/335 kB | 4.1/240 kB
Progress (5): 1.1/2.7 MB | 0.7/1.5 MB | 573/778 kB | 115/335 kB | 4.1/240 kB
Progress (5): 1.1/2.7 MB | 0.7/1.5 MB | 577/778 kB | 115/335 kB | 4.1/240 kB
Progress (5): 1.1/2.7 MB | 0.7/1.5 MB | 581/778 kB | 115/335 kB | 4.1/240 kB
Progress (5): 1.1/2.7 MB | 0.7/1.5 MB | 585/778 kB | 115/335 kB | 4.1/240 kB
Progress (5): 1.1/2.7 MB | 0.7/1.5 MB | 589/778 kB | 115/335 kB | 4.1/240 kB
Progress (5): 1.1/2.7 MB | 0.7/1.5 MB | 589/778 kB | 119/335 kB | 4.1/240 kB
Progress (5): 1.1/2.7 MB | 0.7/1.5 MB | 589/778 kB | 123/335 kB | 4.1/240 kB
Progress (5): 1.1/2.7 MB | 0.7/1.5 MB | 589/778 kB | 127/335 kB | 4.1/240 kB
Progress (5): 1.1/2.7 MB | 0.7/1.5 MB | 589/778 kB | 131/335 kB | 4.1/240 kB
Progress (5): 1.1/2.7 MB | 0.7/1.5 MB | 589/778 kB | 135/335 kB | 4.1/240 kB
Progress (5): 1.1/2.7 MB | 0.7/1.5 MB | 589/778 kB | 139/335 kB | 4.1/240 kB
Progress (5): 1.1/2.7 MB | 0.7/1.5 MB | 589/778 kB | 143/335 kB | 4.1/240 kB
Progress (5): 1.1/2.7 MB | 0.7/1.5 MB | 589/778 kB | 147/335 kB | 4.1/240 kB
Progress (5): 1.1/2.7 MB | 0.7/1.5 MB | 589/778 kB | 152/335 kB | 4.1/240 kB
Progress (5): 1.1/2.7 MB | 0.7/1.5 MB | 589/778 kB | 156/335 kB | 4.1/240 kB
Progress (5): 1.1/2.7 MB | 0.7/1.5 MB | 589/778 kB | 160/335 kB | 4.1/240 kB
Progress (5): 1.1/2.7 MB | 0.7/1.5 MB | 589/778 kB | 164/335 kB | 4.1/240 kB
Progress (5): 1.1/2.7 MB | 0.7/1.5 MB | 589/778 kB | 164/335 kB | 4.1/240 kB
Progress (5): 1.1/2.7 MB | 0.7/1.5 MB | 589/778 kB | 164/335 kB | 4.1/240 kB
Progress (5): 1.1/2.7 MB | 0.8/1.5 MB | 589/778 kB | 164/335 kB | 4.1/240 kB
Progress (5): 1.1/2.7 MB | 0.8/1.5 MB | 589/778 kB | 164/335 kB | 4.1/240 kB
Progress (5): 1.1/2.7 MB | 0.8/1.5 MB | 589/778 kB | 164/335 kB | 4.1/240 kB
Progress (5): 1.1/2.7 MB | 0.8/1.5 MB | 589/778 kB | 164/335 kB | 4.1/240 kB
Progress (5): 1.1/2.7 MB | 0.8/1.5 MB | 589/778 kB | 164/335 kB | 4.1/240 kB
Progress (5): 1.1/2.7 MB | 0.8/1.5 MB | 589/778 kB | 164/335 kB | 4.1/240 kB
Progress (5): 1.1/2.7 MB | 0.8/1.5 MB | 589/778 kB | 164/335 kB | 8.2/240 kB
Progress (5): 1.1/2.7 MB | 0.8/1.5 MB | 589/778 kB | 164/335 kB | 12/240 kB 
Progress (5): 1.1/2.7 MB | 0.8/1.5 MB | 589/778 kB | 164/335 kB | 16/240 kB
Progress (5): 1.1/2.7 MB | 0.8/1.5 MB | 589/778 kB | 164/335 kB | 20/240 kB
Progress (5): 1.1/2.7 MB | 0.8/1.5 MB | 589/778 kB | 164/335 kB | 25/240 kB
Progress (5): 1.1/2.7 MB | 0.8/1.5 MB | 589/778 kB | 164/335 kB | 29/240 kB
Progress (5): 1.1/2.7 MB | 0.8/1.5 MB | 589/778 kB | 164/335 kB | 33/240 kB
Progress (5): 1.1/2.7 MB | 0.8/1.5 MB | 589/778 kB | 164/335 kB | 37/240 kB
Progress (5): 1.1/2.7 MB | 0.8/1.5 MB | 589/778 kB | 164/335 kB | 41/240 kB
Progress (5): 1.1/2.7 MB | 0.8/1.5 MB | 589/778 kB | 164/335 kB | 45/240 kB
Progress (5): 1.1/2.7 MB | 0.8/1.5 MB | 589/778 kB | 164/335 kB | 49/240 kB
Progress (5): 1.1/2.7 MB | 0.8/1.5 MB | 589/778 kB | 164/335 kB | 53/240 kB
Progress (5): 1.1/2.7 MB | 0.8/1.5 MB | 589/778 kB | 168/335 kB | 53/240 kB
Progress (5): 1.1/2.7 MB | 0.8/1.5 MB | 589/778 kB | 168/335 kB | 53/240 kB
Progress (5): 1.1/2.7 MB | 0.8/1.5 MB | 589/778 kB | 168/335 kB | 53/240 kB
Progress (5): 1.1/2.7 MB | 0.8/1.5 MB | 593/778 kB | 168/335 kB | 53/240 kB
Progress (5): 1.1/2.7 MB | 0.8/1.5 MB | 597/778 kB | 168/335 kB | 53/240 kB
Progress (5): 1.1/2.7 MB | 0.8/1.5 MB | 602/778 kB | 168/335 kB | 53/240 kB
Progress (5): 1.1/2.7 MB | 0.8/1.5 MB | 606/778 kB | 168/335 kB | 53/240 kB
Progress (5): 1.1/2.7 MB | 0.8/1.5 MB | 610/778 kB | 168/335 kB | 53/240 kB
Progress (5): 1.1/2.7 MB | 0.8/1.5 MB | 614/778 kB | 168/335 kB | 53/240 kB
Progress (5): 1.1/2.7 MB | 0.8/1.5 MB | 618/778 kB | 168/335 kB | 53/240 kB
Progress (5): 1.1/2.7 MB | 0.8/1.5 MB | 622/778 kB | 168/335 kB | 53/240 kB
Progress (5): 1.1/2.7 MB | 0.8/1.5 MB | 626/778 kB | 168/335 kB | 53/240 kB
Progress (5): 1.1/2.7 MB | 0.8/1.5 MB | 630/778 kB | 168/335 kB | 53/240 kB
Progress (5): 1.1/2.7 MB | 0.8/1.5 MB | 634/778 kB | 168/335 kB | 53/240 kB
Progress (5): 1.1/2.7 MB | 0.8/1.5 MB | 634/778 kB | 168/335 kB | 53/240 kB
Progress (5): 1.1/2.7 MB | 0.8/1.5 MB | 634/778 kB | 168/335 kB | 53/240 kB
Progress (5): 1.1/2.7 MB | 0.8/1.5 MB | 634/778 kB | 168/335 kB | 53/240 kB
Progress (5): 1.1/2.7 MB | 0.8/1.5 MB | 634/778 kB | 168/335 kB | 53/240 kB
Progress (5): 1.1/2.7 MB | 0.8/1.5 MB | 634/778 kB | 168/335 kB | 53/240 kB
Progress (5): 1.1/2.7 MB | 0.8/1.5 MB | 634/778 kB | 168/335 kB | 53/240 kB
Progress (5): 1.1/2.7 MB | 0.8/1.5 MB | 634/778 kB | 168/335 kB | 53/240 kB
Progress (5): 1.1/2.7 MB | 0.8/1.5 MB | 634/778 kB | 168/335 kB | 57/240 kB
Progress (5): 1.1/2.7 MB | 0.8/1.5 MB | 634/778 kB | 172/335 kB | 57/240 kB
Progress (5): 1.1/2.7 MB | 0.8/1.5 MB | 634/778 kB | 176/335 kB | 57/240 kB
Progress (5): 1.1/2.7 MB | 0.8/1.5 MB | 634/778 kB | 180/335 kB | 57/240 kB
Progress (5): 1.1/2.7 MB | 0.8/1.5 MB | 634/778 kB | 184/335 kB | 57/240 kB
Progress (5): 1.1/2.7 MB | 0.8/1.5 MB | 634/778 kB | 188/335 kB | 57/240 kB
Progress (5): 1.1/2.7 MB | 0.8/1.5 MB | 634/778 kB | 193/335 kB | 57/240 kB
Progress (5): 1.1/2.7 MB | 0.8/1.5 MB | 634/778 kB | 197/335 kB | 57/240 kB
Progress (5): 1.1/2.7 MB | 0.8/1.5 MB | 634/778 kB | 201/335 kB | 57/240 kB
Progress (5): 1.1/2.7 MB | 0.8/1.5 MB | 634/778 kB | 205/335 kB | 57/240 kB
Progress (5): 1.1/2.7 MB | 0.8/1.5 MB | 634/778 kB | 209/335 kB | 57/240 kB
Progress (5): 1.1/2.7 MB | 0.8/1.5 MB | 634/778 kB | 213/335 kB | 57/240 kB
Progress (5): 1.1/2.7 MB | 0.8/1.5 MB | 634/778 kB | 213/335 kB | 57/240 kB
Progress (5): 1.2/2.7 MB | 0.8/1.5 MB | 634/778 kB | 213/335 kB | 57/240 kB
Progress (5): 1.2/2.7 MB | 0.8/1.5 MB | 634/778 kB | 213/335 kB | 57/240 kB
Progress (5): 1.2/2.7 MB | 0.8/1.5 MB | 634/778 kB | 213/335 kB | 57/240 kB
Progress (5): 1.2/2.7 MB | 0.8/1.5 MB | 634/778 kB | 217/335 kB | 57/240 kB
Progress (5): 1.2/2.7 MB | 0.8/1.5 MB | 634/778 kB | 221/335 kB | 57/240 kB
Progress (5): 1.2/2.7 MB | 0.8/1.5 MB | 634/778 kB | 225/335 kB | 57/240 kB
Progress (5): 1.2/2.7 MB | 0.8/1.5 MB | 634/778 kB | 229/335 kB | 57/240 kB
Progress (5): 1.2/2.7 MB | 0.8/1.5 MB | 634/778 kB | 233/335 kB | 57/240 kB
Progress (5): 1.2/2.7 MB | 0.8/1.5 MB | 634/778 kB | 238/335 kB | 57/240 kB
Progress (5): 1.2/2.7 MB | 0.8/1.5 MB | 634/778 kB | 242/335 kB | 57/240 kB
Progress (5): 1.2/2.7 MB | 0.8/1.5 MB | 634/778 kB | 246/335 kB | 57/240 kB
Progress (5): 1.2/2.7 MB | 0.8/1.5 MB | 634/778 kB | 246/335 kB | 57/240 kB
Progress (5): 1.2/2.7 MB | 0.8/1.5 MB | 638/778 kB | 246/335 kB | 57/240 kB
Progress (5): 1.2/2.7 MB | 0.8/1.5 MB | 642/778 kB | 246/335 kB | 57/240 kB
Progress (5): 1.2/2.7 MB | 0.8/1.5 MB | 647/778 kB | 246/335 kB | 57/240 kB
Progress (5): 1.2/2.7 MB | 0.8/1.5 MB | 651/778 kB | 246/335 kB | 57/240 kB
Progress (5): 1.2/2.7 MB | 0.8/1.5 MB | 655/778 kB | 246/335 kB | 57/240 kB
Progress (5): 1.2/2.7 MB | 0.8/1.5 MB | 659/778 kB | 246/335 kB | 57/240 kB
Progress (5): 1.2/2.7 MB | 0.8/1.5 MB | 663/778 kB | 246/335 kB | 57/240 kB
Progress (5): 1.2/2.7 MB | 0.8/1.5 MB | 667/778 kB | 246/335 kB | 57/240 kB
Progress (5): 1.2/2.7 MB | 0.8/1.5 MB | 671/778 kB | 246/335 kB | 57/240 kB
Progress (5): 1.2/2.7 MB | 0.8/1.5 MB | 675/778 kB | 246/335 kB | 57/240 kB
Progress (5): 1.2/2.7 MB | 0.8/1.5 MB | 679/778 kB | 246/335 kB | 57/240 kB
Progress (5): 1.2/2.7 MB | 0.8/1.5 MB | 683/778 kB | 246/335 kB | 57/240 kB
Progress (5): 1.2/2.7 MB | 0.8/1.5 MB | 688/778 kB | 246/335 kB | 57/240 kB
Progress (5): 1.2/2.7 MB | 0.8/1.5 MB | 692/778 kB | 246/335 kB | 57/240 kB
Progress (5): 1.2/2.7 MB | 0.8/1.5 MB | 694/778 kB | 246/335 kB | 57/240 kB
Progress (5): 1.2/2.7 MB | 0.8/1.5 MB | 694/778 kB | 246/335 kB | 61/240 kB
Progress (5): 1.2/2.7 MB | 0.8/1.5 MB | 694/778 kB | 246/335 kB | 66/240 kB
Progress (5): 1.2/2.7 MB | 0.8/1.5 MB | 694/778 kB | 246/335 kB | 70/240 kB
Progress (5): 1.2/2.7 MB | 0.8/1.5 MB | 694/778 kB | 246/335 kB | 74/240 kB
Progress (5): 1.2/2.7 MB | 0.8/1.5 MB | 694/778 kB | 246/335 kB | 78/240 kB
Progress (5): 1.2/2.7 MB | 0.8/1.5 MB | 694/778 kB | 246/335 kB | 82/240 kB
Progress (5): 1.2/2.7 MB | 0.8/1.5 MB | 694/778 kB | 246/335 kB | 86/240 kB
Progress (5): 1.2/2.7 MB | 0.8/1.5 MB | 694/778 kB | 246/335 kB | 90/240 kB
Progress (5): 1.2/2.7 MB | 0.8/1.5 MB | 694/778 kB | 246/335 kB | 94/240 kB
Progress (5): 1.2/2.7 MB | 0.8/1.5 MB | 694/778 kB | 246/335 kB | 98/240 kB
Progress (5): 1.2/2.7 MB | 0.8/1.5 MB | 694/778 kB | 246/335 kB | 102/240 kB
Progress (5): 1.2/2.7 MB | 0.8/1.5 MB | 694/778 kB | 246/335 kB | 106/240 kB
Progress (5): 1.2/2.7 MB | 0.8/1.5 MB | 694/778 kB | 246/335 kB | 111/240 kB
Progress (5): 1.2/2.7 MB | 0.8/1.5 MB | 694/778 kB | 246/335 kB | 115/240 kB
Progress (5): 1.2/2.7 MB | 0.9/1.5 MB | 694/778 kB | 246/335 kB | 115/240 kB
Progress (5): 1.2/2.7 MB | 0.9/1.5 MB | 694/778 kB | 246/335 kB | 115/240 kB
Progress (5): 1.2/2.7 MB | 0.9/1.5 MB | 694/778 kB | 246/335 kB | 115/240 kB
Progress (5): 1.2/2.7 MB | 0.9/1.5 MB | 694/778 kB | 246/335 kB | 115/240 kB
Progress (5): 1.2/2.7 MB | 0.9/1.5 MB | 694/778 kB | 246/335 kB | 115/240 kB
Progress (5): 1.2/2.7 MB | 0.9/1.5 MB | 694/778 kB | 246/335 kB | 115/240 kB
Progress (5): 1.2/2.7 MB | 0.9/1.5 MB | 694/778 kB | 246/335 kB | 115/240 kB
Progress (5): 1.2/2.7 MB | 0.9/1.5 MB | 694/778 kB | 246/335 kB | 119/240 kB
Progress (5): 1.2/2.7 MB | 0.9/1.5 MB | 694/778 kB | 246/335 kB | 123/240 kB
Progress (5): 1.2/2.7 MB | 0.9/1.5 MB | 694/778 kB | 246/335 kB | 127/240 kB
Progress (5): 1.2/2.7 MB | 0.9/1.5 MB | 694/778 kB | 246/335 kB | 131/240 kB
Progress (5): 1.2/2.7 MB | 0.9/1.5 MB | 694/778 kB | 246/335 kB | 135/240 kB
Progress (5): 1.2/2.7 MB | 0.9/1.5 MB | 694/778 kB | 246/335 kB | 139/240 kB
Progress (5): 1.2/2.7 MB | 0.9/1.5 MB | 694/778 kB | 250/335 kB | 139/240 kB
Progress (5): 1.2/2.7 MB | 0.9/1.5 MB | 694/778 kB | 254/335 kB | 139/240 kB
Progress (5): 1.2/2.7 MB | 0.9/1.5 MB | 694/778 kB | 258/335 kB | 139/240 kB
Progress (5): 1.2/2.7 MB | 0.9/1.5 MB | 694/778 kB | 262/335 kB | 139/240 kB
Progress (5): 1.2/2.7 MB | 0.9/1.5 MB | 694/778 kB | 266/335 kB | 139/240 kB
Progress (5): 1.2/2.7 MB | 0.9/1.5 MB | 694/778 kB | 270/335 kB | 139/240 kB
Progress (5): 1.2/2.7 MB | 0.9/1.5 MB | 694/778 kB | 274/335 kB | 139/240 kB
Progress (5): 1.2/2.7 MB | 0.9/1.5 MB | 694/778 kB | 279/335 kB | 139/240 kB
Progress (5): 1.2/2.7 MB | 0.9/1.5 MB | 694/778 kB | 279/335 kB | 143/240 kB
Progress (5): 1.2/2.7 MB | 0.9/1.5 MB | 694/778 kB | 279/335 kB | 147/240 kB
Progress (5): 1.2/2.7 MB | 0.9/1.5 MB | 694/778 kB | 279/335 kB | 152/240 kB
Progress (5): 1.3/2.7 MB | 0.9/1.5 MB | 694/778 kB | 279/335 kB | 152/240 kB
Progress (5): 1.3/2.7 MB | 0.9/1.5 MB | 698/778 kB | 279/335 kB | 152/240 kB
Progress (5): 1.3/2.7 MB | 0.9/1.5 MB | 702/778 kB | 279/335 kB | 152/240 kB
Progress (5): 1.3/2.7 MB | 0.9/1.5 MB | 706/778 kB | 279/335 kB | 152/240 kB
Progress (5): 1.3/2.7 MB | 0.9/1.5 MB | 710/778 kB | 279/335 kB | 152/240 kB
Progress (5): 1.3/2.7 MB | 0.9/1.5 MB | 714/778 kB | 279/335 kB | 152/240 kB
Progress (5): 1.3/2.7 MB | 0.9/1.5 MB | 718/778 kB | 279/335 kB | 152/240 kB
Progress (5): 1.3/2.7 MB | 0.9/1.5 MB | 722/778 kB | 279/335 kB | 152/240 kB
Progress (5): 1.3/2.7 MB | 0.9/1.5 MB | 727/778 kB | 279/335 kB | 152/240 kB
Progress (5): 1.3/2.7 MB | 0.9/1.5 MB | 731/778 kB | 279/335 kB | 152/240 kB
Progress (5): 1.3/2.7 MB | 0.9/1.5 MB | 735/778 kB | 279/335 kB | 152/240 kB
Progress (5): 1.3/2.7 MB | 0.9/1.5 MB | 739/778 kB | 279/335 kB | 152/240 kB
Progress (5): 1.3/2.7 MB | 0.9/1.5 MB | 743/778 kB | 279/335 kB | 152/240 kB
Progress (5): 1.3/2.7 MB | 0.9/1.5 MB | 747/778 kB | 279/335 kB | 152/240 kB
Progress (5): 1.3/2.7 MB | 0.9/1.5 MB | 751/778 kB | 279/335 kB | 152/240 kB
Progress (5): 1.3/2.7 MB | 0.9/1.5 MB | 755/778 kB | 279/335 kB | 152/240 kB
Progress (5): 1.3/2.7 MB | 0.9/1.5 MB | 759/778 kB | 279/335 kB | 152/240 kB
Progress (5): 1.3/2.7 MB | 0.9/1.5 MB | 759/778 kB | 279/335 kB | 152/240 kB
Progress (5): 1.3/2.7 MB | 0.9/1.5 MB | 759/778 kB | 279/335 kB | 152/240 kB
Progress (5): 1.3/2.7 MB | 0.9/1.5 MB | 759/778 kB | 279/335 kB | 152/240 kB
Progress (5): 1.3/2.7 MB | 0.9/1.5 MB | 759/778 kB | 279/335 kB | 152/240 kB
Progress (5): 1.3/2.7 MB | 0.9/1.5 MB | 759/778 kB | 279/335 kB | 152/240 kB
Progress (5): 1.3/2.7 MB | 0.9/1.5 MB | 759/778 kB | 279/335 kB | 152/240 kB
Progress (5): 1.3/2.7 MB | 0.9/1.5 MB | 759/778 kB | 279/335 kB | 152/240 kB
Progress (5): 1.3/2.7 MB | 0.9/1.5 MB | 759/778 kB | 279/335 kB | 156/240 kB
Progress (5): 1.3/2.7 MB | 0.9/1.5 MB | 759/778 kB | 279/335 kB | 160/240 kB
Progress (5): 1.3/2.7 MB | 0.9/1.5 MB | 759/778 kB | 279/335 kB | 164/240 kB
Progress (5): 1.3/2.7 MB | 0.9/1.5 MB | 759/778 kB | 279/335 kB | 164/240 kB
Progress (5): 1.3/2.7 MB | 0.9/1.5 MB | 759/778 kB | 279/335 kB | 164/240 kB
Progress (5): 1.3/2.7 MB | 0.9/1.5 MB | 759/778 kB | 283/335 kB | 164/240 kB
Progress (5): 1.3/2.7 MB | 0.9/1.5 MB | 759/778 kB | 287/335 kB | 164/240 kB
Progress (5): 1.3/2.7 MB | 0.9/1.5 MB | 759/778 kB | 291/335 kB | 164/240 kB
Progress (5): 1.3/2.7 MB | 0.9/1.5 MB | 759/778 kB | 295/335 kB | 164/240 kB
Progress (5): 1.3/2.7 MB | 0.9/1.5 MB | 759/778 kB | 299/335 kB | 164/240 kB
Progress (5): 1.3/2.7 MB | 0.9/1.5 MB | 759/778 kB | 303/335 kB | 164/240 kB
Progress (5): 1.3/2.7 MB | 0.9/1.5 MB | 759/778 kB | 307/335 kB | 164/240 kB
Progress (5): 1.3/2.7 MB | 0.9/1.5 MB | 759/778 kB | 311/335 kB | 164/240 kB
Progress (5): 1.3/2.7 MB | 0.9/1.5 MB | 759/778 kB | 315/335 kB | 164/240 kB
Progress (5): 1.3/2.7 MB | 0.9/1.5 MB | 759/778 kB | 319/335 kB | 164/240 kB
Progress (5): 1.3/2.7 MB | 0.9/1.5 MB | 759/778 kB | 324/335 kB | 164/240 kB
Progress (5): 1.3/2.7 MB | 0.9/1.5 MB | 759/778 kB | 328/335 kB | 164/240 kB
Progress (5): 1.3/2.7 MB | 0.9/1.5 MB | 759/778 kB | 332/335 kB | 164/240 kB
Progress (5): 1.3/2.7 MB | 0.9/1.5 MB | 759/778 kB | 335 kB | 164/240 kB    
Progress (5): 1.3/2.7 MB | 0.9/1.5 MB | 759/778 kB | 335 kB | 168/240 kB
Progress (5): 1.3/2.7 MB | 0.9/1.5 MB | 759/778 kB | 335 kB | 172/240 kB
Progress (5): 1.3/2.7 MB | 0.9/1.5 MB | 759/778 kB | 335 kB | 176/240 kB
Progress (5): 1.3/2.7 MB | 0.9/1.5 MB | 759/778 kB | 335 kB | 180/240 kB
Progress (5): 1.3/2.7 MB | 0.9/1.5 MB | 763/778 kB | 335 kB | 180/240 kB
Progress (5): 1.3/2.7 MB | 0.9/1.5 MB | 768/778 kB | 335 kB | 180/240 kB
Progress (5): 1.3/2.7 MB | 0.9/1.5 MB | 772/778 kB | 335 kB | 180/240 kB
Progress (5): 1.3/2.7 MB | 0.9/1.5 MB | 776/778 kB | 335 kB | 180/240 kB
Progress (5): 1.3/2.7 MB | 0.9/1.5 MB | 778 kB | 335 kB | 180/240 kB    
Progress (5): 1.3/2.7 MB | 0.9/1.5 MB | 778 kB | 335 kB | 180/240 kB
Progress (5): 1.3/2.7 MB | 0.9/1.5 MB | 778 kB | 335 kB | 180/240 kB
Progress (5): 1.3/2.7 MB | 0.9/1.5 MB | 778 kB | 335 kB | 180/240 kB
Progress (5): 1.3/2.7 MB | 0.9/1.5 MB | 778 kB | 335 kB | 180/240 kB
Progress (5): 1.3/2.7 MB | 1.0/1.5 MB | 778 kB | 335 kB | 180/240 kB
Progress (5): 1.3/2.7 MB | 1.0/1.5 MB | 778 kB | 335 kB | 180/240 kB
Progress (5): 1.3/2.7 MB | 1.0/1.5 MB | 778 kB | 335 kB | 180/240 kB
Progress (5): 1.3/2.7 MB | 1.0/1.5 MB | 778 kB | 335 kB | 180/240 kB
Progress (5): 1.4/2.7 MB | 1.0/1.5 MB | 778 kB | 335 kB | 180/240 kB
                                                                    
Downloaded from central: https://repo.maven.apache.org/maven2/commons-codec/commons-codec/1.11/commons-codec-1.11.jar (335 kB at 560 kB/s)
Downloaded from central: https://repo.maven.apache.org/maven2/org/apache/httpcomponents/httpclient/4.5.12/httpclient-4.5.12.jar (778 kB at 1.3 MB/s)
Progress (3): 1.4/2.7 MB | 1.0/1.5 MB | 184/240 kB
Progress (3): 1.4/2.7 MB | 1.0/1.5 MB | 188/240 kB
Progress (3): 1.4/2.7 MB | 1.0/1.5 MB | 193/240 kB
Progress (3): 1.4/2.7 MB | 1.0/1.5 MB | 197/240 kB
Progress (3): 1.4/2.7 MB | 1.0/1.5 MB | 201/240 kB
Progress (3): 1.4/2.7 MB | 1.0/1.5 MB | 205/240 kB
Progress (3): 1.4/2.7 MB | 1.0/1.5 MB | 209/240 kB
Progress (3): 1.4/2.7 MB | 1.0/1.5 MB | 213/240 kB
Progress (3): 1.4/2.7 MB | 1.0/1.5 MB | 217/240 kB
Progress (3): 1.4/2.7 MB | 1.0/1.5 MB | 221/240 kB
Progress (3): 1.4/2.7 MB | 1.0/1.5 MB | 225/240 kB
Progress (3): 1.4/2.7 MB | 1.0/1.5 MB | 229/240 kB
Progress (3): 1.4/2.7 MB | 1.0/1.5 MB | 233/240 kB
Progress (3): 1.4/2.7 MB | 1.0/1.5 MB | 233/240 kB
Progress (3): 1.4/2.7 MB | 1.0/1.5 MB | 233/240 kB
Progress (3): 1.4/2.7 MB | 1.0/1.5 MB | 233/240 kB
Progress (3): 1.4/2.7 MB | 1.0/1.5 MB | 233/240 kB
Progress (3): 1.4/2.7 MB | 1.0/1.5 MB | 233/240 kB
Progress (3): 1.4/2.7 MB | 1.0/1.5 MB | 233/240 kB
Progress (3): 1.4/2.7 MB | 1.0/1.5 MB | 233/240 kB
Progress (3): 1.4/2.7 MB | 1.0/1.5 MB | 233/240 kB
Progress (3): 1.4/2.7 MB | 1.0/1.5 MB | 233/240 kB
Progress (3): 1.4/2.7 MB | 1.0/1.5 MB | 233/240 kB
Progress (3): 1.4/2.7 MB | 1.0/1.5 MB | 233/240 kB
Progress (3): 1.4/2.7 MB | 1.0/1.5 MB | 233/240 kB
Progress (3): 1.4/2.7 MB | 1.0/1.5 MB | 233/240 kB
Progress (3): 1.4/2.7 MB | 1.0/1.5 MB | 238/240 kB
Progress (3): 1.4/2.7 MB | 1.0/1.5 MB | 240 kB    
                                              
Downloading from central: https://repo.maven.apache.org/maven2/org/codehaus/plexus/plexus-component-annotations/1.5.5/plexus-component-annotations-1.5.5.jar
Downloading from central: https://repo.maven.apache.org/maven2/org/apache/maven/shared/maven-common-artifact-filters/3.1.0/maven-common-artifact-filters-3.1.0.jar
Progress (4): 1.4/2.7 MB | 1.0/1.5 MB | 240 kB | 4.1/61 kB
Progress (4): 1.4/2.7 MB | 1.0/1.5 MB | 240 kB | 8.2/61 kB
Progress (4): 1.4/2.7 MB | 1.0/1.5 MB | 240 kB | 12/61 kB 
Progress (4): 1.4/2.7 MB | 1.0/1.5 MB | 240 kB | 16/61 kB
Progress (5): 1.4/2.7 MB | 1.0/1.5 MB | 240 kB | 16/61 kB | 4.1/4.2 kB
Progress (5): 1.4/2.7 MB | 1.0/1.5 MB | 240 kB | 16/61 kB | 4.2 kB    
                                                                  
Downloaded from central: https://repo.maven.apache.org/maven2/org/springframework/boot/spring-boot-loader-tools/2.3.2.RELEASE/spring-boot-loader-tools-2.3.2.RELEASE.jar (240 kB at 380 kB/s)
Progress (4): 1.5/2.7 MB | 1.0/1.5 MB | 16/61 kB | 4.2 kB
Progress (4): 1.5/2.7 MB | 1.0/1.5 MB | 16/61 kB | 4.2 kB
Progress (4): 1.5/2.7 MB | 1.0/1.5 MB | 16/61 kB | 4.2 kB
Progress (4): 1.5/2.7 MB | 1.0/1.5 MB | 16/61 kB | 4.2 kB
Progress (4): 1.5/2.7 MB | 1.0/1.5 MB | 16/61 kB | 4.2 kB
Progress (4): 1.5/2.7 MB | 1.0/1.5 MB | 16/61 kB | 4.2 kB
Progress (4): 1.5/2.7 MB | 1.1/1.5 MB | 16/61 kB | 4.2 kB
Progress (4): 1.5/2.7 MB | 1.1/1.5 MB | 16/61 kB | 4.2 kB
Progress (4): 1.5/2.7 MB | 1.1/1.5 MB | 20/61 kB | 4.2 kB
Progress (4): 1.5/2.7 MB | 1.1/1.5 MB | 25/61 kB | 4.2 kB
Progress (4): 1.5/2.7 MB | 1.1/1.5 MB | 29/61 kB | 4.2 kB
Progress (4): 1.5/2.7 MB | 1.1/1.5 MB | 33/61 kB | 4.2 kB
Progress (4): 1.5/2.7 MB | 1.1/1.5 MB | 37/61 kB | 4.2 kB
Progress (4): 1.5/2.7 MB | 1.1/1.5 MB | 41/61 kB | 4.2 kB
Progress (4): 1.5/2.7 MB | 1.1/1.5 MB | 45/61 kB | 4.2 kB
Progress (4): 1.5/2.7 MB | 1.1/1.5 MB | 49/61 kB | 4.2 kB
Progress (4): 1.5/2.7 MB | 1.1/1.5 MB | 53/61 kB | 4.2 kB
Progress (4): 1.5/2.7 MB | 1.1/1.5 MB | 57/61 kB | 4.2 kB
Progress (4): 1.5/2.7 MB | 1.1/1.5 MB | 61 kB | 4.2 kB   
                                                      
Downloaded from central: https://repo.maven.apache.org/maven2/org/codehaus/plexus/plexus-component-annotations/1.5.5/plexus-component-annotations-1.5.5.jar (4.2 kB at 6.6 kB/s)
Downloading from central: https://repo.maven.apache.org/maven2/org/apache/maven/shared/maven-shared-utils/3.1.0/maven-shared-utils-3.1.0.jar
Progress (3): 1.5/2.7 MB | 1.1/1.5 MB | 61 kB
Progress (3): 1.5/2.7 MB | 1.1/1.5 MB | 61 kB
                                             
Downloading from central: https://repo.maven.apache.org/maven2/org/apache/maven/maven-plugin-api/3.6.3/maven-plugin-api-3.6.3.jar
Progress (3): 1.5/2.7 MB | 1.1/1.5 MB | 61 kB
Progress (3): 1.5/2.7 MB | 1.1/1.5 MB | 61 kB
Progress (4): 1.5/2.7 MB | 1.1/1.5 MB | 61 kB | 4.1/164 kB
Progress (4): 1.5/2.7 MB | 1.1/1.5 MB | 61 kB | 8.2/164 kB
Progress (4): 1.5/2.7 MB | 1.1/1.5 MB | 61 kB | 12/164 kB 
Progress (4): 1.5/2.7 MB | 1.1/1.5 MB | 61 kB | 16/164 kB
Progress (4): 1.5/2.7 MB | 1.1/1.5 MB | 61 kB | 20/164 kB
Progress (5): 1.5/2.7 MB | 1.1/1.5 MB | 61 kB | 20/164 kB | 4.1/47 kB
Progress (5): 1.5/2.7 MB | 1.1/1.5 MB | 61 kB | 20/164 kB | 8.2/47 kB
Progress (5): 1.5/2.7 MB | 1.1/1.5 MB | 61 kB | 20/164 kB | 12/47 kB 
Progress (5): 1.5/2.7 MB | 1.1/1.5 MB | 61 kB | 20/164 kB | 16/47 kB
Progress (5): 1.5/2.7 MB | 1.1/1.5 MB | 61 kB | 20/164 kB | 20/47 kB
Progress (5): 1.5/2.7 MB | 1.1/1.5 MB | 61 kB | 20/164 kB | 25/47 kB
Progress (5): 1.5/2.7 MB | 1.1/1.5 MB | 61 kB | 20/164 kB | 29/47 kB
Progress (5): 1.5/2.7 MB | 1.1/1.5 MB | 61 kB | 20/164 kB | 33/47 kB
Progress (5): 1.5/2.7 MB | 1.1/1.5 MB | 61 kB | 20/164 kB | 33/47 kB
Progress (5): 1.5/2.7 MB | 1.1/1.5 MB | 61 kB | 20/164 kB | 33/47 kB
                                                                    
Downloaded from central: https://repo.maven.apache.org/maven2/org/apache/maven/shared/maven-common-artifact-filters/3.1.0/maven-common-artifact-filters-3.1.0.jar (61 kB at 91 kB/s)
Progress (4): 1.5/2.7 MB | 1.1/1.5 MB | 20/164 kB | 33/47 kB
Progress (4): 1.5/2.7 MB | 1.1/1.5 MB | 20/164 kB | 33/47 kB
                                                            
Downloading from central: https://repo.maven.apache.org/maven2/org/eclipse/sisu/org.eclipse.sisu.plexus/0.3.4/org.eclipse.sisu.plexus-0.3.4.jar
Progress (4): 1.5/2.7 MB | 1.1/1.5 MB | 20/164 kB | 33/47 kB
Progress (4): 1.5/2.7 MB | 1.1/1.5 MB | 20/164 kB | 33/47 kB
Progress (4): 1.5/2.7 MB | 1.1/1.5 MB | 20/164 kB | 37/47 kB
Progress (4): 1.5/2.7 MB | 1.1/1.5 MB | 25/164 kB | 37/47 kB
Progress (4): 1.5/2.7 MB | 1.1/1.5 MB | 29/164 kB | 37/47 kB
Progress (4): 1.5/2.7 MB | 1.1/1.5 MB | 33/164 kB | 37/47 kB
Progress (4): 1.5/2.7 MB | 1.1/1.5 MB | 37/164 kB | 37/47 kB
Progress (4): 1.5/2.7 MB | 1.1/1.5 MB | 41/164 kB | 37/47 kB
Progress (4): 1.5/2.7 MB | 1.1/1.5 MB | 45/164 kB | 37/47 kB
Progress (4): 1.5/2.7 MB | 1.1/1.5 MB | 49/164 kB | 37/47 kB
Progress (4): 1.5/2.7 MB | 1.1/1.5 MB | 49/164 kB | 41/47 kB
Progress (4): 1.5/2.7 MB | 1.1/1.5 MB | 49/164 kB | 45/47 kB
Progress (4): 1.5/2.7 MB | 1.1/1.5 MB | 49/164 kB | 47 kB   
Progress (4): 1.5/2.7 MB | 1.1/1.5 MB | 53/164 kB | 47 kB
Progress (4): 1.5/2.7 MB | 1.1/1.5 MB | 57/164 kB | 47 kB
Progress (4): 1.5/2.7 MB | 1.1/1.5 MB | 61/164 kB | 47 kB
Progress (4): 1.5/2.7 MB | 1.1/1.5 MB | 66/164 kB | 47 kB
Progress (4): 1.5/2.7 MB | 1.1/1.5 MB | 70/164 kB | 47 kB
Progress (5): 1.5/2.7 MB | 1.1/1.5 MB | 70/164 kB | 47 kB | 4.1/205 kB
Progress (5): 1.6/2.7 MB | 1.1/1.5 MB | 70/164 kB | 47 kB | 4.1/205 kB
Progress (5): 1.6/2.7 MB | 1.1/1.5 MB | 70/164 kB | 47 kB | 4.1/205 kB
Progress (5): 1.6/2.7 MB | 1.1/1.5 MB | 70/164 kB | 47 kB | 4.1/205 kB
Progress (5): 1.6/2.7 MB | 1.1/1.5 MB | 70/164 kB | 47 kB | 8.2/205 kB
Progress (5): 1.6/2.7 MB | 1.1/1.5 MB | 70/164 kB | 47 kB | 12/205 kB 
Progress (5): 1.6/2.7 MB | 1.1/1.5 MB | 70/164 kB | 47 kB | 16/205 kB
Progress (5): 1.6/2.7 MB | 1.1/1.5 MB | 70/164 kB | 47 kB | 20/205 kB
Progress (5): 1.6/2.7 MB | 1.1/1.5 MB | 70/164 kB | 47 kB | 25/205 kB
Progress (5): 1.6/2.7 MB | 1.1/1.5 MB | 70/164 kB | 47 kB | 25/205 kB
Progress (5): 1.6/2.7 MB | 1.1/1.5 MB | 70/164 kB | 47 kB | 25/205 kB
                                                                     
Downloaded from central: https://repo.maven.apache.org/maven2/org/apache/maven/maven-plugin-api/3.6.3/maven-plugin-api-3.6.3.jar (47 kB at 67 kB/s)
Progress (4): 1.6/2.7 MB | 1.1/1.5 MB | 70/164 kB | 25/205 kB
Progress (4): 1.6/2.7 MB | 1.1/1.5 MB | 70/164 kB | 25/205 kB
Progress (4): 1.6/2.7 MB | 1.1/1.5 MB | 70/164 kB | 25/205 kB
Progress (4): 1.6/2.7 MB | 1.1/1.5 MB | 70/164 kB | 25/205 kB
Progress (4): 1.6/2.7 MB | 1.1/1.5 MB | 70/164 kB | 25/205 kB
Progress (4): 1.6/2.7 MB | 1.2/1.5 MB | 70/164 kB | 25/205 kB
Progress (4): 1.6/2.7 MB | 1.2/1.5 MB | 70/164 kB | 25/205 kB
Progress (4): 1.6/2.7 MB | 1.2/1.5 MB | 70/164 kB | 25/205 kB
                                                             
Downloading from central: https://repo.maven.apache.org/maven2/javax/enterprise/cdi-api/1.0/cdi-api-1.0.jar
Progress (4): 1.6/2.7 MB | 1.2/1.5 MB | 70/164 kB | 29/205 kB
Progress (4): 1.6/2.7 MB | 1.2/1.5 MB | 70/164 kB | 33/205 kB
Progress (4): 1.6/2.7 MB | 1.2/1.5 MB | 70/164 kB | 37/205 kB
Progress (4): 1.6/2.7 MB | 1.2/1.5 MB | 74/164 kB | 37/205 kB
Progress (4): 1.6/2.7 MB | 1.2/1.5 MB | 78/164 kB | 37/205 kB
Progress (4): 1.6/2.7 MB | 1.2/1.5 MB | 82/164 kB | 37/205 kB
Progress (4): 1.6/2.7 MB | 1.2/1.5 MB | 86/164 kB | 37/205 kB
Progress (4): 1.6/2.7 MB | 1.2/1.5 MB | 90/164 kB | 37/205 kB
Progress (4): 1.6/2.7 MB | 1.2/1.5 MB | 94/164 kB | 37/205 kB
Progress (4): 1.6/2.7 MB | 1.2/1.5 MB | 98/164 kB | 37/205 kB
Progress (4): 1.6/2.7 MB | 1.2/1.5 MB | 102/164 kB | 37/205 kB
Progress (4): 1.6/2.7 MB | 1.2/1.5 MB | 106/164 kB | 37/205 kB
Progress (4): 1.6/2.7 MB | 1.2/1.5 MB | 111/164 kB | 37/205 kB
Progress (4): 1.6/2.7 MB | 1.2/1.5 MB | 115/164 kB | 37/205 kB
Progress (4): 1.6/2.7 MB | 1.2/1.5 MB | 119/164 kB | 37/205 kB
Progress (4): 1.6/2.7 MB | 1.2/1.5 MB | 123/164 kB | 37/205 kB
Progress (4): 1.6/2.7 MB | 1.2/1.5 MB | 127/164 kB | 37/205 kB
Progress (4): 1.6/2.7 MB | 1.2/1.5 MB | 131/164 kB | 37/205 kB
Progress (4): 1.6/2.7 MB | 1.2/1.5 MB | 131/164 kB | 41/205 kB
Progress (4): 1.6/2.7 MB | 1.2/1.5 MB | 131/164 kB | 45/205 kB
Progress (4): 1.6/2.7 MB | 1.2/1.5 MB | 131/164 kB | 49/205 kB
Progress (4): 1.6/2.7 MB | 1.2/1.5 MB | 131/164 kB | 53/205 kB
Progress (5): 1.6/2.7 MB | 1.2/1.5 MB | 131/164 kB | 53/205 kB | 4.1/45 kB
Progress (5): 1.6/2.7 MB | 1.2/1.5 MB | 131/164 kB | 53/205 kB | 8.2/45 kB
Progress (5): 1.6/2.7 MB | 1.2/1.5 MB | 131/164 kB | 53/205 kB | 12/45 kB 
Progress (5): 1.6/2.7 MB | 1.2/1.5 MB | 131/164 kB | 53/205 kB | 16/45 kB
Progress (5): 1.6/2.7 MB | 1.2/1.5 MB | 131/164 kB | 53/205 kB | 16/45 kB
Progress (5): 1.6/2.7 MB | 1.2/1.5 MB | 131/164 kB | 53/205 kB | 16/45 kB
Progress (5): 1.6/2.7 MB | 1.2/1.5 MB | 131/164 kB | 53/205 kB | 16/45 kB
Progress (5): 1.6/2.7 MB | 1.2/1.5 MB | 131/164 kB | 53/205 kB | 16/45 kB
Progress (5): 1.6/2.7 MB | 1.2/1.5 MB | 131/164 kB | 53/205 kB | 16/45 kB
Progress (5): 1.6/2.7 MB | 1.2/1.5 MB | 131/164 kB | 53/205 kB | 16/45 kB
Progress (5): 1.6/2.7 MB | 1.2/1.5 MB | 131/164 kB | 53/205 kB | 20/45 kB
Progress (5): 1.6/2.7 MB | 1.2/1.5 MB | 131/164 kB | 53/205 kB | 25/45 kB
Progress (5): 1.6/2.7 MB | 1.2/1.5 MB | 131/164 kB | 53/205 kB | 29/45 kB
Progress (5): 1.6/2.7 MB | 1.2/1.5 MB | 131/164 kB | 53/205 kB | 33/45 kB
Progress (5): 1.6/2.7 MB | 1.2/1.5 MB | 131/164 kB | 57/205 kB | 33/45 kB
Progress (5): 1.6/2.7 MB | 1.2/1.5 MB | 131/164 kB | 61/205 kB | 33/45 kB
Progress (5): 1.6/2.7 MB | 1.2/1.5 MB | 131/164 kB | 66/205 kB | 33/45 kB
Progress (5): 1.6/2.7 MB | 1.2/1.5 MB | 131/164 kB | 70/205 kB | 33/45 kB
Progress (5): 1.6/2.7 MB | 1.2/1.5 MB | 131/164 kB | 74/205 kB | 33/45 kB
Progress (5): 1.6/2.7 MB | 1.2/1.5 MB | 131/164 kB | 78/205 kB | 33/45 kB
Progress (5): 1.6/2.7 MB | 1.2/1.5 MB | 131/164 kB | 82/205 kB | 33/45 kB
Progress (5): 1.6/2.7 MB | 1.2/1.5 MB | 131/164 kB | 86/205 kB | 33/45 kB
Progress (5): 1.6/2.7 MB | 1.2/1.5 MB | 131/164 kB | 90/205 kB | 33/45 kB
Progress (5): 1.6/2.7 MB | 1.2/1.5 MB | 131/164 kB | 94/205 kB | 33/45 kB
Progress (5): 1.6/2.7 MB | 1.2/1.5 MB | 131/164 kB | 98/205 kB | 33/45 kB
Progress (5): 1.6/2.7 MB | 1.2/1.5 MB | 131/164 kB | 102/205 kB | 33/45 kB
Progress (5): 1.6/2.7 MB | 1.2/1.5 MB | 131/164 kB | 106/205 kB | 33/45 kB
Progress (5): 1.6/2.7 MB | 1.2/1.5 MB | 131/164 kB | 111/205 kB | 33/45 kB
Progress (5): 1.6/2.7 MB | 1.2/1.5 MB | 131/164 kB | 115/205 kB | 33/45 kB
Progress (5): 1.6/2.7 MB | 1.2/1.5 MB | 131/164 kB | 115/205 kB | 33/45 kB
Progress (5): 1.6/2.7 MB | 1.2/1.5 MB | 131/164 kB | 115/205 kB | 33/45 kB
Progress (5): 1.6/2.7 MB | 1.2/1.5 MB | 135/164 kB | 115/205 kB | 33/45 kB
Progress (5): 1.6/2.7 MB | 1.2/1.5 MB | 139/164 kB | 115/205 kB | 33/45 kB
Progress (5): 1.6/2.7 MB | 1.2/1.5 MB | 143/164 kB | 115/205 kB | 33/45 kB
Progress (5): 1.6/2.7 MB | 1.2/1.5 MB | 147/164 kB | 115/205 kB | 33/45 kB
Progress (5): 1.6/2.7 MB | 1.2/1.5 MB | 152/164 kB | 115/205 kB | 33/45 kB
Progress (5): 1.6/2.7 MB | 1.2/1.5 MB | 156/164 kB | 115/205 kB | 33/45 kB
Progress (5): 1.6/2.7 MB | 1.2/1.5 MB | 160/164 kB | 115/205 kB | 33/45 kB
Progress (5): 1.6/2.7 MB | 1.2/1.5 MB | 164 kB | 115/205 kB | 33/45 kB    
Progress (5): 1.7/2.7 MB | 1.2/1.5 MB | 164 kB | 115/205 kB | 33/45 kB
Progress (5): 1.7/2.7 MB | 1.2/1.5 MB | 164 kB | 115/205 kB | 33/45 kB
Progress (5): 1.7/2.7 MB | 1.2/1.5 MB | 164 kB | 115/205 kB | 33/45 kB
Progress (5): 1.7/2.7 MB | 1.2/1.5 MB | 164 kB | 115/205 kB | 33/45 kB
Progress (5): 1.7/2.7 MB | 1.2/1.5 MB | 164 kB | 115/205 kB | 37/45 kB
Progress (5): 1.7/2.7 MB | 1.2/1.5 MB | 164 kB | 115/205 kB | 41/45 kB
Progress (5): 1.7/2.7 MB | 1.2/1.5 MB | 164 kB | 115/205 kB | 45 kB   
Progress (5): 1.7/2.7 MB | 1.2/1.5 MB | 164 kB | 115/205 kB | 45 kB
Progress (5): 1.7/2.7 MB | 1.2/1.5 MB | 164 kB | 115/205 kB | 45 kB
Progress (5): 1.7/2.7 MB | 1.2/1.5 MB | 164 kB | 115/205 kB | 45 kB
Progress (5): 1.7/2.7 MB | 1.3/1.5 MB | 164 kB | 115/205 kB | 45 kB
Progress (5): 1.7/2.7 MB | 1.3/1.5 MB | 164 kB | 115/205 kB | 45 kB
Progress (5): 1.7/2.7 MB | 1.3/1.5 MB | 164 kB | 115/205 kB | 45 kB
Progress (5): 1.7/2.7 MB | 1.3/1.5 MB | 164 kB | 115/205 kB | 45 kB
Progress (5): 1.7/2.7 MB | 1.3/1.5 MB | 164 kB | 115/205 kB | 45 kB
Progress (5): 1.7/2.7 MB | 1.3/1.5 MB | 164 kB | 115/205 kB | 45 kB
                                                                   
Downloaded from central: https://repo.maven.apache.org/maven2/javax/enterprise/cdi-api/1.0/cdi-api-1.0.jar (45 kB at 60 kB/s)
Progress (4): 1.7/2.7 MB | 1.3/1.5 MB | 164 kB | 119/205 kB
Progress (4): 1.7/2.7 MB | 1.3/1.5 MB | 164 kB | 123/205 kB
Progress (4): 1.7/2.7 MB | 1.3/1.5 MB | 164 kB | 127/205 kB
Progress (4): 1.7/2.7 MB | 1.3/1.5 MB | 164 kB | 131/205 kB
Progress (4): 1.7/2.7 MB | 1.3/1.5 MB | 164 kB | 135/205 kB
                                                           
Downloading from central: https://repo.maven.apache.org/maven2/javax/annotation/jsr250-api/1.0/jsr250-api-1.0.jar
Downloaded from central: https://repo.maven.apache.org/maven2/org/apache/maven/shared/maven-shared-utils/3.1.0/maven-shared-utils-3.1.0.jar (164 kB at 217 kB/s)
Downloading from central: https://repo.maven.apache.org/maven2/javax/inject/javax.inject/1/javax.inject-1.jar
Progress (3): 1.7/2.7 MB | 1.3/1.5 MB | 135/205 kB
Progress (3): 1.7/2.7 MB | 1.3/1.5 MB | 135/205 kB
Progress (3): 1.7/2.7 MB | 1.3/1.5 MB | 135/205 kB
Progress (3): 1.8/2.7 MB | 1.3/1.5 MB | 135/205 kB
Progress (3): 1.8/2.7 MB | 1.3/1.5 MB | 135/205 kB
Progress (3): 1.8/2.7 MB | 1.3/1.5 MB | 135/205 kB
Progress (4): 1.8/2.7 MB | 1.3/1.5 MB | 135/205 kB | 2.5 kB
Progress (4): 1.8/2.7 MB | 1.3/1.5 MB | 139/205 kB | 2.5 kB
Progress (4): 1.8/2.7 MB | 1.3/1.5 MB | 143/205 kB | 2.5 kB
Progress (4): 1.8/2.7 MB | 1.3/1.5 MB | 147/205 kB | 2.5 kB
Progress (4): 1.8/2.7 MB | 1.3/1.5 MB | 152/205 kB | 2.5 kB
Progress (5): 1.8/2.7 MB | 1.3/1.5 MB | 152/205 kB | 2.5 kB | 4.1/5.8 kB
Progress (5): 1.8/2.7 MB | 1.3/1.5 MB | 152/205 kB | 2.5 kB | 5.8 kB    
                                                                    
Downloaded from central: https://repo.maven.apache.org/maven2/javax/inject/javax.inject/1/javax.inject-1.jar (2.5 kB at 3.2 kB/s)
Progress (4): 1.8/2.7 MB | 1.3/1.5 MB | 152/205 kB | 5.8 kB
Progress (4): 1.8/2.7 MB | 1.3/1.5 MB | 152/205 kB | 5.8 kB
                                                           
Downloaded from central: https://repo.maven.apache.org/maven2/javax/annotation/jsr250-api/1.0/jsr250-api-1.0.jar (5.8 kB at 7.6 kB/s)
Progress (3): 1.8/2.7 MB | 1.3/1.5 MB | 156/205 kB
Progress (3): 1.8/2.7 MB | 1.3/1.5 MB | 160/205 kB
Progress (3): 1.8/2.7 MB | 1.3/1.5 MB | 164/205 kB
Progress (3): 1.8/2.7 MB | 1.3/1.5 MB | 168/205 kB
Progress (3): 1.8/2.7 MB | 1.3/1.5 MB | 172/205 kB
Progress (3): 1.8/2.7 MB | 1.3/1.5 MB | 176/205 kB
Progress (3): 1.8/2.7 MB | 1.3/1.5 MB | 180/205 kB
Progress (3): 1.8/2.7 MB | 1.3/1.5 MB | 184/205 kB
Progress (3): 1.8/2.7 MB | 1.3/1.5 MB | 188/205 kB
Progress (3): 1.8/2.7 MB | 1.3/1.5 MB | 193/205 kB
Progress (3): 1.8/2.7 MB | 1.3/1.5 MB | 197/205 kB
Progress (3): 1.8/2.7 MB | 1.3/1.5 MB | 201/205 kB
Progress (3): 1.8/2.7 MB | 1.3/1.5 MB | 205/205 kB
Progress (3): 1.8/2.7 MB | 1.3/1.5 MB | 205 kB    
Progress (3): 1.8/2.7 MB | 1.3/1.5 MB | 205 kB
                                              
Downloading from central: https://repo.maven.apache.org/maven2/org/eclipse/sisu/org.eclipse.sisu.inject/0.3.4/org.eclipse.sisu.inject-0.3.4.jar
Downloading from central: https://repo.maven.apache.org/maven2/org/codehaus/plexus/plexus-utils/3.2.1/plexus-utils-3.2.1.jar
Progress (3): 1.8/2.7 MB | 1.3/1.5 MB | 205 kB
Progress (3): 1.8/2.7 MB | 1.3/1.5 MB | 205 kB
Progress (3): 1.8/2.7 MB | 1.3/1.5 MB | 205 kB
Progress (3): 1.8/2.7 MB | 1.4/1.5 MB | 205 kB
Progress (3): 1.8/2.7 MB | 1.4/1.5 MB | 205 kB
Progress (3): 1.8/2.7 MB | 1.4/1.5 MB | 205 kB
Progress (3): 1.8/2.7 MB | 1.4/1.5 MB | 205 kB
Progress (3): 1.9/2.7 MB | 1.4/1.5 MB | 205 kB
Progress (3): 1.9/2.7 MB | 1.4/1.5 MB | 205 kB
Progress (4): 1.9/2.7 MB | 1.4/1.5 MB | 205 kB | 4.1/379 kB
Progress (4): 1.9/2.7 MB | 1.4/1.5 MB | 205 kB | 8.2/379 kB
Progress (4): 1.9/2.7 MB | 1.4/1.5 MB | 205 kB | 12/379 kB 
Progress (4): 1.9/2.7 MB | 1.4/1.5 MB | 205 kB | 16/379 kB
Progress (5): 1.9/2.7 MB | 1.4/1.5 MB | 205 kB | 16/379 kB | 4.1/262 kB
Progress (5): 1.9/2.7 MB | 1.4/1.5 MB | 205 kB | 16/379 kB | 8.2/262 kB
Progress (5): 1.9/2.7 MB | 1.4/1.5 MB | 205 kB | 16/379 kB | 12/262 kB 
Progress (5): 1.9/2.7 MB | 1.4/1.5 MB | 205 kB | 16/379 kB | 16/262 kB
Progress (5): 1.9/2.7 MB | 1.4/1.5 MB | 205 kB | 16/379 kB | 16/262 kB
Progress (5): 1.9/2.7 MB | 1.4/1.5 MB | 205 kB | 16/379 kB | 16/262 kB
Progress (5): 1.9/2.7 MB | 1.4/1.5 MB | 205 kB | 16/379 kB | 16/262 kB
Progress (5): 1.9/2.7 MB | 1.4/1.5 MB | 205 kB | 16/379 kB | 16/262 kB
Progress (5): 1.9/2.7 MB | 1.4/1.5 MB | 205 kB | 16/379 kB | 16/262 kB
Progress (5): 1.9/2.7 MB | 1.4/1.5 MB | 205 kB | 16/379 kB | 16/262 kB
Progress (5): 1.9/2.7 MB | 1.4/1.5 MB | 205 kB | 16/379 kB | 16/262 kB
Progress (5): 1.9/2.7 MB | 1.4/1.5 MB | 205 kB | 16/379 kB | 16/262 kB
Progress (5): 1.9/2.7 MB | 1.4/1.5 MB | 205 kB | 16/379 kB | 16/262 kB
Progress (5): 1.9/2.7 MB | 1.4/1.5 MB | 205 kB | 16/379 kB | 16/262 kB
Progress (5): 1.9/2.7 MB | 1.4/1.5 MB | 205 kB | 16/379 kB | 20/262 kB
Progress (5): 1.9/2.7 MB | 1.4/1.5 MB | 205 kB | 16/379 kB | 25/262 kB
Progress (5): 1.9/2.7 MB | 1.4/1.5 MB | 205 kB | 16/379 kB | 29/262 kB
Progress (5): 1.9/2.7 MB | 1.4/1.5 MB | 205 kB | 16/379 kB | 33/262 kB
Progress (5): 1.9/2.7 MB | 1.4/1.5 MB | 205 kB | 16/379 kB | 37/262 kB
Progress (5): 1.9/2.7 MB | 1.4/1.5 MB | 205 kB | 16/379 kB | 41/262 kB
Progress (5): 1.9/2.7 MB | 1.4/1.5 MB | 205 kB | 16/379 kB | 45/262 kB
Progress (5): 1.9/2.7 MB | 1.4/1.5 MB | 205 kB | 16/379 kB | 49/262 kB
Progress (5): 1.9/2.7 MB | 1.4/1.5 MB | 205 kB | 16/379 kB | 53/262 kB
Progress (5): 1.9/2.7 MB | 1.4/1.5 MB | 205 kB | 16/379 kB | 57/262 kB
Progress (5): 1.9/2.7 MB | 1.4/1.5 MB | 205 kB | 16/379 kB | 61/262 kB
Progress (5): 1.9/2.7 MB | 1.4/1.5 MB | 205 kB | 16/379 kB | 66/262 kB
Progress (5): 1.9/2.7 MB | 1.4/1.5 MB | 205 kB | 16/379 kB | 70/262 kB
Progress (5): 1.9/2.7 MB | 1.4/1.5 MB | 205 kB | 16/379 kB | 74/262 kB
Progress (5): 1.9/2.7 MB | 1.4/1.5 MB | 205 kB | 16/379 kB | 78/262 kB
Progress (5): 1.9/2.7 MB | 1.4/1.5 MB | 205 kB | 16/379 kB | 82/262 kB
Progress (5): 1.9/2.7 MB | 1.4/1.5 MB | 205 kB | 20/379 kB | 82/262 kB
Progress (5): 1.9/2.7 MB | 1.4/1.5 MB | 205 kB | 25/379 kB | 82/262 kB
Progress (5): 1.9/2.7 MB | 1.4/1.5 MB | 205 kB | 29/379 kB | 82/262 kB
Progress (5): 1.9/2.7 MB | 1.4/1.5 MB | 205 kB | 33/379 kB | 82/262 kB
Progress (5): 1.9/2.7 MB | 1.4/1.5 MB | 205 kB | 37/379 kB | 82/262 kB
Progress (5): 1.9/2.7 MB | 1.4/1.5 MB | 205 kB | 41/379 kB | 82/262 kB
Progress (5): 1.9/2.7 MB | 1.4/1.5 MB | 205 kB | 45/379 kB | 82/262 kB
Progress (5): 1.9/2.7 MB | 1.4/1.5 MB | 205 kB | 49/379 kB | 82/262 kB
Progress (5): 1.9/2.7 MB | 1.4/1.5 MB | 205 kB | 53/379 kB | 82/262 kB
Progress (5): 1.9/2.7 MB | 1.4/1.5 MB | 205 kB | 57/379 kB | 82/262 kB
Progress (5): 1.9/2.7 MB | 1.4/1.5 MB | 205 kB | 61/379 kB | 82/262 kB
Progress (5): 1.9/2.7 MB | 1.4/1.5 MB | 205 kB | 66/379 kB | 82/262 kB
Progress (5): 1.9/2.7 MB | 1.4/1.5 MB | 205 kB | 70/379 kB | 82/262 kB
Progress (5): 1.9/2.7 MB | 1.4/1.5 MB | 205 kB | 74/379 kB | 82/262 kB
Progress (5): 1.9/2.7 MB | 1.4/1.5 MB | 205 kB | 78/379 kB | 82/262 kB
Progress (5): 1.9/2.7 MB | 1.4/1.5 MB | 205 kB | 82/379 kB | 82/262 kB
                                                                      
Downloaded from central: https://repo.maven.apache.org/maven2/org/eclipse/sisu/org.eclipse.sisu.plexus/0.3.4/org.eclipse.sisu.plexus-0.3.4.jar (205 kB at 250 kB/s)
Downloading from central: https://repo.maven.apache.org/maven2/org/codehaus/plexus/plexus-classworlds/2.6.0/plexus-classworlds-2.6.0.jar
Progress (4): 1.9/2.7 MB | 1.4/1.5 MB | 82/379 kB | 82/262 kB
Progress (4): 1.9/2.7 MB | 1.4/1.5 MB | 82/379 kB | 82/262 kB
Progress (4): 1.9/2.7 MB | 1.4/1.5 MB | 82/379 kB | 82/262 kB
Progress (4): 1.9/2.7 MB | 1.5/1.5 MB | 82/379 kB | 82/262 kB
Progress (4): 1.9/2.7 MB | 1.5/1.5 MB | 82/379 kB | 82/262 kB
Progress (4): 1.9/2.7 MB | 1.5/1.5 MB | 82/379 kB | 82/262 kB
Progress (4): 1.9/2.7 MB | 1.5/1.5 MB | 82/379 kB | 82/262 kB
Progress (4): 1.9/2.7 MB | 1.5/1.5 MB | 82/379 kB | 82/262 kB
Progress (4): 1.9/2.7 MB | 1.5/1.5 MB | 82/379 kB | 82/262 kB
Progress (4): 1.9/2.7 MB | 1.5/1.5 MB | 82/379 kB | 82/262 kB
Progress (4): 1.9/2.7 MB | 1.5 MB | 82/379 kB | 82/262 kB    
Progress (4): 1.9/2.7 MB | 1.5 MB | 82/379 kB | 82/262 kB
Progress (4): 1.9/2.7 MB | 1.5 MB | 82/379 kB | 82/262 kB
Progress (4): 2.0/2.7 MB | 1.5 MB | 82/379 kB | 82/262 kB
Progress (5): 2.0/2.7 MB | 1.5 MB | 82/379 kB | 82/262 kB | 4.1/53 kB
Progress (5): 2.0/2.7 MB | 1.5 MB | 82/379 kB | 82/262 kB | 8.2/53 kB
Progress (5): 2.0/2.7 MB | 1.5 MB | 82/379 kB | 82/262 kB | 12/53 kB 
Progress (5): 2.0/2.7 MB | 1.5 MB | 82/379 kB | 82/262 kB | 16/53 kB
Progress (5): 2.0/2.7 MB | 1.5 MB | 82/379 kB | 82/262 kB | 20/53 kB
Progress (5): 2.0/2.7 MB | 1.5 MB | 82/379 kB | 82/262 kB | 25/53 kB
Progress (5): 2.0/2.7 MB | 1.5 MB | 82/379 kB | 82/262 kB | 29/53 kB
Progress (5): 2.0/2.7 MB | 1.5 MB | 82/379 kB | 82/262 kB | 33/53 kB
Progress (5): 2.0/2.7 MB | 1.5 MB | 82/379 kB | 82/262 kB | 37/53 kB
Progress (5): 2.0/2.7 MB | 1.5 MB | 82/379 kB | 82/262 kB | 41/53 kB
Progress (5): 2.0/2.7 MB | 1.5 MB | 82/379 kB | 82/262 kB | 45/53 kB
Progress (5): 2.0/2.7 MB | 1.5 MB | 82/379 kB | 82/262 kB | 49/53 kB
Progress (5): 2.0/2.7 MB | 1.5 MB | 86/379 kB | 82/262 kB | 49/53 kB
Progress (5): 2.0/2.7 MB | 1.5 MB | 90/379 kB | 82/262 kB | 49/53 kB
Progress (5): 2.0/2.7 MB | 1.5 MB | 94/379 kB | 82/262 kB | 49/53 kB
Progress (5): 2.0/2.7 MB | 1.5 MB | 98/379 kB | 82/262 kB | 49/53 kB
Progress (5): 2.0/2.7 MB | 1.5 MB | 98/379 kB | 86/262 kB | 49/53 kB
Progress (5): 2.0/2.7 MB | 1.5 MB | 98/379 kB | 90/262 kB | 49/53 kB
Progress (5): 2.0/2.7 MB | 1.5 MB | 98/379 kB | 94/262 kB | 49/53 kB
Progress (5): 2.0/2.7 MB | 1.5 MB | 98/379 kB | 98/262 kB | 49/53 kB
Progress (5): 2.0/2.7 MB | 1.5 MB | 98/379 kB | 102/262 kB | 49/53 kB
Progress (5): 2.0/2.7 MB | 1.5 MB | 98/379 kB | 106/262 kB | 49/53 kB
Progress (5): 2.0/2.7 MB | 1.5 MB | 98/379 kB | 111/262 kB | 49/53 kB
Progress (5): 2.0/2.7 MB | 1.5 MB | 98/379 kB | 115/262 kB | 49/53 kB
Progress (5): 2.0/2.7 MB | 1.5 MB | 98/379 kB | 119/262 kB | 49/53 kB
Progress (5): 2.0/2.7 MB | 1.5 MB | 98/379 kB | 123/262 kB | 49/53 kB
Progress (5): 2.0/2.7 MB | 1.5 MB | 98/379 kB | 127/262 kB | 49/53 kB
Progress (5): 2.0/2.7 MB | 1.5 MB | 98/379 kB | 131/262 kB | 49/53 kB
Progress (5): 2.0/2.7 MB | 1.5 MB | 98/379 kB | 135/262 kB | 49/53 kB
Progress (5): 2.0/2.7 MB | 1.5 MB | 98/379 kB | 139/262 kB | 49/53 kB
Progress (5): 2.0/2.7 MB | 1.5 MB | 98/379 kB | 143/262 kB | 49/53 kB
Progress (5): 2.0/2.7 MB | 1.5 MB | 98/379 kB | 147/262 kB | 49/53 kB
Progress (5): 2.0/2.7 MB | 1.5 MB | 98/379 kB | 147/262 kB | 49/53 kB
Progress (5): 2.0/2.7 MB | 1.5 MB | 98/379 kB | 147/262 kB | 49/53 kB
Progress (5): 2.0/2.7 MB | 1.5 MB | 98/379 kB | 147/262 kB | 49/53 kB
Progress (5): 2.0/2.7 MB | 1.5 MB | 98/379 kB | 147/262 kB | 49/53 kB
Progress (5): 2.0/2.7 MB | 1.5 MB | 102/379 kB | 147/262 kB | 49/53 kB
Progress (5): 2.0/2.7 MB | 1.5 MB | 106/379 kB | 147/262 kB | 49/53 kB
Progress (5): 2.0/2.7 MB | 1.5 MB | 111/379 kB | 147/262 kB | 49/53 kB
Progress (5): 2.0/2.7 MB | 1.5 MB | 115/379 kB | 147/262 kB | 49/53 kB
                                                                      
Downloaded from central: https://repo.maven.apache.org/maven2/net/java/dev/jna/jna/5.5.0/jna-5.5.0.jar (1.5 MB at 1.7 MB/s)
Progress (4): 2.0/2.7 MB | 115/379 kB | 147/262 kB | 53 kB
Progress (4): 2.0/2.7 MB | 119/379 kB | 147/262 kB | 53 kB
Progress (4): 2.0/2.7 MB | 123/379 kB | 147/262 kB | 53 kB
Progress (4): 2.0/2.7 MB | 127/379 kB | 147/262 kB | 53 kB
Progress (4): 2.0/2.7 MB | 131/379 kB | 147/262 kB | 53 kB
Progress (4): 2.0/2.7 MB | 135/379 kB | 147/262 kB | 53 kB
                                                          
Downloaded from central: https://repo.maven.apache.org/maven2/org/codehaus/plexus/plexus-classworlds/2.6.0/plexus-classworlds-2.6.0.jar (53 kB at 60 kB/s)
Progress (3): 2.0/2.7 MB | 135/379 kB | 147/262 kB
Progress (3): 2.1/2.7 MB | 135/379 kB | 147/262 kB
Progress (3): 2.1/2.7 MB | 135/379 kB | 147/262 kB
Progress (3): 2.1/2.7 MB | 135/379 kB | 147/262 kB
Progress (3): 2.1/2.7 MB | 135/379 kB | 152/262 kB
Progress (3): 2.1/2.7 MB | 135/379 kB | 156/262 kB
Progress (3): 2.1/2.7 MB | 135/379 kB | 160/262 kB
Progress (3): 2.1/2.7 MB | 135/379 kB | 164/262 kB
Progress (3): 2.1/2.7 MB | 135/379 kB | 168/262 kB
Progress (3): 2.1/2.7 MB | 135/379 kB | 172/262 kB
Progress (3): 2.1/2.7 MB | 135/379 kB | 176/262 kB
Progress (3): 2.1/2.7 MB | 139/379 kB | 176/262 kB
Progress (3): 2.1/2.7 MB | 143/379 kB | 176/262 kB
Progress (3): 2.1/2.7 MB | 147/379 kB | 176/262 kB
Progress (3): 2.1/2.7 MB | 152/379 kB | 176/262 kB
Progress (3): 2.1/2.7 MB | 156/379 kB | 176/262 kB
Progress (3): 2.1/2.7 MB | 160/379 kB | 176/262 kB
Progress (3): 2.1/2.7 MB | 164/379 kB | 176/262 kB
Progress (3): 2.1/2.7 MB | 168/379 kB | 176/262 kB
Progress (3): 2.1/2.7 MB | 168/379 kB | 180/262 kB
Progress (3): 2.1/2.7 MB | 168/379 kB | 184/262 kB
Progress (3): 2.1/2.7 MB | 168/379 kB | 188/262 kB
Progress (3): 2.1/2.7 MB | 168/379 kB | 193/262 kB
Progress (3): 2.1/2.7 MB | 168/379 kB | 197/262 kB
Progress (3): 2.1/2.7 MB | 168/379 kB | 201/262 kB
Progress (3): 2.1/2.7 MB | 168/379 kB | 205/262 kB
Progress (3): 2.1/2.7 MB | 168/379 kB | 209/262 kB
Progress (3): 2.1/2.7 MB | 168/379 kB | 213/262 kB
Progress (3): 2.1/2.7 MB | 168/379 kB | 213/262 kB
Progress (3): 2.1/2.7 MB | 168/379 kB | 213/262 kB
Progress (3): 2.1/2.7 MB | 168/379 kB | 213/262 kB
Progress (3): 2.1/2.7 MB | 172/379 kB | 213/262 kB
Progress (3): 2.1/2.7 MB | 176/379 kB | 213/262 kB
Progress (3): 2.1/2.7 MB | 180/379 kB | 213/262 kB
Progress (3): 2.1/2.7 MB | 184/379 kB | 213/262 kB
Progress (3): 2.1/2.7 MB | 188/379 kB | 213/262 kB
Progress (3): 2.1/2.7 MB | 193/379 kB | 213/262 kB
Progress (3): 2.1/2.7 MB | 197/379 kB | 213/262 kB
Progress (3): 2.1/2.7 MB | 201/379 kB | 213/262 kB
Progress (3): 2.1/2.7 MB | 205/379 kB | 213/262 kB
Progress (3): 2.1/2.7 MB | 209/379 kB | 213/262 kB
Progress (3): 2.1/2.7 MB | 213/379 kB | 213/262 kB
Progress (3): 2.1/2.7 MB | 217/379 kB | 213/262 kB
Progress (3): 2.1/2.7 MB | 217/379 kB | 217/262 kB
Progress (3): 2.1/2.7 MB | 217/379 kB | 221/262 kB
Progress (3): 2.1/2.7 MB | 217/379 kB | 225/262 kB
Progress (3): 2.1/2.7 MB | 217/379 kB | 229/262 kB
Progress (3): 2.1/2.7 MB | 217/379 kB | 233/262 kB
Progress (3): 2.1/2.7 MB | 217/379 kB | 238/262 kB
Progress (3): 2.1/2.7 MB | 217/379 kB | 242/262 kB
Progress (3): 2.1/2.7 MB | 217/379 kB | 246/262 kB
Progress (3): 2.1/2.7 MB | 217/379 kB | 250/262 kB
Progress (3): 2.2/2.7 MB | 217/379 kB | 250/262 kB
Progress (3): 2.2/2.7 MB | 217/379 kB | 250/262 kB
Progress (3): 2.2/2.7 MB | 221/379 kB | 250/262 kB
Progress (3): 2.2/2.7 MB | 225/379 kB | 250/262 kB
Progress (3): 2.2/2.7 MB | 229/379 kB | 250/262 kB
Progress (3): 2.2/2.7 MB | 233/379 kB | 250/262 kB
Progress (3): 2.2/2.7 MB | 238/379 kB | 250/262 kB
Progress (3): 2.2/2.7 MB | 242/379 kB | 250/262 kB
Progress (3): 2.2/2.7 MB | 242/379 kB | 250/262 kB
Progress (3): 2.2/2.7 MB | 242/379 kB | 250/262 kB
Progress (3): 2.2/2.7 MB | 242/379 kB | 250/262 kB
Progress (3): 2.2/2.7 MB | 242/379 kB | 254/262 kB
Progress (3): 2.2/2.7 MB | 242/379 kB | 258/262 kB
Progress (3): 2.2/2.7 MB | 242/379 kB | 262 kB    
Progress (3): 2.2/2.7 MB | 246/379 kB | 262 kB
Progress (3): 2.2/2.7 MB | 250/379 kB | 262 kB
Progress (3): 2.2/2.7 MB | 254/379 kB | 262 kB
Progress (3): 2.2/2.7 MB | 258/379 kB | 262 kB
Progress (3): 2.2/2.7 MB | 262/379 kB | 262 kB
Progress (3): 2.2/2.7 MB | 266/379 kB | 262 kB
Progress (3): 2.2/2.7 MB | 270/379 kB | 262 kB
Progress (3): 2.2/2.7 MB | 274/379 kB | 262 kB
Progress (3): 2.2/2.7 MB | 274/379 kB | 262 kB
Progress (3): 2.3/2.7 MB | 274/379 kB | 262 kB
Progress (3): 2.3/2.7 MB | 274/379 kB | 262 kB
                                              
Downloaded from central: https://repo.maven.apache.org/maven2/org/codehaus/plexus/plexus-utils/3.2.1/plexus-utils-3.2.1.jar (262 kB at 282 kB/s)
Progress (2): 2.3/2.7 MB | 279/379 kB
Progress (2): 2.3/2.7 MB | 283/379 kB
Progress (2): 2.3/2.7 MB | 287/379 kB
Progress (2): 2.3/2.7 MB | 291/379 kB
Progress (2): 2.3/2.7 MB | 295/379 kB
Progress (2): 2.3/2.7 MB | 299/379 kB
Progress (2): 2.3/2.7 MB | 303/379 kB
Progress (2): 2.3/2.7 MB | 303/379 kB
Progress (2): 2.3/2.7 MB | 303/379 kB
Progress (2): 2.3/2.7 MB | 303/379 kB
Progress (2): 2.3/2.7 MB | 307/379 kB
Progress (2): 2.3/2.7 MB | 311/379 kB
Progress (2): 2.3/2.7 MB | 315/379 kB
Progress (2): 2.3/2.7 MB | 319/379 kB
Progress (2): 2.3/2.7 MB | 324/379 kB
Progress (2): 2.3/2.7 MB | 328/379 kB
Progress (2): 2.3/2.7 MB | 332/379 kB
Progress (2): 2.3/2.7 MB | 332/379 kB
Progress (2): 2.3/2.7 MB | 332/379 kB
Progress (2): 2.4/2.7 MB | 332/379 kB
Progress (2): 2.4/2.7 MB | 332/379 kB
Progress (2): 2.4/2.7 MB | 336/379 kB
Progress (2): 2.4/2.7 MB | 340/379 kB
Progress (2): 2.4/2.7 MB | 344/379 kB
Progress (2): 2.4/2.7 MB | 348/379 kB
Progress (2): 2.4/2.7 MB | 352/379 kB
Progress (2): 2.4/2.7 MB | 356/379 kB
Progress (2): 2.4/2.7 MB | 360/379 kB
Progress (2): 2.4/2.7 MB | 365/379 kB
Progress (2): 2.4/2.7 MB | 369/379 kB
Progress (2): 2.4/2.7 MB | 373/379 kB
Progress (2): 2.4/2.7 MB | 377/379 kB
Progress (2): 2.4/2.7 MB | 379 kB    
Progress (2): 2.4/2.7 MB | 379 kB
Progress (2): 2.4/2.7 MB | 379 kB
Progress (2): 2.4/2.7 MB | 379 kB
Progress (2): 2.4/2.7 MB | 379 kB
Progress (2): 2.5/2.7 MB | 379 kB
Progress (2): 2.5/2.7 MB | 379 kB
                                 
Downloaded from central: https://repo.maven.apache.org/maven2/org/eclipse/sisu/org.eclipse.sisu.inject/0.3.4/org.eclipse.sisu.inject-0.3.4.jar (379 kB at 393 kB/s)
Progress (1): 2.5/2.7 MB
Progress (1): 2.5/2.7 MB
Progress (1): 2.5/2.7 MB
Progress (1): 2.5/2.7 MB
Progress (1): 2.6/2.7 MB
Progress (1): 2.6/2.7 MB
Progress (1): 2.6/2.7 MB
Progress (1): 2.6/2.7 MB
Progress (1): 2.6/2.7 MB
Progress (1): 2.6/2.7 MB
Progress (1): 2.7/2.7 MB
Progress (1): 2.7/2.7 MB
Progress (1): 2.7 MB    
                    
Downloaded from central: https://repo.maven.apache.org/maven2/net/java/dev/jna/jna-platform/5.5.0/jna-platform-5.5.0.jar (2.7 MB at 2.7 MB/s)
[INFO] Replacing main artifact with repackaged archive
[INFO] ------------------------------------------------------------------------
[INFO] BUILD SUCCESS
[INFO] ------------------------------------------------------------------------
[INFO] Total time:  24.894 s
[INFO] Finished at: 2021-05-26T03:05:34Z
[INFO] ------------------------------------------------------------------------
Finished: SUCCESS
